[36m[2023-07-19 15:48:40 DEBUG] [cli:114][39m ###############################################################################
[36m[2023-07-19 15:48:40 DEBUG] [cli:115][39m Running command 'run'
[36m[2023-07-19 15:48:40 DEBUG] [cli:119][39m Using settings file '/home/ubuntu/.chaostoolkit/settings.yaml'
[36m[2023-07-19 15:48:41 DEBUG] [settings:30][39m The Chaos Toolkit settings file could not be found at '/home/ubuntu/.chaostoolkit/settings.yaml'.
[36m[2023-07-19 15:48:41 DEBUG] [__init__:450][39m No controls to apply on 'loader'
[36m[2023-07-19 15:48:41 DEBUG] [__init__:450][39m No controls to apply on 'loader'
[36m[2023-07-19 15:48:41 DEBUG] [caching:24][39m Building activity cache...
[36m[2023-07-19 15:48:41 DEBUG] [caching:35][39m Cached 2 activities
[32m[2023-07-19 15:48:41 INFO] [experiment:58][39m Validating the experiment's syntax
[36m[2023-07-19 15:48:41 DEBUG] [configuration:63][39m Loading configuration...
[36m[2023-07-19 15:48:41 DEBUG] [secret:78][39m Loading secrets...
[36m[2023-07-19 15:48:41 DEBUG] [secret:103][39m Done loading secrets
[32m[2023-07-19 15:48:41 INFO] [experiment:109][39m Experiment looks valid
[36m[2023-07-19 15:48:41 DEBUG] [caching:42][39m Clearing activities cache
[36m[2023-07-19 15:48:41 DEBUG] [cli:314][39m Runtime strategies: hypothesis - default / rollbacks - default
[36m[2023-07-19 15:48:41 DEBUG] [caching:24][39m Building activity cache...
[36m[2023-07-19 15:48:41 DEBUG] [caching:35][39m Cached 2 activities
[36m[2023-07-19 15:48:41 DEBUG] [configuration:63][39m Loading configuration...
[36m[2023-07-19 15:48:41 DEBUG] [secret:78][39m Loading secrets...
[36m[2023-07-19 15:48:41 DEBUG] [secret:103][39m Done loading secrets
[36m[2023-07-19 15:48:41 DEBUG] [configuration:160][39m Loading dynamic configuration...
[32m[2023-07-19 15:48:41 INFO] [run:369][39m Running experiment: Does our service tolerate the loss of its exchange file?
[36m[2023-07-19 15:48:41 DEBUG] [__init__:64][39m Initializing controls
[32m[2023-07-19 15:48:41 INFO] [run:396][39m Steady-state strategy: default
[32m[2023-07-19 15:48:41 INFO] [run:400][39m Rollbacks strategy: default
[36m[2023-07-19 15:48:41 DEBUG] [__init__:450][39m No controls to apply on 'experiment'
[36m[2023-07-19 15:48:41 DEBUG] [run:563][39m Running steady-state hypothesis before the method
[32m[2023-07-19 15:48:41 INFO] [hypothesis:186][39m Steady state hypothesis: The exchange file must exist
[36m[2023-07-19 15:48:41 DEBUG] [__init__:450][39m No controls to apply on 'hypothesis'
[36m[2023-07-19 15:48:41 DEBUG] [__init__:450][39m No controls to apply on 'activity'
[32m[2023-07-19 15:48:41 INFO] [activity:215][39m Probe: service-is-unavailable
[36m[2023-07-19 15:48:41 DEBUG] [activity:237][39m   => succeeded with '{'status': 200, 'headers': {'Date': 'Wed, 19 Jul 2023 15:48:41 GMT', 'Server': 'WSGIServer/0.2 CPython/3.10.6', 'Content-type': 'text/plain', 'Content-Length': '26'}, 'body': '2023-07-19T15:48:33.364260'}'
[36m[2023-07-19 15:48:41 DEBUG] [__init__:450][39m No controls to apply on 'activity'
[36m[2023-07-19 15:48:41 DEBUG] [hypothesis:226][39m allowed tolerance is [200]
[32m[2023-07-19 15:48:41 INFO] [hypothesis:236][39m Steady state hypothesis is met!
[36m[2023-07-19 15:48:41 DEBUG] [__init__:450][39m No controls to apply on 'hypothesis'
[32m[2023-07-19 15:48:41 INFO] [run:684][39m Playing your experiment's method now...
[36m[2023-07-19 15:48:41 DEBUG] [__init__:450][39m No controls to apply on 'method'
[36m[2023-07-19 15:48:41 DEBUG] [__init__:450][39m No controls to apply on 'activity'
[32m[2023-07-19 15:48:41 INFO] [activity:215][39m Action: move-exchange-file
[36m[2023-07-19 15:48:41 DEBUG] [activity:239][39m   => succeeded without any result value
[36m[2023-07-19 15:48:41 DEBUG] [__init__:450][39m No controls to apply on 'activity'
[36m[2023-07-19 15:48:41 DEBUG] [__init__:450][39m No controls to apply on 'method'
[36m[2023-07-19 15:48:41 DEBUG] [run:603][39m Running steady-state hypothesis after the method
[32m[2023-07-19 15:48:41 INFO] [hypothesis:186][39m Steady state hypothesis: The exchange file must exist
[36m[2023-07-19 15:48:41 DEBUG] [__init__:450][39m No controls to apply on 'hypothesis'
[36m[2023-07-19 15:48:41 DEBUG] [__init__:450][39m No controls to apply on 'activity'
[32m[2023-07-19 15:48:41 INFO] [activity:215][39m Probe: service-is-unavailable
[36m[2023-07-19 15:48:41 DEBUG] [activity:237][39m   => succeeded with '{'status': 500, 'headers': {'Date': 'Wed, 19 Jul 2023 15:48:41 GMT', 'Server': 'WSGIServer/0.2 CPython/3.10.6', 'Content-Type': 'text/plain', 'Content-Length': '59'}, 'body': 'A server error occurred.  Please contact the administrator.'}'
[36m[2023-07-19 15:48:41 DEBUG] [__init__:450][39m No controls to apply on 'activity'
[36m[2023-07-19 15:48:41 DEBUG] [hypothesis:226][39m allowed tolerance is [200]
[36m[2023-07-19 15:48:41 DEBUG] [__init__:450][39m No controls to apply on 'hypothesis'
[31m[2023-07-19 15:48:41 CRITICAL] [run:622][39m Steady state probe 'service-is-unavailable' is not in the given tolerance so failing this experiment
[32m[2023-07-19 15:48:41 INFO] [run:964][39m Let's rollback...
[36m[2023-07-19 15:48:41 DEBUG] [__init__:450][39m No controls to apply on 'rollback'
[32m[2023-07-19 15:48:41 INFO] [rollback:31][39m No declared rollbacks, let's move on.
[36m[2023-07-19 15:48:41 DEBUG] [__init__:450][39m No controls to apply on 'rollback'
[32m[2023-07-19 15:48:41 INFO] [run:515][39m Experiment ended with status: deviated
[32m[2023-07-19 15:48:41 INFO] [run:517][39m The steady-state has deviated, a weakness may have been discovered
[36m[2023-07-19 15:48:41 DEBUG] [__init__:450][39m No controls to apply on 'experiment'
[36m[2023-07-19 15:48:41 DEBUG] [__init__:103][39m Cleaning up controls
[36m[2023-07-19 15:48:41 DEBUG] [caching:42][39m Clearing activities cache
[36m[2023-07-19 16:10:47 DEBUG] [cli:114][39m ###############################################################################
[36m[2023-07-19 16:10:47 DEBUG] [cli:115][39m Running command 'run'
[36m[2023-07-19 16:10:47 DEBUG] [cli:119][39m Using settings file '/home/ubuntu/.chaostoolkit/settings.yaml'
[36m[2023-07-19 16:10:47 DEBUG] [settings:30][39m The Chaos Toolkit settings file could not be found at '/home/ubuntu/.chaostoolkit/settings.yaml'.
[36m[2023-07-19 16:10:47 DEBUG] [__init__:450][39m No controls to apply on 'loader'
[36m[2023-07-19 16:10:47 DEBUG] [__init__:450][39m No controls to apply on 'loader'
[36m[2023-07-19 16:10:47 DEBUG] [caching:24][39m Building activity cache...
[36m[2023-07-19 16:10:47 DEBUG] [caching:35][39m Cached 2 activities
[32m[2023-07-19 16:10:47 INFO] [experiment:58][39m Validating the experiment's syntax
[36m[2023-07-19 16:10:47 DEBUG] [configuration:63][39m Loading configuration...
[36m[2023-07-19 16:10:47 DEBUG] [secret:78][39m Loading secrets...
[36m[2023-07-19 16:10:47 DEBUG] [secret:103][39m Done loading secrets
[32m[2023-07-19 16:10:47 INFO] [experiment:109][39m Experiment looks valid
[36m[2023-07-19 16:10:47 DEBUG] [caching:42][39m Clearing activities cache
[36m[2023-07-19 16:10:47 DEBUG] [cli:314][39m Runtime strategies: hypothesis - default / rollbacks - default
[36m[2023-07-19 16:10:47 DEBUG] [caching:24][39m Building activity cache...
[36m[2023-07-19 16:10:47 DEBUG] [caching:35][39m Cached 2 activities
[36m[2023-07-19 16:10:47 DEBUG] [configuration:63][39m Loading configuration...
[36m[2023-07-19 16:10:47 DEBUG] [secret:78][39m Loading secrets...
[36m[2023-07-19 16:10:47 DEBUG] [secret:103][39m Done loading secrets
[36m[2023-07-19 16:10:47 DEBUG] [configuration:160][39m Loading dynamic configuration...
[32m[2023-07-19 16:10:47 INFO] [run:369][39m Running experiment: Does our service tolerate the loss of its exchange file?
[36m[2023-07-19 16:10:47 DEBUG] [__init__:64][39m Initializing controls
[32m[2023-07-19 16:10:47 INFO] [run:396][39m Steady-state strategy: default
[32m[2023-07-19 16:10:47 INFO] [run:400][39m Rollbacks strategy: default
[36m[2023-07-19 16:10:47 DEBUG] [__init__:450][39m No controls to apply on 'experiment'
[36m[2023-07-19 16:10:47 DEBUG] [run:563][39m Running steady-state hypothesis before the method
[32m[2023-07-19 16:10:47 INFO] [hypothesis:186][39m Steady state hypothesis: The exchange file must exist
[36m[2023-07-19 16:10:47 DEBUG] [__init__:450][39m No controls to apply on 'hypothesis'
[36m[2023-07-19 16:10:47 DEBUG] [__init__:450][39m No controls to apply on 'activity'
[32m[2023-07-19 16:10:47 INFO] [activity:215][39m Probe: service-is-unavailable
[36m[2023-07-19 16:10:47 DEBUG] [activity:237][39m   => succeeded with '{'status': 200, 'headers': {'Date': 'Wed, 19 Jul 2023 16:10:47 GMT', 'Server': 'WSGIServer/0.2 CPython/3.10.6', 'Content-type': 'text/plain', 'Content-Length': '26'}, 'body': '2023-07-19T16:10:39.643233'}'
[36m[2023-07-19 16:10:47 DEBUG] [__init__:450][39m No controls to apply on 'activity'
[36m[2023-07-19 16:10:47 DEBUG] [hypothesis:226][39m allowed tolerance is [200, 503]
[32m[2023-07-19 16:10:47 INFO] [hypothesis:236][39m Steady state hypothesis is met!
[36m[2023-07-19 16:10:47 DEBUG] [__init__:450][39m No controls to apply on 'hypothesis'
[32m[2023-07-19 16:10:47 INFO] [run:684][39m Playing your experiment's method now...
[36m[2023-07-19 16:10:47 DEBUG] [__init__:450][39m No controls to apply on 'method'
[36m[2023-07-19 16:10:47 DEBUG] [__init__:450][39m No controls to apply on 'activity'
[32m[2023-07-19 16:10:47 INFO] [activity:215][39m Action: move-exchange-file
[36m[2023-07-19 16:10:47 DEBUG] [activity:239][39m   => succeeded without any result value
[36m[2023-07-19 16:10:47 DEBUG] [__init__:450][39m No controls to apply on 'activity'
[36m[2023-07-19 16:10:47 DEBUG] [__init__:450][39m No controls to apply on 'method'
[36m[2023-07-19 16:10:47 DEBUG] [run:603][39m Running steady-state hypothesis after the method
[32m[2023-07-19 16:10:47 INFO] [hypothesis:186][39m Steady state hypothesis: The exchange file must exist
[36m[2023-07-19 16:10:47 DEBUG] [__init__:450][39m No controls to apply on 'hypothesis'
[36m[2023-07-19 16:10:47 DEBUG] [__init__:450][39m No controls to apply on 'activity'
[32m[2023-07-19 16:10:47 INFO] [activity:215][39m Probe: service-is-unavailable
[36m[2023-07-19 16:10:48 DEBUG] [activity:237][39m   => succeeded with '{'status': 503, 'headers': {'Date': 'Wed, 19 Jul 2023 16:10:48 GMT', 'Server': 'WSGIServer/0.2 CPython/3.10.6', 'Content-type': 'text/plain', 'Content-Length': '26'}, 'body': 'Exchange file is not ready'}'
[36m[2023-07-19 16:10:48 DEBUG] [__init__:450][39m No controls to apply on 'activity'
[36m[2023-07-19 16:10:48 DEBUG] [hypothesis:226][39m allowed tolerance is [200, 503]
[32m[2023-07-19 16:10:48 INFO] [hypothesis:236][39m Steady state hypothesis is met!
[36m[2023-07-19 16:10:48 DEBUG] [__init__:450][39m No controls to apply on 'hypothesis'
[32m[2023-07-19 16:10:48 INFO] [run:964][39m Let's rollback...
[36m[2023-07-19 16:10:48 DEBUG] [__init__:450][39m No controls to apply on 'rollback'
[32m[2023-07-19 16:10:48 INFO] [rollback:31][39m No declared rollbacks, let's move on.
[36m[2023-07-19 16:10:48 DEBUG] [__init__:450][39m No controls to apply on 'rollback'
[32m[2023-07-19 16:10:48 INFO] [run:515][39m Experiment ended with status: completed
[36m[2023-07-19 16:10:48 DEBUG] [__init__:450][39m No controls to apply on 'experiment'
[36m[2023-07-19 16:10:48 DEBUG] [__init__:103][39m Cleaning up controls
[36m[2023-07-19 16:10:48 DEBUG] [caching:42][39m Clearing activities cache
[36m[2023-07-19 16:18:46 DEBUG] [cli:114][39m ###############################################################################
[36m[2023-07-19 16:18:46 DEBUG] [cli:115][39m Running command 'discover'
[36m[2023-07-19 16:18:46 DEBUG] [cli:119][39m Using settings file '/home/ubuntu/.chaostoolkit/settings.yaml'
[36m[2023-07-19 16:18:47 DEBUG] [settings:30][39m The Chaos Toolkit settings file could not be found at '/home/ubuntu/.chaostoolkit/settings.yaml'.
[32m[2023-07-19 16:18:47 INFO] [package:22][39m Attempting to download and install package 'chaostoolkit-kubernetes'
[36m[2023-07-19 16:18:48 DEBUG] [package:32][39m Requirement already satisfied: chaostoolkit-kubernetes in /home/ubuntu/.venvs/chaostk/lib/python3.10/site-packages (0.28.0)
    Requirement already satisfied: chaostoolkit-lib>=0.20.0 in /home/ubuntu/.venvs/chaostk/lib/python3.10/site-packages (from chaostoolkit-kubernetes) (1.37.0)
    Requirement already satisfied: logzero in /home/ubuntu/.venvs/chaostk/lib/python3.10/site-packages (from chaostoolkit-kubernetes) (1.7.0)
    Requirement already satisfied: dateparser in /home/ubuntu/.venvs/chaostk/lib/python3.10/site-packages (from chaostoolkit-kubernetes) (1.1.8)
    Requirement already satisfied: pyyaml in /home/ubuntu/.venvs/chaostk/lib/python3.10/site-packages (from chaostoolkit-kubernetes) (6.0.1)
    Requirement already satisfied: kubernetes in /home/ubuntu/.venvs/chaostk/lib/python3.10/site-packages (from chaostoolkit-kubernetes) (27.2.0)
    Requirement already satisfied: requests~=2.21 in /home/ubuntu/.venvs/chaostk/lib/python3.10/site-packages (from chaostoolkit-lib>=0.20.0->chaostoolkit-kubernetes) (2.31.0)
    Requirement already satisfied: importlib-metadata>=6.0 in /home/ubuntu/.venvs/chaostk/lib/python3.10/site-packages (from chaostoolkit-lib>=0.20.0->chaostoolkit-kubernetes) (6.8.0)
    Requirement already satisfied: regex!=2019.02.19,!=2021.8.27 in /home/ubuntu/.venvs/chaostk/lib/python3.10/site-packages (from dateparser->chaostoolkit-kubernetes) (2023.6.3)
    Requirement already satisfied: tzlocal in /home/ubuntu/.venvs/chaostk/lib/python3.10/site-packages (from dateparser->chaostoolkit-kubernetes) (5.0.1)
    Requirement already satisfied: python-dateutil in /home/ubuntu/.venvs/chaostk/lib/python3.10/site-packages (from dateparser->chaostoolkit-kubernetes) (2.8.2)
    Requirement already satisfied: pytz in /home/ubuntu/.venvs/chaostk/lib/python3.10/site-packages (from dateparser->chaostoolkit-kubernetes) (2023.3)
    Requirement already satisfied: websocket-client!=0.40.0,!=0.41.*,!=0.42.*,>=0.32.0 in /home/ubuntu/.venvs/chaostk/lib/python3.10/site-packages (from kubernetes->chaostoolkit-kubernetes) (1.6.1)
    Requirement already satisfied: requests-oauthlib in /home/ubuntu/.venvs/chaostk/lib/python3.10/site-packages (from kubernetes->chaostoolkit-kubernetes) (1.3.1)
    Requirement already satisfied: oauthlib>=3.2.2 in /home/ubuntu/.venvs/chaostk/lib/python3.10/site-packages (from kubernetes->chaostoolkit-kubernetes) (3.2.2)
    Requirement already satisfied: google-auth>=1.0.1 in /home/ubuntu/.venvs/chaostk/lib/python3.10/site-packages (from kubernetes->chaostoolkit-kubernetes) (2.22.0)
    Requirement already satisfied: six>=1.9.0 in /home/ubuntu/.venvs/chaostk/lib/python3.10/site-packages (from kubernetes->chaostoolkit-kubernetes) (1.16.0)
    Requirement already satisfied: urllib3>=1.24.2 in /home/ubuntu/.venvs/chaostk/lib/python3.10/site-packages (from kubernetes->chaostoolkit-kubernetes) (1.26.16)
    Requirement already satisfied: certifi>=14.05.14 in /home/ubuntu/.venvs/chaostk/lib/python3.10/site-packages (from kubernetes->chaostoolkit-kubernetes) (2023.5.7)
    Requirement already satisfied: cachetools<6.0,>=2.0.0 in /home/ubuntu/.venvs/chaostk/lib/python3.10/site-packages (from google-auth>=1.0.1->kubernetes->chaostoolkit-kubernetes) (5.3.1)
    Requirement already satisfied: pyasn1-modules>=0.2.1 in /home/ubuntu/.venvs/chaostk/lib/python3.10/site-packages (from google-auth>=1.0.1->kubernetes->chaostoolkit-kubernetes) (0.3.0)
    Requirement already satisfied: rsa<5,>=3.1.4 in /home/ubuntu/.venvs/chaostk/lib/python3.10/site-packages (from google-auth>=1.0.1->kubernetes->chaostoolkit-kubernetes) (4.9)
    Requirement already satisfied: zipp>=0.5 in /home/ubuntu/.venvs/chaostk/lib/python3.10/site-packages (from importlib-metadata>=6.0->chaostoolkit-lib>=0.20.0->chaostoolkit-kubernetes) (3.16.2)
    Requirement already satisfied: charset-normalizer<4,>=2 in /home/ubuntu/.venvs/chaostk/lib/python3.10/site-packages (from requests~=2.21->chaostoolkit-lib>=0.20.0->chaostoolkit-kubernetes) (3.2.0)
    Requirement already satisfied: idna<4,>=2.5 in /home/ubuntu/.venvs/chaostk/lib/python3.10/site-packages (from requests~=2.21->chaostoolkit-lib>=0.20.0->chaostoolkit-kubernetes) (3.4)
    Requirement already satisfied: pyasn1<0.6.0,>=0.4.6 in /home/ubuntu/.venvs/chaostk/lib/python3.10/site-packages (from pyasn1-modules>=0.2.1->google-auth>=1.0.1->kubernetes->chaostoolkit-kubernetes) (0.5.0)
    
[32m[2023-07-19 16:18:48 INFO] [package:44][39m Package downloaded and installed in current environment
[32m[2023-07-19 16:18:48 INFO] [__init__:129][39m Discovering capabilities from chaostoolkit-kubernetes
[32m[2023-07-19 16:18:48 INFO] [discover:78][39m Searching for actions in chaosk8s.actions
[32m[2023-07-19 16:18:48 INFO] [discover:86][39m Searching for probes in chaosk8s.probes
[36m[2023-07-19 16:18:49 DEBUG] [discover:188][39m 'typing.Tuple[typing.Dict[str, typing.Any], typing.Dict[str, typing.Any]]' could not be ported to something meaningful
[36m[2023-07-19 16:18:49 DEBUG] [discover:188][39m 'typing.Optional[bool]' could not be ported to something meaningful
[36m[2023-07-19 16:18:49 DEBUG] [discover:188][39m 'typing.Optional[str]' could not be ported to something meaningful
[32m[2023-07-19 16:18:49 INFO] [discover:78][39m Searching for actions in chaosk8s.deployment.actions
[32m[2023-07-19 16:18:49 INFO] [discover:78][39m Searching for actions in chaosk8s.deployment.probes
[36m[2023-07-19 16:18:49 DEBUG] [discover:188][39m 'typing.Optional[bool]' could not be ported to something meaningful
[36m[2023-07-19 16:18:49 DEBUG] [discover:188][39m 'typing.Optional[bool]' could not be ported to something meaningful
[36m[2023-07-19 16:18:49 DEBUG] [discover:188][39m 'typing.Optional[bool]' could not be ported to something meaningful
[36m[2023-07-19 16:18:49 DEBUG] [discover:188][39m 'typing.Optional[bool]' could not be ported to something meaningful
[32m[2023-07-19 16:18:49 INFO] [discover:78][39m Searching for actions in chaosk8s.node.actions
[36m[2023-07-19 16:18:49 DEBUG] [discover:188][39m '<class 'kubernetes.client.models.v1_node.V1Node'>' could not be ported to something meaningful
[32m[2023-07-19 16:18:49 INFO] [discover:78][39m Searching for actions in chaosk8s.node.probes
[32m[2023-07-19 16:18:49 INFO] [discover:78][39m Searching for actions in chaosk8s.pod.actions
[36m[2023-07-19 16:18:49 DEBUG] [discover:188][39m 'typing.Union[str, typing.List[str]]' could not be ported to something meaningful
[32m[2023-07-19 16:18:49 INFO] [discover:86][39m Searching for probes in chaosk8s.pod.probes
[36m[2023-07-19 16:18:49 DEBUG] [discover:188][39m 'typing.Optional[str]' could not be ported to something meaningful
[32m[2023-07-19 16:18:49 INFO] [discover:78][39m Searching for actions in chaosk8s.replicaset.actions
[32m[2023-07-19 16:18:49 INFO] [discover:78][39m Searching for actions in chaosk8s.service.actions
[32m[2023-07-19 16:18:49 INFO] [discover:78][39m Searching for actions in chaosk8s.service.probes
[32m[2023-07-19 16:18:49 INFO] [discover:78][39m Searching for actions in chaosk8s.statefulset.actions
[32m[2023-07-19 16:18:49 INFO] [discover:86][39m Searching for probes in chaosk8s.statefulset.probes
[32m[2023-07-19 16:18:49 INFO] [discover:78][39m Searching for actions in chaosk8s.crd.actions
[32m[2023-07-19 16:18:49 INFO] [discover:86][39m Searching for probes in chaosk8s.crd.probes
[32m[2023-07-19 16:18:49 INFO] [cli:607][39m Discovery outcome saved in ./discovery.json
[36m[2023-07-19 16:31:31 DEBUG] [cli:114][39m ###############################################################################
[36m[2023-07-19 16:31:31 DEBUG] [cli:115][39m Running command 'run'
[36m[2023-07-19 16:31:31 DEBUG] [cli:119][39m Using settings file '/home/ubuntu/.chaostoolkit/settings.yaml'
[36m[2023-07-19 16:31:31 DEBUG] [settings:30][39m The Chaos Toolkit settings file could not be found at '/home/ubuntu/.chaostoolkit/settings.yaml'.
[36m[2023-07-19 16:31:31 DEBUG] [__init__:450][39m No controls to apply on 'loader'
[36m[2023-07-19 16:31:31 DEBUG] [__init__:450][39m No controls to apply on 'loader'
[36m[2023-07-19 16:31:31 DEBUG] [caching:24][39m Building activity cache...
[36m[2023-07-19 16:31:31 DEBUG] [caching:35][39m Cached 1 activities
[32m[2023-07-19 16:31:31 INFO] [experiment:58][39m Validating the experiment's syntax
[36m[2023-07-19 16:31:31 DEBUG] [configuration:63][39m Loading configuration...
[36m[2023-07-19 16:31:31 DEBUG] [secret:78][39m Loading secrets...
[36m[2023-07-19 16:31:31 DEBUG] [secret:103][39m Done loading secrets
[32m[2023-07-19 16:31:31 INFO] [experiment:109][39m Experiment looks valid
[36m[2023-07-19 16:31:31 DEBUG] [caching:42][39m Clearing activities cache
[36m[2023-07-19 16:31:31 DEBUG] [cli:314][39m Runtime strategies: hypothesis - default / rollbacks - default
[36m[2023-07-19 16:31:31 DEBUG] [caching:24][39m Building activity cache...
[36m[2023-07-19 16:31:31 DEBUG] [caching:35][39m Cached 1 activities
[36m[2023-07-19 16:31:31 DEBUG] [configuration:63][39m Loading configuration...
[36m[2023-07-19 16:31:31 DEBUG] [secret:78][39m Loading secrets...
[36m[2023-07-19 16:31:31 DEBUG] [secret:103][39m Done loading secrets
[36m[2023-07-19 16:31:31 DEBUG] [configuration:160][39m Loading dynamic configuration...
[32m[2023-07-19 16:31:31 INFO] [run:369][39m Running experiment: What happens if we terminate a Pod?
[36m[2023-07-19 16:31:31 DEBUG] [__init__:64][39m Initializing controls
[32m[2023-07-19 16:31:31 INFO] [run:396][39m Steady-state strategy: default
[32m[2023-07-19 16:31:31 INFO] [run:400][39m Rollbacks strategy: default
[32m[2023-07-19 16:31:31 INFO] [run:408][39m No steady state hypothesis defined. That's ok, just exploring.
[36m[2023-07-19 16:31:31 DEBUG] [__init__:450][39m No controls to apply on 'experiment'
[32m[2023-07-19 16:31:31 INFO] [run:684][39m Playing your experiment's method now...
[36m[2023-07-19 16:31:31 DEBUG] [__init__:450][39m No controls to apply on 'method'
[36m[2023-07-19 16:31:31 DEBUG] [__init__:450][39m No controls to apply on 'activity'
[32m[2023-07-19 16:31:31 INFO] [activity:215][39m Action: terminate-pod
[36m[2023-07-19 16:31:31 DEBUG] [python:33][39m Activity 'terminate-pod' loaded from '/home/ubuntu/.venvs/chaostk/lib/python3.10/site-packages/chaosk8s/pod/actions.py'
[36m[2023-07-19 16:31:31 DEBUG] [actions:232][39m Found 1 pods labelled 'app=app' in ns default
[36m[2023-07-19 16:31:31 DEBUG] [activity:237][39m   => succeeded with '['app']'
[36m[2023-07-19 16:31:31 DEBUG] [__init__:450][39m No controls to apply on 'activity'
[36m[2023-07-19 16:31:31 DEBUG] [__init__:450][39m No controls to apply on 'method'
[32m[2023-07-19 16:31:31 INFO] [run:964][39m Let's rollback...
[36m[2023-07-19 16:31:31 DEBUG] [__init__:450][39m No controls to apply on 'rollback'
[32m[2023-07-19 16:31:31 INFO] [rollback:31][39m No declared rollbacks, let's move on.
[36m[2023-07-19 16:31:31 DEBUG] [__init__:450][39m No controls to apply on 'rollback'
[32m[2023-07-19 16:31:31 INFO] [run:515][39m Experiment ended with status: completed
[36m[2023-07-19 16:31:31 DEBUG] [__init__:450][39m No controls to apply on 'experiment'
[36m[2023-07-19 16:31:31 DEBUG] [__init__:103][39m Cleaning up controls
[36m[2023-07-19 16:31:31 DEBUG] [caching:42][39m Clearing activities cache
[36m[2023-07-19 16:38:40 DEBUG] [cli:114][39m ###############################################################################
[36m[2023-07-19 16:38:40 DEBUG] [cli:115][39m Running command 'run'
[36m[2023-07-19 16:38:40 DEBUG] [cli:119][39m Using settings file '/home/ubuntu/.chaostoolkit/settings.yaml'
[36m[2023-07-19 16:38:40 DEBUG] [settings:30][39m The Chaos Toolkit settings file could not be found at '/home/ubuntu/.chaostoolkit/settings.yaml'.
[36m[2023-07-19 16:38:40 DEBUG] [__init__:450][39m No controls to apply on 'loader'
[36m[2023-07-19 16:38:40 DEBUG] [__init__:450][39m No controls to apply on 'loader'
[36m[2023-07-19 16:38:40 DEBUG] [caching:24][39m Building activity cache...
[36m[2023-07-19 16:38:40 DEBUG] [caching:35][39m Cached 1 activities
[32m[2023-07-19 16:38:40 INFO] [experiment:58][39m Validating the experiment's syntax
[36m[2023-07-19 16:38:40 DEBUG] [configuration:63][39m Loading configuration...
[36m[2023-07-19 16:38:40 DEBUG] [secret:78][39m Loading secrets...
[36m[2023-07-19 16:38:40 DEBUG] [secret:103][39m Done loading secrets
[32m[2023-07-19 16:38:41 INFO] [experiment:109][39m Experiment looks valid
[36m[2023-07-19 16:38:41 DEBUG] [caching:42][39m Clearing activities cache
[36m[2023-07-19 16:38:41 DEBUG] [cli:314][39m Runtime strategies: hypothesis - default / rollbacks - default
[36m[2023-07-19 16:38:41 DEBUG] [caching:24][39m Building activity cache...
[36m[2023-07-19 16:38:41 DEBUG] [caching:35][39m Cached 1 activities
[36m[2023-07-19 16:38:41 DEBUG] [configuration:63][39m Loading configuration...
[36m[2023-07-19 16:38:41 DEBUG] [secret:78][39m Loading secrets...
[36m[2023-07-19 16:38:41 DEBUG] [secret:103][39m Done loading secrets
[36m[2023-07-19 16:38:41 DEBUG] [configuration:160][39m Loading dynamic configuration...
[32m[2023-07-19 16:38:41 INFO] [run:369][39m Running experiment: What happens if we terminate a Pod?
[36m[2023-07-19 16:38:41 DEBUG] [__init__:64][39m Initializing controls
[32m[2023-07-19 16:38:41 INFO] [run:396][39m Steady-state strategy: default
[32m[2023-07-19 16:38:41 INFO] [run:400][39m Rollbacks strategy: default
[32m[2023-07-19 16:38:41 INFO] [run:408][39m No steady state hypothesis defined. That's ok, just exploring.
[36m[2023-07-19 16:38:41 DEBUG] [__init__:450][39m No controls to apply on 'experiment'
[32m[2023-07-19 16:38:41 INFO] [run:684][39m Playing your experiment's method now...
[36m[2023-07-19 16:38:41 DEBUG] [__init__:450][39m No controls to apply on 'method'
[36m[2023-07-19 16:38:41 DEBUG] [__init__:450][39m No controls to apply on 'activity'
[32m[2023-07-19 16:38:41 INFO] [activity:215][39m Action: terminate-pod
[36m[2023-07-19 16:38:41 DEBUG] [python:33][39m Activity 'terminate-pod' loaded from '/home/ubuntu/.venvs/chaostk/lib/python3.10/site-packages/chaosk8s/pod/actions.py'
[36m[2023-07-19 16:38:41 DEBUG] [actions:232][39m Found 1 pods labelled 'app=sample-app' in ns default
[36m[2023-07-19 16:38:41 DEBUG] [activity:237][39m   => succeeded with '['sample-app-6b978b7ff4-82h2t']'
[36m[2023-07-19 16:38:41 DEBUG] [__init__:450][39m No controls to apply on 'activity'
[36m[2023-07-19 16:38:41 DEBUG] [__init__:450][39m No controls to apply on 'method'
[32m[2023-07-19 16:38:41 INFO] [run:964][39m Let's rollback...
[36m[2023-07-19 16:38:41 DEBUG] [__init__:450][39m No controls to apply on 'rollback'
[32m[2023-07-19 16:38:41 INFO] [rollback:31][39m No declared rollbacks, let's move on.
[36m[2023-07-19 16:38:41 DEBUG] [__init__:450][39m No controls to apply on 'rollback'
[32m[2023-07-19 16:38:41 INFO] [run:515][39m Experiment ended with status: completed
[36m[2023-07-19 16:38:41 DEBUG] [__init__:450][39m No controls to apply on 'experiment'
[36m[2023-07-19 16:38:41 DEBUG] [__init__:103][39m Cleaning up controls
[36m[2023-07-19 16:38:41 DEBUG] [caching:42][39m Clearing activities cache
[36m[2023-07-19 16:39:14 DEBUG] [cli:114][39m ###############################################################################
[36m[2023-07-19 16:39:14 DEBUG] [cli:115][39m Running command 'init'
[36m[2023-07-19 16:39:14 DEBUG] [cli:119][39m Using settings file '/home/ubuntu/.chaostoolkit/settings.yaml'
[36m[2023-07-19 16:39:14 DEBUG] [settings:30][39m The Chaos Toolkit settings file could not be found at '/home/ubuntu/.chaostoolkit/settings.yaml'.
[36m[2023-07-19 16:46:29 DEBUG] [cli:114][39m ###############################################################################
[36m[2023-07-19 16:46:29 DEBUG] [cli:115][39m Running command 'run'
[36m[2023-07-19 16:46:29 DEBUG] [cli:119][39m Using settings file '/home/ubuntu/.chaostoolkit/settings.yaml'
[36m[2023-07-19 16:46:29 DEBUG] [settings:30][39m The Chaos Toolkit settings file could not be found at '/home/ubuntu/.chaostoolkit/settings.yaml'.
[36m[2023-07-19 16:46:29 DEBUG] [__init__:450][39m No controls to apply on 'loader'
[36m[2023-07-19 16:46:29 DEBUG] [__init__:450][39m No controls to apply on 'loader'
[36m[2023-07-19 16:46:29 DEBUG] [caching:24][39m Building activity cache...
[36m[2023-07-19 16:46:29 DEBUG] [caching:35][39m Cached 2 activities
[32m[2023-07-19 16:46:29 INFO] [experiment:58][39m Validating the experiment's syntax
[36m[2023-07-19 16:46:29 DEBUG] [configuration:63][39m Loading configuration...
[36m[2023-07-19 16:46:29 DEBUG] [secret:78][39m Loading secrets...
[36m[2023-07-19 16:46:29 DEBUG] [secret:103][39m Done loading secrets
[32m[2023-07-19 16:46:30 INFO] [experiment:109][39m Experiment looks valid
[36m[2023-07-19 16:46:30 DEBUG] [caching:42][39m Clearing activities cache
[36m[2023-07-19 16:46:30 DEBUG] [cli:314][39m Runtime strategies: hypothesis - default / rollbacks - default
[36m[2023-07-19 16:46:30 DEBUG] [caching:24][39m Building activity cache...
[36m[2023-07-19 16:46:30 DEBUG] [caching:35][39m Cached 2 activities
[36m[2023-07-19 16:46:30 DEBUG] [configuration:63][39m Loading configuration...
[36m[2023-07-19 16:46:30 DEBUG] [secret:78][39m Loading secrets...
[36m[2023-07-19 16:46:30 DEBUG] [secret:103][39m Done loading secrets
[36m[2023-07-19 16:46:30 DEBUG] [configuration:160][39m Loading dynamic configuration...
[32m[2023-07-19 16:46:30 INFO] [run:369][39m Running experiment: pod exists
[36m[2023-07-19 16:46:30 DEBUG] [__init__:64][39m Initializing controls
[32m[2023-07-19 16:46:30 INFO] [run:396][39m Steady-state strategy: default
[32m[2023-07-19 16:46:30 INFO] [run:400][39m Rollbacks strategy: default
[36m[2023-07-19 16:46:30 DEBUG] [__init__:450][39m No controls to apply on 'experiment'
[36m[2023-07-19 16:46:30 DEBUG] [run:563][39m Running steady-state hypothesis before the method
[32m[2023-07-19 16:46:30 INFO] [hypothesis:186][39m Steady state hypothesis: deployment wokrs
[36m[2023-07-19 16:46:30 DEBUG] [__init__:450][39m No controls to apply on 'hypothesis'
[36m[2023-07-19 16:46:30 DEBUG] [__init__:450][39m No controls to apply on 'activity'
[32m[2023-07-19 16:46:30 INFO] [activity:215][39m Probe: count_pods
[36m[2023-07-19 16:46:30 DEBUG] [python:33][39m Activity 'count_pods' loaded from '/home/ubuntu/.venvs/chaostk/lib/python3.10/site-packages/chaosk8s/pod/probes.py'
[36m[2023-07-19 16:46:30 DEBUG] [probes:252][39m Found 1 pods matching label 'app=sample-app' in ns 'default'
[36m[2023-07-19 16:46:30 DEBUG] [activity:237][39m   => succeeded with '1'
[36m[2023-07-19 16:46:30 DEBUG] [__init__:450][39m No controls to apply on 'activity'
[36m[2023-07-19 16:46:30 DEBUG] [hypothesis:226][39m allowed tolerance is 1
[36m[2023-07-19 16:46:30 DEBUG] [__init__:450][39m No controls to apply on 'hypothesis'
[31m[2023-07-19 16:46:30 CRITICAL] [run:583][39m Steady state probe 'count_pods' is not in the given tolerance so failing this experiment
[32m[2023-07-19 16:46:30 INFO] [run:964][39m Let's rollback...
[36m[2023-07-19 16:46:30 DEBUG] [__init__:450][39m No controls to apply on 'rollback'
[32m[2023-07-19 16:46:30 INFO] [rollback:31][39m No declared rollbacks, let's move on.
[36m[2023-07-19 16:46:30 DEBUG] [__init__:450][39m No controls to apply on 'rollback'
[32m[2023-07-19 16:46:30 INFO] [run:515][39m Experiment ended with status: completed
[36m[2023-07-19 16:46:30 DEBUG] [__init__:450][39m No controls to apply on 'experiment'
[36m[2023-07-19 16:46:30 DEBUG] [__init__:103][39m Cleaning up controls
[36m[2023-07-19 16:46:30 DEBUG] [caching:42][39m Clearing activities cache
[36m[2023-07-19 16:47:45 DEBUG] [cli:114][39m ###############################################################################
[36m[2023-07-19 16:47:45 DEBUG] [cli:115][39m Running command 'run'
[36m[2023-07-19 16:47:45 DEBUG] [cli:119][39m Using settings file '/home/ubuntu/.chaostoolkit/settings.yaml'
[36m[2023-07-19 16:47:45 DEBUG] [settings:30][39m The Chaos Toolkit settings file could not be found at '/home/ubuntu/.chaostoolkit/settings.yaml'.
[36m[2023-07-19 16:47:45 DEBUG] [__init__:450][39m No controls to apply on 'loader'
[36m[2023-07-19 16:47:45 DEBUG] [__init__:450][39m No controls to apply on 'loader'
[36m[2023-07-19 16:47:45 DEBUG] [caching:24][39m Building activity cache...
[36m[2023-07-19 16:47:45 DEBUG] [caching:35][39m Cached 2 activities
[32m[2023-07-19 16:47:45 INFO] [experiment:58][39m Validating the experiment's syntax
[36m[2023-07-19 16:47:45 DEBUG] [configuration:63][39m Loading configuration...
[36m[2023-07-19 16:47:45 DEBUG] [secret:78][39m Loading secrets...
[36m[2023-07-19 16:47:45 DEBUG] [secret:103][39m Done loading secrets
[32m[2023-07-19 16:47:46 INFO] [experiment:109][39m Experiment looks valid
[36m[2023-07-19 16:47:46 DEBUG] [caching:42][39m Clearing activities cache
[36m[2023-07-19 16:47:46 DEBUG] [cli:314][39m Runtime strategies: hypothesis - default / rollbacks - default
[36m[2023-07-19 16:47:46 DEBUG] [caching:24][39m Building activity cache...
[36m[2023-07-19 16:47:46 DEBUG] [caching:35][39m Cached 2 activities
[36m[2023-07-19 16:47:46 DEBUG] [configuration:63][39m Loading configuration...
[36m[2023-07-19 16:47:46 DEBUG] [secret:78][39m Loading secrets...
[36m[2023-07-19 16:47:46 DEBUG] [secret:103][39m Done loading secrets
[36m[2023-07-19 16:47:46 DEBUG] [configuration:160][39m Loading dynamic configuration...
[32m[2023-07-19 16:47:46 INFO] [run:369][39m Running experiment: pod exists
[36m[2023-07-19 16:47:46 DEBUG] [__init__:64][39m Initializing controls
[32m[2023-07-19 16:47:46 INFO] [run:396][39m Steady-state strategy: default
[32m[2023-07-19 16:47:46 INFO] [run:400][39m Rollbacks strategy: default
[36m[2023-07-19 16:47:46 DEBUG] [__init__:450][39m No controls to apply on 'experiment'
[36m[2023-07-19 16:47:46 DEBUG] [run:563][39m Running steady-state hypothesis before the method
[32m[2023-07-19 16:47:46 INFO] [hypothesis:186][39m Steady state hypothesis: deployment wokrs
[36m[2023-07-19 16:47:46 DEBUG] [__init__:450][39m No controls to apply on 'hypothesis'
[36m[2023-07-19 16:47:46 DEBUG] [__init__:450][39m No controls to apply on 'activity'
[32m[2023-07-19 16:47:46 INFO] [activity:215][39m Probe: count_pods
[36m[2023-07-19 16:47:46 DEBUG] [python:33][39m Activity 'count_pods' loaded from '/home/ubuntu/.venvs/chaostk/lib/python3.10/site-packages/chaosk8s/pod/probes.py'
[36m[2023-07-19 16:47:46 DEBUG] [probes:252][39m Found 1 pods matching label 'app=sample-app' in ns 'default'
[36m[2023-07-19 16:47:46 DEBUG] [activity:237][39m   => succeeded with '1'
[36m[2023-07-19 16:47:46 DEBUG] [__init__:450][39m No controls to apply on 'activity'
[36m[2023-07-19 16:47:46 DEBUG] [hypothesis:226][39m allowed tolerance is 1
[36m[2023-07-19 16:47:46 DEBUG] [__init__:450][39m No controls to apply on 'hypothesis'
[31m[2023-07-19 16:47:46 CRITICAL] [run:583][39m Steady state probe 'count_pods' is not in the given tolerance so failing this experiment
[32m[2023-07-19 16:47:46 INFO] [run:964][39m Let's rollback...
[36m[2023-07-19 16:47:46 DEBUG] [__init__:450][39m No controls to apply on 'rollback'
[32m[2023-07-19 16:47:46 INFO] [rollback:31][39m No declared rollbacks, let's move on.
[36m[2023-07-19 16:47:46 DEBUG] [__init__:450][39m No controls to apply on 'rollback'
[32m[2023-07-19 16:47:46 INFO] [run:515][39m Experiment ended with status: completed
[36m[2023-07-19 16:47:46 DEBUG] [__init__:450][39m No controls to apply on 'experiment'
[36m[2023-07-19 16:47:46 DEBUG] [__init__:103][39m Cleaning up controls
[36m[2023-07-19 16:47:46 DEBUG] [caching:42][39m Clearing activities cache
[36m[2023-07-19 16:49:38 DEBUG] [cli:114][39m ###############################################################################
[36m[2023-07-19 16:49:38 DEBUG] [cli:115][39m Running command 'run'
[36m[2023-07-19 16:49:38 DEBUG] [cli:119][39m Using settings file '/home/ubuntu/.chaostoolkit/settings.yaml'
[36m[2023-07-19 16:49:38 DEBUG] [settings:30][39m The Chaos Toolkit settings file could not be found at '/home/ubuntu/.chaostoolkit/settings.yaml'.
[36m[2023-07-19 16:49:38 DEBUG] [__init__:450][39m No controls to apply on 'loader'
[36m[2023-07-19 16:49:38 DEBUG] [__init__:450][39m No controls to apply on 'loader'
[36m[2023-07-19 16:49:38 DEBUG] [caching:24][39m Building activity cache...
[36m[2023-07-19 16:49:38 DEBUG] [caching:35][39m Cached 2 activities
[32m[2023-07-19 16:49:38 INFO] [experiment:58][39m Validating the experiment's syntax
[36m[2023-07-19 16:49:38 DEBUG] [configuration:63][39m Loading configuration...
[36m[2023-07-19 16:49:38 DEBUG] [secret:78][39m Loading secrets...
[36m[2023-07-19 16:49:38 DEBUG] [secret:103][39m Done loading secrets
[32m[2023-07-19 16:49:39 INFO] [experiment:109][39m Experiment looks valid
[36m[2023-07-19 16:49:39 DEBUG] [caching:42][39m Clearing activities cache
[36m[2023-07-19 16:49:39 DEBUG] [cli:314][39m Runtime strategies: hypothesis - default / rollbacks - default
[36m[2023-07-19 16:49:39 DEBUG] [caching:24][39m Building activity cache...
[36m[2023-07-19 16:49:39 DEBUG] [caching:35][39m Cached 2 activities
[36m[2023-07-19 16:49:39 DEBUG] [configuration:63][39m Loading configuration...
[36m[2023-07-19 16:49:39 DEBUG] [secret:78][39m Loading secrets...
[36m[2023-07-19 16:49:39 DEBUG] [secret:103][39m Done loading secrets
[36m[2023-07-19 16:49:39 DEBUG] [configuration:160][39m Loading dynamic configuration...
[32m[2023-07-19 16:49:39 INFO] [run:369][39m Running experiment: pod exists
[36m[2023-07-19 16:49:39 DEBUG] [__init__:64][39m Initializing controls
[32m[2023-07-19 16:49:39 INFO] [run:396][39m Steady-state strategy: default
[32m[2023-07-19 16:49:39 INFO] [run:400][39m Rollbacks strategy: default
[36m[2023-07-19 16:49:39 DEBUG] [__init__:450][39m No controls to apply on 'experiment'
[36m[2023-07-19 16:49:39 DEBUG] [run:563][39m Running steady-state hypothesis before the method
[32m[2023-07-19 16:49:39 INFO] [hypothesis:186][39m Steady state hypothesis: deployment wokrs
[36m[2023-07-19 16:49:39 DEBUG] [__init__:450][39m No controls to apply on 'hypothesis'
[36m[2023-07-19 16:49:39 DEBUG] [__init__:450][39m No controls to apply on 'activity'
[32m[2023-07-19 16:49:39 INFO] [activity:215][39m Probe: count_pods
[36m[2023-07-19 16:49:39 DEBUG] [python:33][39m Activity 'count_pods' loaded from '/home/ubuntu/.venvs/chaostk/lib/python3.10/site-packages/chaosk8s/pod/probes.py'
[36m[2023-07-19 16:49:39 DEBUG] [probes:252][39m Found 1 pods matching label 'app=sample-app' in ns 'default'
[36m[2023-07-19 16:49:39 DEBUG] [activity:237][39m   => succeeded with '1'
[36m[2023-07-19 16:49:39 DEBUG] [__init__:450][39m No controls to apply on 'activity'
[36m[2023-07-19 16:49:39 DEBUG] [hypothesis:226][39m allowed tolerance is 1
[36m[2023-07-19 16:49:39 DEBUG] [__init__:450][39m No controls to apply on 'hypothesis'
[31m[2023-07-19 16:49:39 CRITICAL] [run:583][39m Steady state probe 'count_pods' is not in the given tolerance so failing this experiment
[32m[2023-07-19 16:49:39 INFO] [run:964][39m Let's rollback...
[36m[2023-07-19 16:49:39 DEBUG] [__init__:450][39m No controls to apply on 'rollback'
[32m[2023-07-19 16:49:39 INFO] [rollback:31][39m No declared rollbacks, let's move on.
[36m[2023-07-19 16:49:39 DEBUG] [__init__:450][39m No controls to apply on 'rollback'
[32m[2023-07-19 16:49:39 INFO] [run:515][39m Experiment ended with status: completed
[36m[2023-07-19 16:49:39 DEBUG] [__init__:450][39m No controls to apply on 'experiment'
[36m[2023-07-19 16:49:39 DEBUG] [__init__:103][39m Cleaning up controls
[36m[2023-07-19 16:49:39 DEBUG] [caching:42][39m Clearing activities cache
[36m[2023-07-19 16:53:24 DEBUG] [cli:114][39m ###############################################################################
[36m[2023-07-19 16:53:24 DEBUG] [cli:115][39m Running command 'run'
[36m[2023-07-19 16:53:24 DEBUG] [cli:119][39m Using settings file '/home/ubuntu/.chaostoolkit/settings.yaml'
[36m[2023-07-19 16:53:24 DEBUG] [settings:30][39m The Chaos Toolkit settings file could not be found at '/home/ubuntu/.chaostoolkit/settings.yaml'.
[36m[2023-07-19 16:53:24 DEBUG] [__init__:450][39m No controls to apply on 'loader'
[36m[2023-07-19 16:53:24 DEBUG] [__init__:450][39m No controls to apply on 'loader'
[36m[2023-07-19 16:53:24 DEBUG] [caching:24][39m Building activity cache...
[36m[2023-07-19 16:53:24 DEBUG] [caching:35][39m Cached 2 activities
[32m[2023-07-19 16:53:24 INFO] [experiment:58][39m Validating the experiment's syntax
[36m[2023-07-19 16:53:24 DEBUG] [configuration:63][39m Loading configuration...
[36m[2023-07-19 16:53:24 DEBUG] [secret:78][39m Loading secrets...
[36m[2023-07-19 16:53:24 DEBUG] [secret:103][39m Done loading secrets
[32m[2023-07-19 16:53:25 INFO] [experiment:109][39m Experiment looks valid
[36m[2023-07-19 16:53:25 DEBUG] [caching:42][39m Clearing activities cache
[36m[2023-07-19 16:53:25 DEBUG] [cli:314][39m Runtime strategies: hypothesis - default / rollbacks - default
[36m[2023-07-19 16:53:25 DEBUG] [caching:24][39m Building activity cache...
[36m[2023-07-19 16:53:25 DEBUG] [caching:35][39m Cached 2 activities
[36m[2023-07-19 16:53:25 DEBUG] [configuration:63][39m Loading configuration...
[36m[2023-07-19 16:53:25 DEBUG] [secret:78][39m Loading secrets...
[36m[2023-07-19 16:53:25 DEBUG] [secret:103][39m Done loading secrets
[36m[2023-07-19 16:53:25 DEBUG] [configuration:160][39m Loading dynamic configuration...
[32m[2023-07-19 16:53:25 INFO] [run:369][39m Running experiment: pod exists
[36m[2023-07-19 16:53:25 DEBUG] [__init__:64][39m Initializing controls
[32m[2023-07-19 16:53:25 INFO] [run:396][39m Steady-state strategy: default
[32m[2023-07-19 16:53:25 INFO] [run:400][39m Rollbacks strategy: default
[36m[2023-07-19 16:53:25 DEBUG] [__init__:450][39m No controls to apply on 'experiment'
[36m[2023-07-19 16:53:25 DEBUG] [run:563][39m Running steady-state hypothesis before the method
[32m[2023-07-19 16:53:25 INFO] [hypothesis:186][39m Steady state hypothesis: deployment wokrs
[36m[2023-07-19 16:53:25 DEBUG] [__init__:450][39m No controls to apply on 'hypothesis'
[36m[2023-07-19 16:53:25 DEBUG] [__init__:450][39m No controls to apply on 'activity'
[32m[2023-07-19 16:53:25 INFO] [activity:215][39m Probe: count_pods
[36m[2023-07-19 16:53:25 DEBUG] [python:33][39m Activity 'count_pods' loaded from '/home/ubuntu/.venvs/chaostk/lib/python3.10/site-packages/chaosk8s/pod/probes.py'
[36m[2023-07-19 16:53:25 DEBUG] [probes:252][39m Found 0 pods matching label 'app=sample-app' in ns 'default'
[36m[2023-07-19 16:53:25 DEBUG] [activity:237][39m   => succeeded with '0'
[36m[2023-07-19 16:53:25 DEBUG] [__init__:450][39m No controls to apply on 'activity'
[36m[2023-07-19 16:53:25 DEBUG] [hypothesis:226][39m allowed tolerance is 1
[36m[2023-07-19 16:53:25 DEBUG] [__init__:450][39m No controls to apply on 'hypothesis'
[31m[2023-07-19 16:53:25 CRITICAL] [run:583][39m Steady state probe 'count_pods' is not in the given tolerance so failing this experiment
[32m[2023-07-19 16:53:25 INFO] [run:964][39m Let's rollback...
[36m[2023-07-19 16:53:25 DEBUG] [__init__:450][39m No controls to apply on 'rollback'
[32m[2023-07-19 16:53:25 INFO] [rollback:31][39m No declared rollbacks, let's move on.
[36m[2023-07-19 16:53:25 DEBUG] [__init__:450][39m No controls to apply on 'rollback'
[32m[2023-07-19 16:53:25 INFO] [run:515][39m Experiment ended with status: completed
[36m[2023-07-19 16:53:25 DEBUG] [__init__:450][39m No controls to apply on 'experiment'
[36m[2023-07-19 16:53:25 DEBUG] [__init__:103][39m Cleaning up controls
[36m[2023-07-19 16:53:25 DEBUG] [caching:42][39m Clearing activities cache
[36m[2023-07-19 17:34:20 DEBUG] [cli:114][39m ###############################################################################
[36m[2023-07-19 17:34:20 DEBUG] [cli:115][39m Running command 'run'
[36m[2023-07-19 17:34:20 DEBUG] [cli:119][39m Using settings file '/home/ubuntu/.chaostoolkit/settings.yaml'
[36m[2023-07-19 17:34:21 DEBUG] [settings:30][39m The Chaos Toolkit settings file could not be found at '/home/ubuntu/.chaostoolkit/settings.yaml'.
[36m[2023-07-19 17:34:21 DEBUG] [__init__:450][39m No controls to apply on 'loader'
[36m[2023-07-19 17:34:21 DEBUG] [__init__:450][39m No controls to apply on 'loader'
[36m[2023-07-19 17:34:21 DEBUG] [caching:24][39m Building activity cache...
[36m[2023-07-19 17:34:21 DEBUG] [caching:35][39m Cached 2 activities
[32m[2023-07-19 17:34:21 INFO] [experiment:58][39m Validating the experiment's syntax
[36m[2023-07-19 17:34:21 DEBUG] [configuration:63][39m Loading configuration...
[36m[2023-07-19 17:34:21 DEBUG] [secret:78][39m Loading secrets...
[36m[2023-07-19 17:34:21 DEBUG] [secret:103][39m Done loading secrets
[32m[2023-07-19 17:34:21 INFO] [experiment:109][39m Experiment looks valid
[36m[2023-07-19 17:34:21 DEBUG] [caching:42][39m Clearing activities cache
[36m[2023-07-19 17:34:21 DEBUG] [cli:314][39m Runtime strategies: hypothesis - default / rollbacks - default
[36m[2023-07-19 17:34:21 DEBUG] [caching:24][39m Building activity cache...
[36m[2023-07-19 17:34:21 DEBUG] [caching:35][39m Cached 2 activities
[36m[2023-07-19 17:34:21 DEBUG] [configuration:63][39m Loading configuration...
[36m[2023-07-19 17:34:21 DEBUG] [secret:78][39m Loading secrets...
[36m[2023-07-19 17:34:21 DEBUG] [secret:103][39m Done loading secrets
[36m[2023-07-19 17:34:21 DEBUG] [configuration:160][39m Loading dynamic configuration...
[32m[2023-07-19 17:34:21 INFO] [run:369][39m Running experiment: pod exists
[36m[2023-07-19 17:34:21 DEBUG] [__init__:64][39m Initializing controls
[32m[2023-07-19 17:34:21 INFO] [run:396][39m Steady-state strategy: default
[32m[2023-07-19 17:34:21 INFO] [run:400][39m Rollbacks strategy: default
[36m[2023-07-19 17:34:21 DEBUG] [__init__:450][39m No controls to apply on 'experiment'
[36m[2023-07-19 17:34:21 DEBUG] [run:563][39m Running steady-state hypothesis before the method
[32m[2023-07-19 17:34:21 INFO] [hypothesis:186][39m Steady state hypothesis: deployment wokrs
[36m[2023-07-19 17:34:21 DEBUG] [__init__:450][39m No controls to apply on 'hypothesis'
[36m[2023-07-19 17:34:21 DEBUG] [__init__:450][39m No controls to apply on 'activity'
[32m[2023-07-19 17:34:21 INFO] [activity:215][39m Probe: count_pods
[36m[2023-07-19 17:34:21 DEBUG] [python:33][39m Activity 'count_pods' loaded from '/home/ubuntu/.venvs/chaostk/lib/python3.10/site-packages/chaosk8s/pod/probes.py'
[36m[2023-07-19 17:34:21 DEBUG] [activity:294][39m Activity failed
    Traceback (most recent call last):
      File "/home/ubuntu/.venvs/chaostk/lib/python3.10/site-packages/urllib3/connection.py", line 174, in _new_conn
        conn = connection.create_connection(
      File "/home/ubuntu/.venvs/chaostk/lib/python3.10/site-packages/urllib3/util/connection.py", line 95, in create_connection
        raise err
      File "/home/ubuntu/.venvs/chaostk/lib/python3.10/site-packages/urllib3/util/connection.py", line 85, in create_connection
        sock.connect(sa)
    ConnectionRefusedError: [Errno 111] Connection refused
    
    During handling of the above exception, another exception occurred:
    
    Traceback (most recent call last):
      File "/home/ubuntu/.venvs/chaostk/lib/python3.10/site-packages/urllib3/connectionpool.py", line 714, in urlopen
        httplib_response = self._make_request(
      File "/home/ubuntu/.venvs/chaostk/lib/python3.10/site-packages/urllib3/connectionpool.py", line 415, in _make_request
        conn.request(method, url, **httplib_request_kw)
      File "/home/ubuntu/.venvs/chaostk/lib/python3.10/site-packages/urllib3/connection.py", line 244, in request
        super(HTTPConnection, self).request(method, url, body=body, headers=headers)
      File "/usr/lib/python3.10/http/client.py", line 1282, in request
        self._send_request(method, url, body, headers, encode_chunked)
      File "/usr/lib/python3.10/http/client.py", line 1328, in _send_request
        self.endheaders(body, encode_chunked=encode_chunked)
      File "/usr/lib/python3.10/http/client.py", line 1277, in endheaders
        self._send_output(message_body, encode_chunked=encode_chunked)
      File "/usr/lib/python3.10/http/client.py", line 1037, in _send_output
        self.send(msg)
      File "/usr/lib/python3.10/http/client.py", line 975, in send
        self.connect()
      File "/home/ubuntu/.venvs/chaostk/lib/python3.10/site-packages/urllib3/connection.py", line 205, in connect
        conn = self._new_conn()
      File "/home/ubuntu/.venvs/chaostk/lib/python3.10/site-packages/urllib3/connection.py", line 186, in _new_conn
        raise NewConnectionError(
    urllib3.exceptions.NewConnectionError: <urllib3.connection.HTTPConnection object at 0x7f3ee79225f0>: Failed to establish a new connection: [Errno 111] Connection refused
    
    During handling of the above exception, another exception occurred:
    
    Traceback (most recent call last):
      File "/home/ubuntu/.venvs/chaostk/lib/python3.10/site-packages/chaoslib/provider/python.py", line 56, in run_python_activity
        return func(**arguments)
      File "/home/ubuntu/.venvs/chaostk/lib/python3.10/site-packages/chaosk8s/pod/probes.py", line 251, in count_pods
        ret = v1.list_namespaced_pod(ns, label_selector=label_selector)
      File "/home/ubuntu/.venvs/chaostk/lib/python3.10/site-packages/kubernetes/client/api/core_v1_api.py", line 15823, in list_namespaced_pod
        return self.list_namespaced_pod_with_http_info(namespace, **kwargs)  # noqa: E501
      File "/home/ubuntu/.venvs/chaostk/lib/python3.10/site-packages/kubernetes/client/api/core_v1_api.py", line 15942, in list_namespaced_pod_with_http_info
        return self.api_client.call_api(
      File "/home/ubuntu/.venvs/chaostk/lib/python3.10/site-packages/kubernetes/client/api_client.py", line 348, in call_api
        return self.__call_api(resource_path, method,
      File "/home/ubuntu/.venvs/chaostk/lib/python3.10/site-packages/kubernetes/client/api_client.py", line 180, in __call_api
        response_data = self.request(
      File "/home/ubuntu/.venvs/chaostk/lib/python3.10/site-packages/kubernetes/client/api_client.py", line 373, in request
        return self.rest_client.GET(url,
      File "/home/ubuntu/.venvs/chaostk/lib/python3.10/site-packages/kubernetes/client/rest.py", line 241, in GET
        return self.request("GET", url,
      File "/home/ubuntu/.venvs/chaostk/lib/python3.10/site-packages/kubernetes/client/rest.py", line 214, in request
        r = self.pool_manager.request(method, url,
      File "/home/ubuntu/.venvs/chaostk/lib/python3.10/site-packages/urllib3/request.py", line 74, in request
        return self.request_encode_url(
      File "/home/ubuntu/.venvs/chaostk/lib/python3.10/site-packages/urllib3/request.py", line 96, in request_encode_url
        return self.urlopen(method, url, **extra_kw)
      File "/home/ubuntu/.venvs/chaostk/lib/python3.10/site-packages/urllib3/poolmanager.py", line 376, in urlopen
        response = conn.urlopen(method, u.request_uri, **kw)
      File "/home/ubuntu/.venvs/chaostk/lib/python3.10/site-packages/urllib3/connectionpool.py", line 826, in urlopen
        return self.urlopen(
      File "/home/ubuntu/.venvs/chaostk/lib/python3.10/site-packages/urllib3/connectionpool.py", line 826, in urlopen
        return self.urlopen(
      File "/home/ubuntu/.venvs/chaostk/lib/python3.10/site-packages/urllib3/connectionpool.py", line 826, in urlopen
        return self.urlopen(
      File "/home/ubuntu/.venvs/chaostk/lib/python3.10/site-packages/urllib3/connectionpool.py", line 798, in urlopen
        retries = retries.increment(
      File "/home/ubuntu/.venvs/chaostk/lib/python3.10/site-packages/urllib3/util/retry.py", line 592, in increment
        raise MaxRetryError(_pool, url, error or ResponseError(cause))
    urllib3.exceptions.MaxRetryError: HTTPConnectionPool(host='localhost', port=80): Max retries exceeded with url: /api/v1/namespaces/default/pods?labelSelector=app%3Dsample-app (Caused by NewConnectionError('<urllib3.connection.HTTPConnection object at 0x7f3ee79225f0>: Failed to establish a new connection: [Errno 111] Connection refused'))
    
    During handling of the above exception, another exception occurred:
    
    Traceback (most recent call last):
      File "/home/ubuntu/.venvs/chaostk/lib/python3.10/site-packages/chaoslib/activity.py", line 287, in run_activity
        result = run_python_activity(activity, configuration, secrets)
      File "/home/ubuntu/.venvs/chaostk/lib/python3.10/site-packages/chaoslib/provider/python.py", line 58, in run_python_activity
        raise ActivityFailed(
      File "/home/ubuntu/.venvs/chaostk/lib/python3.10/site-packages/chaoslib/provider/python.py", line 56, in run_python_activity
        return func(**arguments)
      File "/home/ubuntu/.venvs/chaostk/lib/python3.10/site-packages/chaosk8s/pod/probes.py", line 251, in count_pods
        ret = v1.list_namespaced_pod(ns, label_selector=label_selector)
      File "/home/ubuntu/.venvs/chaostk/lib/python3.10/site-packages/kubernetes/client/api/core_v1_api.py", line 15823, in list_namespaced_pod
        return self.list_namespaced_pod_with_http_info(namespace, **kwargs)  # noqa: E501
      File "/home/ubuntu/.venvs/chaostk/lib/python3.10/site-packages/kubernetes/client/api/core_v1_api.py", line 15942, in list_namespaced_pod_with_http_info
        return self.api_client.call_api(
      File "/home/ubuntu/.venvs/chaostk/lib/python3.10/site-packages/kubernetes/client/api_client.py", line 348, in call_api
        return self.__call_api(resource_path, method,
      File "/home/ubuntu/.venvs/chaostk/lib/python3.10/site-packages/kubernetes/client/api_client.py", line 180, in __call_api
        response_data = self.request(
      File "/home/ubuntu/.venvs/chaostk/lib/python3.10/site-packages/kubernetes/client/api_client.py", line 373, in request
        return self.rest_client.GET(url,
      File "/home/ubuntu/.venvs/chaostk/lib/python3.10/site-packages/kubernetes/client/rest.py", line 241, in GET
        return self.request("GET", url,
      File "/home/ubuntu/.venvs/chaostk/lib/python3.10/site-packages/kubernetes/client/rest.py", line 214, in request
        r = self.pool_manager.request(method, url,
      File "/home/ubuntu/.venvs/chaostk/lib/python3.10/site-packages/urllib3/request.py", line 74, in request
        return self.request_encode_url(
      File "/home/ubuntu/.venvs/chaostk/lib/python3.10/site-packages/urllib3/request.py", line 96, in request_encode_url
        return self.urlopen(method, url, **extra_kw)
      File "/home/ubuntu/.venvs/chaostk/lib/python3.10/site-packages/urllib3/poolmanager.py", line 376, in urlopen
        response = conn.urlopen(method, u.request_uri, **kw)
      File "/home/ubuntu/.venvs/chaostk/lib/python3.10/site-packages/urllib3/connectionpool.py", line 826, in urlopen
        return self.urlopen(
      File "/home/ubuntu/.venvs/chaostk/lib/python3.10/site-packages/urllib3/connectionpool.py", line 826, in urlopen
        return self.urlopen(
      File "/home/ubuntu/.venvs/chaostk/lib/python3.10/site-packages/urllib3/connectionpool.py", line 826, in urlopen
        return self.urlopen(
      File "/home/ubuntu/.venvs/chaostk/lib/python3.10/site-packages/urllib3/connectionpool.py", line 798, in urlopen
        retries = retries.increment(
      File "/home/ubuntu/.venvs/chaostk/lib/python3.10/site-packages/urllib3/util/retry.py", line 592, in increment
        raise MaxRetryError(_pool, url, error or ResponseError(cause))
    chaoslib.exceptions.ActivityFailed: urllib3.exceptions.MaxRetryError: HTTPConnectionPool(host='localhost', port=80): Max retries exceeded with url: /api/v1/namespaces/default/pods?labelSelector=app%3Dsample-app (Caused by NewConnectionError('<urllib3.connection.HTTPConnection object at 0x7f3ee79225f0>: Failed to establish a new connection: [Errno 111] Connection refused'))
[31m[2023-07-19 17:34:21 ERROR] [activity:245][39m   => failed: urllib3.exceptions.MaxRetryError: HTTPConnectionPool(host='localhost', port=80): Max retries exceeded with url: /api/v1/namespaces/default/pods?labelSelector=app%3Dsample-app (Caused by NewConnectionError('<urllib3.connection.HTTPConnection object at 0x7f3ee79225f0>: Failed to establish a new connection: [Errno 111] Connection refused'))
[36m[2023-07-19 17:34:21 DEBUG] [__init__:450][39m No controls to apply on 'activity'
[33m[2023-07-19 17:34:21 WARNING] [hypothesis:213][39m Probe terminated unexpectedly, so its tolerance could not be validated
[36m[2023-07-19 17:34:21 DEBUG] [__init__:450][39m No controls to apply on 'hypothesis'
[31m[2023-07-19 17:34:21 CRITICAL] [run:583][39m Steady state probe 'count_pods' is not in the given tolerance so failing this experiment
[32m[2023-07-19 17:34:21 INFO] [run:515][39m Experiment ended with status: failed
[36m[2023-07-19 17:34:21 DEBUG] [__init__:450][39m No controls to apply on 'experiment'
[36m[2023-07-19 17:34:21 DEBUG] [__init__:103][39m Cleaning up controls
[36m[2023-07-19 17:34:21 DEBUG] [caching:42][39m Clearing activities cache
[36m[2023-07-19 17:34:28 DEBUG] [cli:114][39m ###############################################################################
[36m[2023-07-19 17:34:28 DEBUG] [cli:115][39m Running command 'run'
[36m[2023-07-19 17:34:28 DEBUG] [cli:119][39m Using settings file '/home/ubuntu/.chaostoolkit/settings.yaml'
[36m[2023-07-19 17:34:28 DEBUG] [settings:30][39m The Chaos Toolkit settings file could not be found at '/home/ubuntu/.chaostoolkit/settings.yaml'.
[36m[2023-07-19 17:34:28 DEBUG] [__init__:450][39m No controls to apply on 'loader'
[36m[2023-07-19 17:34:28 DEBUG] [__init__:450][39m No controls to apply on 'loader'
[36m[2023-07-19 17:34:28 DEBUG] [caching:24][39m Building activity cache...
[36m[2023-07-19 17:34:28 DEBUG] [caching:35][39m Cached 2 activities
[32m[2023-07-19 17:34:28 INFO] [experiment:58][39m Validating the experiment's syntax
[36m[2023-07-19 17:34:28 DEBUG] [configuration:63][39m Loading configuration...
[36m[2023-07-19 17:34:28 DEBUG] [secret:78][39m Loading secrets...
[36m[2023-07-19 17:34:28 DEBUG] [secret:103][39m Done loading secrets
[32m[2023-07-19 17:34:29 INFO] [experiment:109][39m Experiment looks valid
[36m[2023-07-19 17:34:29 DEBUG] [caching:42][39m Clearing activities cache
[36m[2023-07-19 17:34:29 DEBUG] [cli:314][39m Runtime strategies: hypothesis - default / rollbacks - default
[36m[2023-07-19 17:34:29 DEBUG] [caching:24][39m Building activity cache...
[36m[2023-07-19 17:34:29 DEBUG] [caching:35][39m Cached 2 activities
[36m[2023-07-19 17:34:29 DEBUG] [configuration:63][39m Loading configuration...
[36m[2023-07-19 17:34:29 DEBUG] [secret:78][39m Loading secrets...
[36m[2023-07-19 17:34:29 DEBUG] [secret:103][39m Done loading secrets
[36m[2023-07-19 17:34:29 DEBUG] [configuration:160][39m Loading dynamic configuration...
[32m[2023-07-19 17:34:29 INFO] [run:369][39m Running experiment: pod exists
[36m[2023-07-19 17:34:29 DEBUG] [__init__:64][39m Initializing controls
[32m[2023-07-19 17:34:29 INFO] [run:396][39m Steady-state strategy: default
[32m[2023-07-19 17:34:29 INFO] [run:400][39m Rollbacks strategy: default
[36m[2023-07-19 17:34:29 DEBUG] [__init__:450][39m No controls to apply on 'experiment'
[36m[2023-07-19 17:34:29 DEBUG] [run:563][39m Running steady-state hypothesis before the method
[32m[2023-07-19 17:34:29 INFO] [hypothesis:186][39m Steady state hypothesis: deployment wokrs
[36m[2023-07-19 17:34:29 DEBUG] [__init__:450][39m No controls to apply on 'hypothesis'
[36m[2023-07-19 17:34:29 DEBUG] [__init__:450][39m No controls to apply on 'activity'
[32m[2023-07-19 17:34:29 INFO] [activity:215][39m Probe: count_pods
[36m[2023-07-19 17:34:29 DEBUG] [python:33][39m Activity 'count_pods' loaded from '/home/ubuntu/.venvs/chaostk/lib/python3.10/site-packages/chaosk8s/pod/probes.py'
[36m[2023-07-19 17:34:29 DEBUG] [activity:294][39m Activity failed
    Traceback (most recent call last):
      File "/home/ubuntu/.venvs/chaostk/lib/python3.10/site-packages/urllib3/connection.py", line 174, in _new_conn
        conn = connection.create_connection(
      File "/home/ubuntu/.venvs/chaostk/lib/python3.10/site-packages/urllib3/util/connection.py", line 95, in create_connection
        raise err
      File "/home/ubuntu/.venvs/chaostk/lib/python3.10/site-packages/urllib3/util/connection.py", line 85, in create_connection
        sock.connect(sa)
    ConnectionRefusedError: [Errno 111] Connection refused
    
    During handling of the above exception, another exception occurred:
    
    Traceback (most recent call last):
      File "/home/ubuntu/.venvs/chaostk/lib/python3.10/site-packages/urllib3/connectionpool.py", line 714, in urlopen
        httplib_response = self._make_request(
      File "/home/ubuntu/.venvs/chaostk/lib/python3.10/site-packages/urllib3/connectionpool.py", line 415, in _make_request
        conn.request(method, url, **httplib_request_kw)
      File "/home/ubuntu/.venvs/chaostk/lib/python3.10/site-packages/urllib3/connection.py", line 244, in request
        super(HTTPConnection, self).request(method, url, body=body, headers=headers)
      File "/usr/lib/python3.10/http/client.py", line 1282, in request
        self._send_request(method, url, body, headers, encode_chunked)
      File "/usr/lib/python3.10/http/client.py", line 1328, in _send_request
        self.endheaders(body, encode_chunked=encode_chunked)
      File "/usr/lib/python3.10/http/client.py", line 1277, in endheaders
        self._send_output(message_body, encode_chunked=encode_chunked)
      File "/usr/lib/python3.10/http/client.py", line 1037, in _send_output
        self.send(msg)
      File "/usr/lib/python3.10/http/client.py", line 975, in send
        self.connect()
      File "/home/ubuntu/.venvs/chaostk/lib/python3.10/site-packages/urllib3/connection.py", line 205, in connect
        conn = self._new_conn()
      File "/home/ubuntu/.venvs/chaostk/lib/python3.10/site-packages/urllib3/connection.py", line 186, in _new_conn
        raise NewConnectionError(
    urllib3.exceptions.NewConnectionError: <urllib3.connection.HTTPConnection object at 0x7f3023655b40>: Failed to establish a new connection: [Errno 111] Connection refused
    
    During handling of the above exception, another exception occurred:
    
    Traceback (most recent call last):
      File "/home/ubuntu/.venvs/chaostk/lib/python3.10/site-packages/chaoslib/provider/python.py", line 56, in run_python_activity
        return func(**arguments)
      File "/home/ubuntu/.venvs/chaostk/lib/python3.10/site-packages/chaosk8s/pod/probes.py", line 251, in count_pods
        ret = v1.list_namespaced_pod(ns, label_selector=label_selector)
      File "/home/ubuntu/.venvs/chaostk/lib/python3.10/site-packages/kubernetes/client/api/core_v1_api.py", line 15823, in list_namespaced_pod
        return self.list_namespaced_pod_with_http_info(namespace, **kwargs)  # noqa: E501
      File "/home/ubuntu/.venvs/chaostk/lib/python3.10/site-packages/kubernetes/client/api/core_v1_api.py", line 15942, in list_namespaced_pod_with_http_info
        return self.api_client.call_api(
      File "/home/ubuntu/.venvs/chaostk/lib/python3.10/site-packages/kubernetes/client/api_client.py", line 348, in call_api
        return self.__call_api(resource_path, method,
      File "/home/ubuntu/.venvs/chaostk/lib/python3.10/site-packages/kubernetes/client/api_client.py", line 180, in __call_api
        response_data = self.request(
      File "/home/ubuntu/.venvs/chaostk/lib/python3.10/site-packages/kubernetes/client/api_client.py", line 373, in request
        return self.rest_client.GET(url,
      File "/home/ubuntu/.venvs/chaostk/lib/python3.10/site-packages/kubernetes/client/rest.py", line 241, in GET
        return self.request("GET", url,
      File "/home/ubuntu/.venvs/chaostk/lib/python3.10/site-packages/kubernetes/client/rest.py", line 214, in request
        r = self.pool_manager.request(method, url,
      File "/home/ubuntu/.venvs/chaostk/lib/python3.10/site-packages/urllib3/request.py", line 74, in request
        return self.request_encode_url(
      File "/home/ubuntu/.venvs/chaostk/lib/python3.10/site-packages/urllib3/request.py", line 96, in request_encode_url
        return self.urlopen(method, url, **extra_kw)
      File "/home/ubuntu/.venvs/chaostk/lib/python3.10/site-packages/urllib3/poolmanager.py", line 376, in urlopen
        response = conn.urlopen(method, u.request_uri, **kw)
      File "/home/ubuntu/.venvs/chaostk/lib/python3.10/site-packages/urllib3/connectionpool.py", line 826, in urlopen
        return self.urlopen(
      File "/home/ubuntu/.venvs/chaostk/lib/python3.10/site-packages/urllib3/connectionpool.py", line 826, in urlopen
        return self.urlopen(
      File "/home/ubuntu/.venvs/chaostk/lib/python3.10/site-packages/urllib3/connectionpool.py", line 826, in urlopen
        return self.urlopen(
      File "/home/ubuntu/.venvs/chaostk/lib/python3.10/site-packages/urllib3/connectionpool.py", line 798, in urlopen
        retries = retries.increment(
      File "/home/ubuntu/.venvs/chaostk/lib/python3.10/site-packages/urllib3/util/retry.py", line 592, in increment
        raise MaxRetryError(_pool, url, error or ResponseError(cause))
    urllib3.exceptions.MaxRetryError: HTTPConnectionPool(host='localhost', port=80): Max retries exceeded with url: /api/v1/namespaces/default/pods?labelSelector=app%3Dsample-app (Caused by NewConnectionError('<urllib3.connection.HTTPConnection object at 0x7f3023655b40>: Failed to establish a new connection: [Errno 111] Connection refused'))
    
    During handling of the above exception, another exception occurred:
    
    Traceback (most recent call last):
      File "/home/ubuntu/.venvs/chaostk/lib/python3.10/site-packages/chaoslib/activity.py", line 287, in run_activity
        result = run_python_activity(activity, configuration, secrets)
      File "/home/ubuntu/.venvs/chaostk/lib/python3.10/site-packages/chaoslib/provider/python.py", line 58, in run_python_activity
        raise ActivityFailed(
      File "/home/ubuntu/.venvs/chaostk/lib/python3.10/site-packages/chaoslib/provider/python.py", line 56, in run_python_activity
        return func(**arguments)
      File "/home/ubuntu/.venvs/chaostk/lib/python3.10/site-packages/chaosk8s/pod/probes.py", line 251, in count_pods
        ret = v1.list_namespaced_pod(ns, label_selector=label_selector)
      File "/home/ubuntu/.venvs/chaostk/lib/python3.10/site-packages/kubernetes/client/api/core_v1_api.py", line 15823, in list_namespaced_pod
        return self.list_namespaced_pod_with_http_info(namespace, **kwargs)  # noqa: E501
      File "/home/ubuntu/.venvs/chaostk/lib/python3.10/site-packages/kubernetes/client/api/core_v1_api.py", line 15942, in list_namespaced_pod_with_http_info
        return self.api_client.call_api(
      File "/home/ubuntu/.venvs/chaostk/lib/python3.10/site-packages/kubernetes/client/api_client.py", line 348, in call_api
        return self.__call_api(resource_path, method,
      File "/home/ubuntu/.venvs/chaostk/lib/python3.10/site-packages/kubernetes/client/api_client.py", line 180, in __call_api
        response_data = self.request(
      File "/home/ubuntu/.venvs/chaostk/lib/python3.10/site-packages/kubernetes/client/api_client.py", line 373, in request
        return self.rest_client.GET(url,
      File "/home/ubuntu/.venvs/chaostk/lib/python3.10/site-packages/kubernetes/client/rest.py", line 241, in GET
        return self.request("GET", url,
      File "/home/ubuntu/.venvs/chaostk/lib/python3.10/site-packages/kubernetes/client/rest.py", line 214, in request
        r = self.pool_manager.request(method, url,
      File "/home/ubuntu/.venvs/chaostk/lib/python3.10/site-packages/urllib3/request.py", line 74, in request
        return self.request_encode_url(
      File "/home/ubuntu/.venvs/chaostk/lib/python3.10/site-packages/urllib3/request.py", line 96, in request_encode_url
        return self.urlopen(method, url, **extra_kw)
      File "/home/ubuntu/.venvs/chaostk/lib/python3.10/site-packages/urllib3/poolmanager.py", line 376, in urlopen
        response = conn.urlopen(method, u.request_uri, **kw)
      File "/home/ubuntu/.venvs/chaostk/lib/python3.10/site-packages/urllib3/connectionpool.py", line 826, in urlopen
        return self.urlopen(
      File "/home/ubuntu/.venvs/chaostk/lib/python3.10/site-packages/urllib3/connectionpool.py", line 826, in urlopen
        return self.urlopen(
      File "/home/ubuntu/.venvs/chaostk/lib/python3.10/site-packages/urllib3/connectionpool.py", line 826, in urlopen
        return self.urlopen(
      File "/home/ubuntu/.venvs/chaostk/lib/python3.10/site-packages/urllib3/connectionpool.py", line 798, in urlopen
        retries = retries.increment(
      File "/home/ubuntu/.venvs/chaostk/lib/python3.10/site-packages/urllib3/util/retry.py", line 592, in increment
        raise MaxRetryError(_pool, url, error or ResponseError(cause))
    chaoslib.exceptions.ActivityFailed: urllib3.exceptions.MaxRetryError: HTTPConnectionPool(host='localhost', port=80): Max retries exceeded with url: /api/v1/namespaces/default/pods?labelSelector=app%3Dsample-app (Caused by NewConnectionError('<urllib3.connection.HTTPConnection object at 0x7f3023655b40>: Failed to establish a new connection: [Errno 111] Connection refused'))
[31m[2023-07-19 17:34:29 ERROR] [activity:245][39m   => failed: urllib3.exceptions.MaxRetryError: HTTPConnectionPool(host='localhost', port=80): Max retries exceeded with url: /api/v1/namespaces/default/pods?labelSelector=app%3Dsample-app (Caused by NewConnectionError('<urllib3.connection.HTTPConnection object at 0x7f3023655b40>: Failed to establish a new connection: [Errno 111] Connection refused'))
[36m[2023-07-19 17:34:29 DEBUG] [__init__:450][39m No controls to apply on 'activity'
[33m[2023-07-19 17:34:29 WARNING] [hypothesis:213][39m Probe terminated unexpectedly, so its tolerance could not be validated
[36m[2023-07-19 17:34:29 DEBUG] [__init__:450][39m No controls to apply on 'hypothesis'
[31m[2023-07-19 17:34:29 CRITICAL] [run:583][39m Steady state probe 'count_pods' is not in the given tolerance so failing this experiment
[32m[2023-07-19 17:34:29 INFO] [run:515][39m Experiment ended with status: failed
[36m[2023-07-19 17:34:29 DEBUG] [__init__:450][39m No controls to apply on 'experiment'
[36m[2023-07-19 17:34:29 DEBUG] [__init__:103][39m Cleaning up controls
[36m[2023-07-19 17:34:29 DEBUG] [caching:42][39m Clearing activities cache
[36m[2023-07-19 17:34:58 DEBUG] [cli:114][39m ###############################################################################
[36m[2023-07-19 17:34:58 DEBUG] [cli:115][39m Running command 'run'
[36m[2023-07-19 17:34:58 DEBUG] [cli:119][39m Using settings file '/home/ubuntu/.chaostoolkit/settings.yaml'
[36m[2023-07-19 17:34:59 DEBUG] [settings:30][39m The Chaos Toolkit settings file could not be found at '/home/ubuntu/.chaostoolkit/settings.yaml'.
[36m[2023-07-19 17:34:59 DEBUG] [__init__:450][39m No controls to apply on 'loader'
[36m[2023-07-19 17:34:59 DEBUG] [__init__:450][39m No controls to apply on 'loader'
[36m[2023-07-19 17:34:59 DEBUG] [caching:24][39m Building activity cache...
[36m[2023-07-19 17:34:59 DEBUG] [caching:35][39m Cached 2 activities
[32m[2023-07-19 17:34:59 INFO] [experiment:58][39m Validating the experiment's syntax
[36m[2023-07-19 17:34:59 DEBUG] [configuration:63][39m Loading configuration...
[36m[2023-07-19 17:34:59 DEBUG] [secret:78][39m Loading secrets...
[36m[2023-07-19 17:34:59 DEBUG] [secret:103][39m Done loading secrets
[32m[2023-07-19 17:34:59 INFO] [experiment:109][39m Experiment looks valid
[36m[2023-07-19 17:34:59 DEBUG] [caching:42][39m Clearing activities cache
[36m[2023-07-19 17:34:59 DEBUG] [cli:314][39m Runtime strategies: hypothesis - default / rollbacks - default
[36m[2023-07-19 17:34:59 DEBUG] [caching:24][39m Building activity cache...
[36m[2023-07-19 17:34:59 DEBUG] [caching:35][39m Cached 2 activities
[36m[2023-07-19 17:34:59 DEBUG] [configuration:63][39m Loading configuration...
[36m[2023-07-19 17:34:59 DEBUG] [secret:78][39m Loading secrets...
[36m[2023-07-19 17:34:59 DEBUG] [secret:103][39m Done loading secrets
[36m[2023-07-19 17:34:59 DEBUG] [configuration:160][39m Loading dynamic configuration...
[32m[2023-07-19 17:34:59 INFO] [run:369][39m Running experiment: pod exists
[36m[2023-07-19 17:34:59 DEBUG] [__init__:64][39m Initializing controls
[32m[2023-07-19 17:34:59 INFO] [run:396][39m Steady-state strategy: default
[32m[2023-07-19 17:34:59 INFO] [run:400][39m Rollbacks strategy: default
[36m[2023-07-19 17:34:59 DEBUG] [__init__:450][39m No controls to apply on 'experiment'
[36m[2023-07-19 17:34:59 DEBUG] [run:563][39m Running steady-state hypothesis before the method
[32m[2023-07-19 17:34:59 INFO] [hypothesis:186][39m Steady state hypothesis: deployment wokrs
[36m[2023-07-19 17:34:59 DEBUG] [__init__:450][39m No controls to apply on 'hypothesis'
[36m[2023-07-19 17:34:59 DEBUG] [__init__:450][39m No controls to apply on 'activity'
[32m[2023-07-19 17:34:59 INFO] [activity:215][39m Probe: count_pods
[36m[2023-07-19 17:34:59 DEBUG] [python:33][39m Activity 'count_pods' loaded from '/home/ubuntu/.venvs/chaostk/lib/python3.10/site-packages/chaosk8s/pod/probes.py'
[36m[2023-07-19 17:34:59 DEBUG] [activity:294][39m Activity failed
    Traceback (most recent call last):
      File "/home/ubuntu/.venvs/chaostk/lib/python3.10/site-packages/urllib3/connection.py", line 174, in _new_conn
        conn = connection.create_connection(
      File "/home/ubuntu/.venvs/chaostk/lib/python3.10/site-packages/urllib3/util/connection.py", line 95, in create_connection
        raise err
      File "/home/ubuntu/.venvs/chaostk/lib/python3.10/site-packages/urllib3/util/connection.py", line 85, in create_connection
        sock.connect(sa)
    ConnectionRefusedError: [Errno 111] Connection refused
    
    During handling of the above exception, another exception occurred:
    
    Traceback (most recent call last):
      File "/home/ubuntu/.venvs/chaostk/lib/python3.10/site-packages/urllib3/connectionpool.py", line 714, in urlopen
        httplib_response = self._make_request(
      File "/home/ubuntu/.venvs/chaostk/lib/python3.10/site-packages/urllib3/connectionpool.py", line 415, in _make_request
        conn.request(method, url, **httplib_request_kw)
      File "/home/ubuntu/.venvs/chaostk/lib/python3.10/site-packages/urllib3/connection.py", line 244, in request
        super(HTTPConnection, self).request(method, url, body=body, headers=headers)
      File "/usr/lib/python3.10/http/client.py", line 1282, in request
        self._send_request(method, url, body, headers, encode_chunked)
      File "/usr/lib/python3.10/http/client.py", line 1328, in _send_request
        self.endheaders(body, encode_chunked=encode_chunked)
      File "/usr/lib/python3.10/http/client.py", line 1277, in endheaders
        self._send_output(message_body, encode_chunked=encode_chunked)
      File "/usr/lib/python3.10/http/client.py", line 1037, in _send_output
        self.send(msg)
      File "/usr/lib/python3.10/http/client.py", line 975, in send
        self.connect()
      File "/home/ubuntu/.venvs/chaostk/lib/python3.10/site-packages/urllib3/connection.py", line 205, in connect
        conn = self._new_conn()
      File "/home/ubuntu/.venvs/chaostk/lib/python3.10/site-packages/urllib3/connection.py", line 186, in _new_conn
        raise NewConnectionError(
    urllib3.exceptions.NewConnectionError: <urllib3.connection.HTTPConnection object at 0x7f49cb7cec50>: Failed to establish a new connection: [Errno 111] Connection refused
    
    During handling of the above exception, another exception occurred:
    
    Traceback (most recent call last):
      File "/home/ubuntu/.venvs/chaostk/lib/python3.10/site-packages/chaoslib/provider/python.py", line 56, in run_python_activity
        return func(**arguments)
      File "/home/ubuntu/.venvs/chaostk/lib/python3.10/site-packages/chaosk8s/pod/probes.py", line 251, in count_pods
        ret = v1.list_namespaced_pod(ns, label_selector=label_selector)
      File "/home/ubuntu/.venvs/chaostk/lib/python3.10/site-packages/kubernetes/client/api/core_v1_api.py", line 15823, in list_namespaced_pod
        return self.list_namespaced_pod_with_http_info(namespace, **kwargs)  # noqa: E501
      File "/home/ubuntu/.venvs/chaostk/lib/python3.10/site-packages/kubernetes/client/api/core_v1_api.py", line 15942, in list_namespaced_pod_with_http_info
        return self.api_client.call_api(
      File "/home/ubuntu/.venvs/chaostk/lib/python3.10/site-packages/kubernetes/client/api_client.py", line 348, in call_api
        return self.__call_api(resource_path, method,
      File "/home/ubuntu/.venvs/chaostk/lib/python3.10/site-packages/kubernetes/client/api_client.py", line 180, in __call_api
        response_data = self.request(
      File "/home/ubuntu/.venvs/chaostk/lib/python3.10/site-packages/kubernetes/client/api_client.py", line 373, in request
        return self.rest_client.GET(url,
      File "/home/ubuntu/.venvs/chaostk/lib/python3.10/site-packages/kubernetes/client/rest.py", line 241, in GET
        return self.request("GET", url,
      File "/home/ubuntu/.venvs/chaostk/lib/python3.10/site-packages/kubernetes/client/rest.py", line 214, in request
        r = self.pool_manager.request(method, url,
      File "/home/ubuntu/.venvs/chaostk/lib/python3.10/site-packages/urllib3/request.py", line 74, in request
        return self.request_encode_url(
      File "/home/ubuntu/.venvs/chaostk/lib/python3.10/site-packages/urllib3/request.py", line 96, in request_encode_url
        return self.urlopen(method, url, **extra_kw)
      File "/home/ubuntu/.venvs/chaostk/lib/python3.10/site-packages/urllib3/poolmanager.py", line 376, in urlopen
        response = conn.urlopen(method, u.request_uri, **kw)
      File "/home/ubuntu/.venvs/chaostk/lib/python3.10/site-packages/urllib3/connectionpool.py", line 826, in urlopen
        return self.urlopen(
      File "/home/ubuntu/.venvs/chaostk/lib/python3.10/site-packages/urllib3/connectionpool.py", line 826, in urlopen
        return self.urlopen(
      File "/home/ubuntu/.venvs/chaostk/lib/python3.10/site-packages/urllib3/connectionpool.py", line 826, in urlopen
        return self.urlopen(
      File "/home/ubuntu/.venvs/chaostk/lib/python3.10/site-packages/urllib3/connectionpool.py", line 798, in urlopen
        retries = retries.increment(
      File "/home/ubuntu/.venvs/chaostk/lib/python3.10/site-packages/urllib3/util/retry.py", line 592, in increment
        raise MaxRetryError(_pool, url, error or ResponseError(cause))
    urllib3.exceptions.MaxRetryError: HTTPConnectionPool(host='localhost', port=80): Max retries exceeded with url: /api/v1/namespaces/default/pods?labelSelector=app%3Dsample-app (Caused by NewConnectionError('<urllib3.connection.HTTPConnection object at 0x7f49cb7cec50>: Failed to establish a new connection: [Errno 111] Connection refused'))
    
    During handling of the above exception, another exception occurred:
    
    Traceback (most recent call last):
      File "/home/ubuntu/.venvs/chaostk/lib/python3.10/site-packages/chaoslib/activity.py", line 287, in run_activity
        result = run_python_activity(activity, configuration, secrets)
      File "/home/ubuntu/.venvs/chaostk/lib/python3.10/site-packages/chaoslib/provider/python.py", line 58, in run_python_activity
        raise ActivityFailed(
      File "/home/ubuntu/.venvs/chaostk/lib/python3.10/site-packages/chaoslib/provider/python.py", line 56, in run_python_activity
        return func(**arguments)
      File "/home/ubuntu/.venvs/chaostk/lib/python3.10/site-packages/chaosk8s/pod/probes.py", line 251, in count_pods
        ret = v1.list_namespaced_pod(ns, label_selector=label_selector)
      File "/home/ubuntu/.venvs/chaostk/lib/python3.10/site-packages/kubernetes/client/api/core_v1_api.py", line 15823, in list_namespaced_pod
        return self.list_namespaced_pod_with_http_info(namespace, **kwargs)  # noqa: E501
      File "/home/ubuntu/.venvs/chaostk/lib/python3.10/site-packages/kubernetes/client/api/core_v1_api.py", line 15942, in list_namespaced_pod_with_http_info
        return self.api_client.call_api(
      File "/home/ubuntu/.venvs/chaostk/lib/python3.10/site-packages/kubernetes/client/api_client.py", line 348, in call_api
        return self.__call_api(resource_path, method,
      File "/home/ubuntu/.venvs/chaostk/lib/python3.10/site-packages/kubernetes/client/api_client.py", line 180, in __call_api
        response_data = self.request(
      File "/home/ubuntu/.venvs/chaostk/lib/python3.10/site-packages/kubernetes/client/api_client.py", line 373, in request
        return self.rest_client.GET(url,
      File "/home/ubuntu/.venvs/chaostk/lib/python3.10/site-packages/kubernetes/client/rest.py", line 241, in GET
        return self.request("GET", url,
      File "/home/ubuntu/.venvs/chaostk/lib/python3.10/site-packages/kubernetes/client/rest.py", line 214, in request
        r = self.pool_manager.request(method, url,
      File "/home/ubuntu/.venvs/chaostk/lib/python3.10/site-packages/urllib3/request.py", line 74, in request
        return self.request_encode_url(
      File "/home/ubuntu/.venvs/chaostk/lib/python3.10/site-packages/urllib3/request.py", line 96, in request_encode_url
        return self.urlopen(method, url, **extra_kw)
      File "/home/ubuntu/.venvs/chaostk/lib/python3.10/site-packages/urllib3/poolmanager.py", line 376, in urlopen
        response = conn.urlopen(method, u.request_uri, **kw)
      File "/home/ubuntu/.venvs/chaostk/lib/python3.10/site-packages/urllib3/connectionpool.py", line 826, in urlopen
        return self.urlopen(
      File "/home/ubuntu/.venvs/chaostk/lib/python3.10/site-packages/urllib3/connectionpool.py", line 826, in urlopen
        return self.urlopen(
      File "/home/ubuntu/.venvs/chaostk/lib/python3.10/site-packages/urllib3/connectionpool.py", line 826, in urlopen
        return self.urlopen(
      File "/home/ubuntu/.venvs/chaostk/lib/python3.10/site-packages/urllib3/connectionpool.py", line 798, in urlopen
        retries = retries.increment(
      File "/home/ubuntu/.venvs/chaostk/lib/python3.10/site-packages/urllib3/util/retry.py", line 592, in increment
        raise MaxRetryError(_pool, url, error or ResponseError(cause))
    chaoslib.exceptions.ActivityFailed: urllib3.exceptions.MaxRetryError: HTTPConnectionPool(host='localhost', port=80): Max retries exceeded with url: /api/v1/namespaces/default/pods?labelSelector=app%3Dsample-app (Caused by NewConnectionError('<urllib3.connection.HTTPConnection object at 0x7f49cb7cec50>: Failed to establish a new connection: [Errno 111] Connection refused'))
[31m[2023-07-19 17:34:59 ERROR] [activity:245][39m   => failed: urllib3.exceptions.MaxRetryError: HTTPConnectionPool(host='localhost', port=80): Max retries exceeded with url: /api/v1/namespaces/default/pods?labelSelector=app%3Dsample-app (Caused by NewConnectionError('<urllib3.connection.HTTPConnection object at 0x7f49cb7cec50>: Failed to establish a new connection: [Errno 111] Connection refused'))
[36m[2023-07-19 17:34:59 DEBUG] [__init__:450][39m No controls to apply on 'activity'
[33m[2023-07-19 17:34:59 WARNING] [hypothesis:213][39m Probe terminated unexpectedly, so its tolerance could not be validated
[36m[2023-07-19 17:34:59 DEBUG] [__init__:450][39m No controls to apply on 'hypothesis'
[31m[2023-07-19 17:34:59 CRITICAL] [run:583][39m Steady state probe 'count_pods' is not in the given tolerance so failing this experiment
[32m[2023-07-19 17:34:59 INFO] [run:515][39m Experiment ended with status: failed
[36m[2023-07-19 17:34:59 DEBUG] [__init__:450][39m No controls to apply on 'experiment'
[36m[2023-07-19 17:34:59 DEBUG] [__init__:103][39m Cleaning up controls
[36m[2023-07-19 17:34:59 DEBUG] [caching:42][39m Clearing activities cache
[36m[2023-07-19 17:35:54 DEBUG] [cli:114][39m ###############################################################################
[36m[2023-07-19 17:35:54 DEBUG] [cli:115][39m Running command 'run'
[36m[2023-07-19 17:35:54 DEBUG] [cli:119][39m Using settings file '/home/ubuntu/.chaostoolkit/settings.yaml'
[36m[2023-07-19 17:35:54 DEBUG] [settings:30][39m The Chaos Toolkit settings file could not be found at '/home/ubuntu/.chaostoolkit/settings.yaml'.
[36m[2023-07-19 17:35:54 DEBUG] [__init__:450][39m No controls to apply on 'loader'
[36m[2023-07-19 17:35:54 DEBUG] [__init__:450][39m No controls to apply on 'loader'
[36m[2023-07-19 17:35:54 DEBUG] [caching:24][39m Building activity cache...
[36m[2023-07-19 17:35:54 DEBUG] [caching:35][39m Cached 2 activities
[32m[2023-07-19 17:35:54 INFO] [experiment:58][39m Validating the experiment's syntax
[36m[2023-07-19 17:35:54 DEBUG] [configuration:63][39m Loading configuration...
[36m[2023-07-19 17:35:54 DEBUG] [secret:78][39m Loading secrets...
[36m[2023-07-19 17:35:54 DEBUG] [secret:103][39m Done loading secrets
[32m[2023-07-19 17:35:55 INFO] [experiment:109][39m Experiment looks valid
[36m[2023-07-19 17:35:55 DEBUG] [caching:42][39m Clearing activities cache
[36m[2023-07-19 17:35:55 DEBUG] [cli:314][39m Runtime strategies: hypothesis - default / rollbacks - default
[36m[2023-07-19 17:35:55 DEBUG] [caching:24][39m Building activity cache...
[36m[2023-07-19 17:35:55 DEBUG] [caching:35][39m Cached 2 activities
[36m[2023-07-19 17:35:55 DEBUG] [configuration:63][39m Loading configuration...
[36m[2023-07-19 17:35:55 DEBUG] [secret:78][39m Loading secrets...
[36m[2023-07-19 17:35:55 DEBUG] [secret:103][39m Done loading secrets
[36m[2023-07-19 17:35:55 DEBUG] [configuration:160][39m Loading dynamic configuration...
[32m[2023-07-19 17:35:55 INFO] [run:369][39m Running experiment: pod exists
[36m[2023-07-19 17:35:55 DEBUG] [__init__:64][39m Initializing controls
[32m[2023-07-19 17:35:55 INFO] [run:396][39m Steady-state strategy: default
[32m[2023-07-19 17:35:55 INFO] [run:400][39m Rollbacks strategy: default
[36m[2023-07-19 17:35:55 DEBUG] [__init__:450][39m No controls to apply on 'experiment'
[36m[2023-07-19 17:35:55 DEBUG] [run:563][39m Running steady-state hypothesis before the method
[32m[2023-07-19 17:35:55 INFO] [hypothesis:186][39m Steady state hypothesis: deployment wokrs
[36m[2023-07-19 17:35:55 DEBUG] [__init__:450][39m No controls to apply on 'hypothesis'
[36m[2023-07-19 17:35:55 DEBUG] [__init__:450][39m No controls to apply on 'activity'
[32m[2023-07-19 17:35:55 INFO] [activity:215][39m Probe: count_pods
[36m[2023-07-19 17:35:55 DEBUG] [python:33][39m Activity 'count_pods' loaded from '/home/ubuntu/.venvs/chaostk/lib/python3.10/site-packages/chaosk8s/pod/probes.py'
[36m[2023-07-19 17:35:55 DEBUG] [probes:252][39m Found 1 pods matching label 'app=sample-app' in ns 'default'
[36m[2023-07-19 17:35:55 DEBUG] [activity:237][39m   => succeeded with '1'
[36m[2023-07-19 17:35:55 DEBUG] [__init__:450][39m No controls to apply on 'activity'
[36m[2023-07-19 17:35:55 DEBUG] [hypothesis:226][39m allowed tolerance is 1
[36m[2023-07-19 17:35:55 DEBUG] [__init__:450][39m No controls to apply on 'hypothesis'
[31m[2023-07-19 17:35:55 CRITICAL] [run:583][39m Steady state probe 'count_pods' is not in the given tolerance so failing this experiment
[32m[2023-07-19 17:35:55 INFO] [run:964][39m Let's rollback...
[36m[2023-07-19 17:35:55 DEBUG] [__init__:450][39m No controls to apply on 'rollback'
[32m[2023-07-19 17:35:55 INFO] [rollback:31][39m No declared rollbacks, let's move on.
[36m[2023-07-19 17:35:55 DEBUG] [__init__:450][39m No controls to apply on 'rollback'
[32m[2023-07-19 17:35:55 INFO] [run:515][39m Experiment ended with status: completed
[36m[2023-07-19 17:35:55 DEBUG] [__init__:450][39m No controls to apply on 'experiment'
[36m[2023-07-19 17:35:55 DEBUG] [__init__:103][39m Cleaning up controls
[36m[2023-07-19 17:35:55 DEBUG] [caching:42][39m Clearing activities cache
[36m[2023-07-19 17:37:27 DEBUG] [cli:114][39m ###############################################################################
[36m[2023-07-19 17:37:27 DEBUG] [cli:115][39m Running command 'run'
[36m[2023-07-19 17:37:27 DEBUG] [cli:119][39m Using settings file '/home/ubuntu/.chaostoolkit/settings.yaml'
[36m[2023-07-19 17:37:27 DEBUG] [settings:30][39m The Chaos Toolkit settings file could not be found at '/home/ubuntu/.chaostoolkit/settings.yaml'.
[36m[2023-07-19 17:37:27 DEBUG] [__init__:450][39m No controls to apply on 'loader'
[36m[2023-07-19 17:37:27 DEBUG] [__init__:450][39m No controls to apply on 'loader'
[36m[2023-07-19 17:37:27 DEBUG] [caching:24][39m Building activity cache...
[36m[2023-07-19 17:37:27 DEBUG] [caching:35][39m Cached 2 activities
[32m[2023-07-19 17:37:27 INFO] [experiment:58][39m Validating the experiment's syntax
[36m[2023-07-19 17:37:27 DEBUG] [configuration:63][39m Loading configuration...
[36m[2023-07-19 17:37:27 DEBUG] [secret:78][39m Loading secrets...
[36m[2023-07-19 17:37:27 DEBUG] [secret:103][39m Done loading secrets
[32m[2023-07-19 17:37:28 INFO] [experiment:109][39m Experiment looks valid
[36m[2023-07-19 17:37:28 DEBUG] [caching:42][39m Clearing activities cache
[36m[2023-07-19 17:37:28 DEBUG] [cli:314][39m Runtime strategies: hypothesis - default / rollbacks - default
[36m[2023-07-19 17:37:28 DEBUG] [caching:24][39m Building activity cache...
[36m[2023-07-19 17:37:28 DEBUG] [caching:35][39m Cached 2 activities
[36m[2023-07-19 17:37:28 DEBUG] [configuration:63][39m Loading configuration...
[36m[2023-07-19 17:37:28 DEBUG] [secret:78][39m Loading secrets...
[36m[2023-07-19 17:37:28 DEBUG] [secret:103][39m Done loading secrets
[36m[2023-07-19 17:37:28 DEBUG] [configuration:160][39m Loading dynamic configuration...
[32m[2023-07-19 17:37:28 INFO] [run:369][39m Running experiment: pod exists
[36m[2023-07-19 17:37:28 DEBUG] [__init__:64][39m Initializing controls
[32m[2023-07-19 17:37:28 INFO] [run:396][39m Steady-state strategy: default
[32m[2023-07-19 17:37:28 INFO] [run:400][39m Rollbacks strategy: default
[36m[2023-07-19 17:37:28 DEBUG] [__init__:450][39m No controls to apply on 'experiment'
[36m[2023-07-19 17:37:28 DEBUG] [run:563][39m Running steady-state hypothesis before the method
[32m[2023-07-19 17:37:28 INFO] [hypothesis:186][39m Steady state hypothesis: deployment works
[36m[2023-07-19 17:37:28 DEBUG] [__init__:450][39m No controls to apply on 'hypothesis'
[36m[2023-07-19 17:37:28 DEBUG] [__init__:450][39m No controls to apply on 'activity'
[32m[2023-07-19 17:37:28 INFO] [activity:215][39m Probe: count_pods
[36m[2023-07-19 17:37:28 DEBUG] [python:33][39m Activity 'count_pods' loaded from '/home/ubuntu/.venvs/chaostk/lib/python3.10/site-packages/chaosk8s/pod/probes.py'
[36m[2023-07-19 17:37:28 DEBUG] [probes:252][39m Found 1 pods matching label 'app=sample-app' in ns 'default'
[36m[2023-07-19 17:37:28 DEBUG] [activity:237][39m   => succeeded with '1'
[36m[2023-07-19 17:37:28 DEBUG] [__init__:450][39m No controls to apply on 'activity'
[36m[2023-07-19 17:37:28 DEBUG] [hypothesis:226][39m allowed tolerance is 2
[36m[2023-07-19 17:37:28 DEBUG] [__init__:450][39m No controls to apply on 'hypothesis'
[31m[2023-07-19 17:37:28 CRITICAL] [run:583][39m Steady state probe 'count_pods' is not in the given tolerance so failing this experiment
[32m[2023-07-19 17:37:28 INFO] [run:964][39m Let's rollback...
[36m[2023-07-19 17:37:28 DEBUG] [__init__:450][39m No controls to apply on 'rollback'
[32m[2023-07-19 17:37:28 INFO] [rollback:31][39m No declared rollbacks, let's move on.
[36m[2023-07-19 17:37:28 DEBUG] [__init__:450][39m No controls to apply on 'rollback'
[32m[2023-07-19 17:37:28 INFO] [run:515][39m Experiment ended with status: completed
[36m[2023-07-19 17:37:28 DEBUG] [__init__:450][39m No controls to apply on 'experiment'
[36m[2023-07-19 17:37:28 DEBUG] [__init__:103][39m Cleaning up controls
[36m[2023-07-19 17:37:28 DEBUG] [caching:42][39m Clearing activities cache
[36m[2023-07-19 17:37:45 DEBUG] [cli:114][39m ###############################################################################
[36m[2023-07-19 17:37:45 DEBUG] [cli:115][39m Running command 'run'
[36m[2023-07-19 17:37:45 DEBUG] [cli:119][39m Using settings file '/home/ubuntu/.chaostoolkit/settings.yaml'
[36m[2023-07-19 17:37:46 DEBUG] [settings:30][39m The Chaos Toolkit settings file could not be found at '/home/ubuntu/.chaostoolkit/settings.yaml'.
[36m[2023-07-19 17:37:46 DEBUG] [__init__:450][39m No controls to apply on 'loader'
[36m[2023-07-19 17:37:46 DEBUG] [__init__:450][39m No controls to apply on 'loader'
[36m[2023-07-19 17:37:46 DEBUG] [caching:24][39m Building activity cache...
[36m[2023-07-19 17:37:46 DEBUG] [caching:35][39m Cached 2 activities
[32m[2023-07-19 17:37:46 INFO] [experiment:58][39m Validating the experiment's syntax
[36m[2023-07-19 17:37:46 DEBUG] [configuration:63][39m Loading configuration...
[36m[2023-07-19 17:37:46 DEBUG] [secret:78][39m Loading secrets...
[36m[2023-07-19 17:37:46 DEBUG] [secret:103][39m Done loading secrets
[32m[2023-07-19 17:37:47 INFO] [experiment:109][39m Experiment looks valid
[36m[2023-07-19 17:37:47 DEBUG] [caching:42][39m Clearing activities cache
[36m[2023-07-19 17:37:47 DEBUG] [cli:314][39m Runtime strategies: hypothesis - default / rollbacks - default
[36m[2023-07-19 17:37:47 DEBUG] [caching:24][39m Building activity cache...
[36m[2023-07-19 17:37:47 DEBUG] [caching:35][39m Cached 2 activities
[36m[2023-07-19 17:37:47 DEBUG] [configuration:63][39m Loading configuration...
[36m[2023-07-19 17:37:47 DEBUG] [secret:78][39m Loading secrets...
[36m[2023-07-19 17:37:47 DEBUG] [secret:103][39m Done loading secrets
[36m[2023-07-19 17:37:47 DEBUG] [configuration:160][39m Loading dynamic configuration...
[32m[2023-07-19 17:37:47 INFO] [run:369][39m Running experiment: pod exists
[36m[2023-07-19 17:37:47 DEBUG] [__init__:64][39m Initializing controls
[32m[2023-07-19 17:37:47 INFO] [run:396][39m Steady-state strategy: default
[32m[2023-07-19 17:37:47 INFO] [run:400][39m Rollbacks strategy: default
[36m[2023-07-19 17:37:47 DEBUG] [__init__:450][39m No controls to apply on 'experiment'
[36m[2023-07-19 17:37:47 DEBUG] [run:563][39m Running steady-state hypothesis before the method
[32m[2023-07-19 17:37:47 INFO] [hypothesis:186][39m Steady state hypothesis: deployment works
[36m[2023-07-19 17:37:47 DEBUG] [__init__:450][39m No controls to apply on 'hypothesis'
[36m[2023-07-19 17:37:47 DEBUG] [__init__:450][39m No controls to apply on 'activity'
[32m[2023-07-19 17:37:47 INFO] [activity:215][39m Probe: count_pods
[36m[2023-07-19 17:37:47 DEBUG] [python:33][39m Activity 'count_pods' loaded from '/home/ubuntu/.venvs/chaostk/lib/python3.10/site-packages/chaosk8s/pod/probes.py'
[36m[2023-07-19 17:37:47 DEBUG] [probes:252][39m Found 1 pods matching label 'app=sample-app' in ns 'default'
[36m[2023-07-19 17:37:47 DEBUG] [activity:237][39m   => succeeded with '1'
[36m[2023-07-19 17:37:47 DEBUG] [__init__:450][39m No controls to apply on 'activity'
[36m[2023-07-19 17:37:47 DEBUG] [hypothesis:226][39m allowed tolerance is 0
[36m[2023-07-19 17:37:47 DEBUG] [__init__:450][39m No controls to apply on 'hypothesis'
[31m[2023-07-19 17:37:47 CRITICAL] [run:583][39m Steady state probe 'count_pods' is not in the given tolerance so failing this experiment
[32m[2023-07-19 17:37:47 INFO] [run:964][39m Let's rollback...
[36m[2023-07-19 17:37:47 DEBUG] [__init__:450][39m No controls to apply on 'rollback'
[32m[2023-07-19 17:37:47 INFO] [rollback:31][39m No declared rollbacks, let's move on.
[36m[2023-07-19 17:37:47 DEBUG] [__init__:450][39m No controls to apply on 'rollback'
[32m[2023-07-19 17:37:47 INFO] [run:515][39m Experiment ended with status: completed
[36m[2023-07-19 17:37:47 DEBUG] [__init__:450][39m No controls to apply on 'experiment'
[36m[2023-07-19 17:37:47 DEBUG] [__init__:103][39m Cleaning up controls
[36m[2023-07-19 17:37:47 DEBUG] [caching:42][39m Clearing activities cache
[36m[2023-07-19 17:46:39 DEBUG] [cli:114][39m ###############################################################################
[36m[2023-07-19 17:46:39 DEBUG] [cli:115][39m Running command 'run'
[36m[2023-07-19 17:46:39 DEBUG] [cli:119][39m Using settings file '/home/ubuntu/.chaostoolkit/settings.yaml'
[36m[2023-07-19 17:46:39 DEBUG] [settings:30][39m The Chaos Toolkit settings file could not be found at '/home/ubuntu/.chaostoolkit/settings.yaml'.
[36m[2023-07-19 17:46:39 DEBUG] [__init__:450][39m No controls to apply on 'loader'
[36m[2023-07-19 17:46:39 DEBUG] [__init__:450][39m No controls to apply on 'loader'
[36m[2023-07-19 17:46:39 DEBUG] [caching:24][39m Building activity cache...
[36m[2023-07-19 17:46:39 DEBUG] [caching:35][39m Cached 2 activities
[32m[2023-07-19 17:46:39 INFO] [experiment:58][39m Validating the experiment's syntax
[36m[2023-07-19 17:46:39 DEBUG] [configuration:63][39m Loading configuration...
[36m[2023-07-19 17:46:39 DEBUG] [secret:78][39m Loading secrets...
[36m[2023-07-19 17:46:39 DEBUG] [secret:103][39m Done loading secrets
[32m[2023-07-19 17:46:40 INFO] [experiment:109][39m Experiment looks valid
[36m[2023-07-19 17:46:40 DEBUG] [caching:42][39m Clearing activities cache
[36m[2023-07-19 17:46:40 DEBUG] [cli:314][39m Runtime strategies: hypothesis - default / rollbacks - default
[36m[2023-07-19 17:46:40 DEBUG] [caching:24][39m Building activity cache...
[36m[2023-07-19 17:46:40 DEBUG] [caching:35][39m Cached 2 activities
[36m[2023-07-19 17:46:40 DEBUG] [configuration:63][39m Loading configuration...
[36m[2023-07-19 17:46:40 DEBUG] [secret:78][39m Loading secrets...
[36m[2023-07-19 17:46:40 DEBUG] [secret:103][39m Done loading secrets
[36m[2023-07-19 17:46:40 DEBUG] [configuration:160][39m Loading dynamic configuration...
[32m[2023-07-19 17:46:40 INFO] [run:369][39m Running experiment: pod exists
[36m[2023-07-19 17:46:40 DEBUG] [__init__:64][39m Initializing controls
[32m[2023-07-19 17:46:40 INFO] [run:396][39m Steady-state strategy: default
[32m[2023-07-19 17:46:40 INFO] [run:400][39m Rollbacks strategy: default
[36m[2023-07-19 17:46:40 DEBUG] [__init__:450][39m No controls to apply on 'experiment'
[36m[2023-07-19 17:46:40 DEBUG] [run:563][39m Running steady-state hypothesis before the method
[32m[2023-07-19 17:46:40 INFO] [hypothesis:186][39m Steady state hypothesis: deployment works
[36m[2023-07-19 17:46:40 DEBUG] [__init__:450][39m No controls to apply on 'hypothesis'
[36m[2023-07-19 17:46:40 DEBUG] [__init__:450][39m No controls to apply on 'activity'
[32m[2023-07-19 17:46:40 INFO] [activity:215][39m Probe: count_pods
[36m[2023-07-19 17:46:40 DEBUG] [python:33][39m Activity 'count_pods' loaded from '/home/ubuntu/.venvs/chaostk/lib/python3.10/site-packages/chaosk8s/pod/probes.py'
[36m[2023-07-19 17:46:40 DEBUG] [probes:252][39m Found 1 pods matching label 'app=sample-app' in ns 'default'
[36m[2023-07-19 17:46:40 DEBUG] [activity:237][39m   => succeeded with '1'
[36m[2023-07-19 17:46:40 DEBUG] [__init__:450][39m No controls to apply on 'activity'
[36m[2023-07-19 17:46:40 DEBUG] [hypothesis:226][39m allowed tolerance is 1
[32m[2023-07-19 17:46:40 INFO] [hypothesis:236][39m Steady state hypothesis is met!
[36m[2023-07-19 17:46:40 DEBUG] [__init__:450][39m No controls to apply on 'hypothesis'
[32m[2023-07-19 17:46:40 INFO] [run:684][39m Playing your experiment's method now...
[36m[2023-07-19 17:46:40 DEBUG] [__init__:450][39m No controls to apply on 'method'
[36m[2023-07-19 17:46:40 DEBUG] [__init__:450][39m No controls to apply on 'activity'
[32m[2023-07-19 17:46:40 INFO] [activity:215][39m Action: terminate_pods
[36m[2023-07-19 17:46:40 DEBUG] [python:33][39m Activity 'terminate_pods' loaded from '/home/ubuntu/.venvs/chaostk/lib/python3.10/site-packages/chaosk8s/pod/actions.py'
[36m[2023-07-19 17:46:40 DEBUG] [actions:232][39m Found 1 pods labelled 'app=sample-app' in ns default
[36m[2023-07-19 17:46:40 DEBUG] [activity:237][39m   => succeeded with '[]'
[36m[2023-07-19 17:46:40 DEBUG] [__init__:450][39m No controls to apply on 'activity'
[36m[2023-07-19 17:46:40 DEBUG] [__init__:450][39m No controls to apply on 'method'
[36m[2023-07-19 17:46:40 DEBUG] [run:603][39m Running steady-state hypothesis after the method
[32m[2023-07-19 17:46:40 INFO] [hypothesis:186][39m Steady state hypothesis: deployment works
[36m[2023-07-19 17:46:40 DEBUG] [__init__:450][39m No controls to apply on 'hypothesis'
[36m[2023-07-19 17:46:40 DEBUG] [__init__:450][39m No controls to apply on 'activity'
[32m[2023-07-19 17:46:40 INFO] [activity:215][39m Probe: count_pods
[36m[2023-07-19 17:46:40 DEBUG] [python:33][39m Activity 'count_pods' loaded from '/home/ubuntu/.venvs/chaostk/lib/python3.10/site-packages/chaosk8s/pod/probes.py'
[36m[2023-07-19 17:46:40 DEBUG] [probes:252][39m Found 1 pods matching label 'app=sample-app' in ns 'default'
[36m[2023-07-19 17:46:40 DEBUG] [activity:237][39m   => succeeded with '1'
[36m[2023-07-19 17:46:40 DEBUG] [__init__:450][39m No controls to apply on 'activity'
[36m[2023-07-19 17:46:40 DEBUG] [hypothesis:226][39m allowed tolerance is 1
[32m[2023-07-19 17:46:40 INFO] [hypothesis:236][39m Steady state hypothesis is met!
[36m[2023-07-19 17:46:40 DEBUG] [__init__:450][39m No controls to apply on 'hypothesis'
[32m[2023-07-19 17:46:40 INFO] [run:964][39m Let's rollback...
[36m[2023-07-19 17:46:40 DEBUG] [__init__:450][39m No controls to apply on 'rollback'
[32m[2023-07-19 17:46:40 INFO] [rollback:31][39m No declared rollbacks, let's move on.
[36m[2023-07-19 17:46:40 DEBUG] [__init__:450][39m No controls to apply on 'rollback'
[32m[2023-07-19 17:46:40 INFO] [run:515][39m Experiment ended with status: completed
[36m[2023-07-19 17:46:40 DEBUG] [__init__:450][39m No controls to apply on 'experiment'
[36m[2023-07-19 17:46:40 DEBUG] [__init__:103][39m Cleaning up controls
[36m[2023-07-19 17:46:40 DEBUG] [caching:42][39m Clearing activities cache
[36m[2023-07-19 17:47:32 DEBUG] [cli:114][39m ###############################################################################
[36m[2023-07-19 17:47:32 DEBUG] [cli:115][39m Running command 'run'
[36m[2023-07-19 17:47:32 DEBUG] [cli:119][39m Using settings file '/home/ubuntu/.chaostoolkit/settings.yaml'
[36m[2023-07-19 17:47:32 DEBUG] [settings:30][39m The Chaos Toolkit settings file could not be found at '/home/ubuntu/.chaostoolkit/settings.yaml'.
[36m[2023-07-19 17:47:32 DEBUG] [__init__:450][39m No controls to apply on 'loader'
[36m[2023-07-19 17:47:32 DEBUG] [__init__:450][39m No controls to apply on 'loader'
[36m[2023-07-19 17:47:32 DEBUG] [caching:24][39m Building activity cache...
[36m[2023-07-19 17:47:32 DEBUG] [caching:35][39m Cached 2 activities
[32m[2023-07-19 17:47:32 INFO] [experiment:58][39m Validating the experiment's syntax
[36m[2023-07-19 17:47:32 DEBUG] [configuration:63][39m Loading configuration...
[36m[2023-07-19 17:47:32 DEBUG] [secret:78][39m Loading secrets...
[36m[2023-07-19 17:47:32 DEBUG] [secret:103][39m Done loading secrets
[32m[2023-07-19 17:47:33 INFO] [experiment:109][39m Experiment looks valid
[36m[2023-07-19 17:47:33 DEBUG] [caching:42][39m Clearing activities cache
[36m[2023-07-19 17:47:33 DEBUG] [cli:314][39m Runtime strategies: hypothesis - default / rollbacks - default
[36m[2023-07-19 17:47:33 DEBUG] [caching:24][39m Building activity cache...
[36m[2023-07-19 17:47:33 DEBUG] [caching:35][39m Cached 2 activities
[36m[2023-07-19 17:47:33 DEBUG] [configuration:63][39m Loading configuration...
[36m[2023-07-19 17:47:33 DEBUG] [secret:78][39m Loading secrets...
[36m[2023-07-19 17:47:33 DEBUG] [secret:103][39m Done loading secrets
[36m[2023-07-19 17:47:33 DEBUG] [configuration:160][39m Loading dynamic configuration...
[32m[2023-07-19 17:47:33 INFO] [run:369][39m Running experiment: pod exists
[36m[2023-07-19 17:47:33 DEBUG] [__init__:64][39m Initializing controls
[32m[2023-07-19 17:47:33 INFO] [run:396][39m Steady-state strategy: default
[32m[2023-07-19 17:47:33 INFO] [run:400][39m Rollbacks strategy: default
[36m[2023-07-19 17:47:33 DEBUG] [__init__:450][39m No controls to apply on 'experiment'
[36m[2023-07-19 17:47:33 DEBUG] [run:563][39m Running steady-state hypothesis before the method
[32m[2023-07-19 17:47:33 INFO] [hypothesis:186][39m Steady state hypothesis: deployment works
[36m[2023-07-19 17:47:33 DEBUG] [__init__:450][39m No controls to apply on 'hypothesis'
[36m[2023-07-19 17:47:33 DEBUG] [__init__:450][39m No controls to apply on 'activity'
[32m[2023-07-19 17:47:33 INFO] [activity:215][39m Probe: count_pods
[36m[2023-07-19 17:47:33 DEBUG] [python:33][39m Activity 'count_pods' loaded from '/home/ubuntu/.venvs/chaostk/lib/python3.10/site-packages/chaosk8s/pod/probes.py'
[36m[2023-07-19 17:47:33 DEBUG] [probes:252][39m Found 1 pods matching label 'app=sample-app' in ns 'default'
[36m[2023-07-19 17:47:33 DEBUG] [activity:237][39m   => succeeded with '1'
[36m[2023-07-19 17:47:33 DEBUG] [__init__:450][39m No controls to apply on 'activity'
[36m[2023-07-19 17:47:33 DEBUG] [hypothesis:226][39m allowed tolerance is 2
[36m[2023-07-19 17:47:33 DEBUG] [__init__:450][39m No controls to apply on 'hypothesis'
[31m[2023-07-19 17:47:33 CRITICAL] [run:583][39m Steady state probe 'count_pods' is not in the given tolerance so failing this experiment
[32m[2023-07-19 17:47:33 INFO] [run:964][39m Let's rollback...
[36m[2023-07-19 17:47:33 DEBUG] [__init__:450][39m No controls to apply on 'rollback'
[32m[2023-07-19 17:47:33 INFO] [rollback:31][39m No declared rollbacks, let's move on.
[36m[2023-07-19 17:47:33 DEBUG] [__init__:450][39m No controls to apply on 'rollback'
[32m[2023-07-19 17:47:33 INFO] [run:515][39m Experiment ended with status: completed
[36m[2023-07-19 17:47:33 DEBUG] [__init__:450][39m No controls to apply on 'experiment'
[36m[2023-07-19 17:47:33 DEBUG] [__init__:103][39m Cleaning up controls
[36m[2023-07-19 17:47:33 DEBUG] [caching:42][39m Clearing activities cache
[36m[2023-07-19 17:48:45 DEBUG] [cli:114][39m ###############################################################################
[36m[2023-07-19 17:48:45 DEBUG] [cli:115][39m Running command 'run'
[36m[2023-07-19 17:48:45 DEBUG] [cli:119][39m Using settings file '/home/ubuntu/.chaostoolkit/settings.yaml'
[36m[2023-07-19 17:48:45 DEBUG] [settings:30][39m The Chaos Toolkit settings file could not be found at '/home/ubuntu/.chaostoolkit/settings.yaml'.
[36m[2023-07-19 17:48:45 DEBUG] [__init__:450][39m No controls to apply on 'loader'
[36m[2023-07-19 17:48:45 DEBUG] [__init__:450][39m No controls to apply on 'loader'
[36m[2023-07-19 17:48:45 DEBUG] [caching:24][39m Building activity cache...
[36m[2023-07-19 17:48:45 DEBUG] [caching:35][39m Cached 2 activities
[32m[2023-07-19 17:48:45 INFO] [experiment:58][39m Validating the experiment's syntax
[36m[2023-07-19 17:48:45 DEBUG] [configuration:63][39m Loading configuration...
[36m[2023-07-19 17:48:45 DEBUG] [secret:78][39m Loading secrets...
[36m[2023-07-19 17:48:45 DEBUG] [secret:103][39m Done loading secrets
[32m[2023-07-19 17:48:46 INFO] [experiment:109][39m Experiment looks valid
[36m[2023-07-19 17:48:46 DEBUG] [caching:42][39m Clearing activities cache
[36m[2023-07-19 17:48:46 DEBUG] [cli:314][39m Runtime strategies: hypothesis - default / rollbacks - default
[36m[2023-07-19 17:48:46 DEBUG] [caching:24][39m Building activity cache...
[36m[2023-07-19 17:48:46 DEBUG] [caching:35][39m Cached 2 activities
[36m[2023-07-19 17:48:46 DEBUG] [configuration:63][39m Loading configuration...
[36m[2023-07-19 17:48:46 DEBUG] [secret:78][39m Loading secrets...
[36m[2023-07-19 17:48:46 DEBUG] [secret:103][39m Done loading secrets
[36m[2023-07-19 17:48:46 DEBUG] [configuration:160][39m Loading dynamic configuration...
[32m[2023-07-19 17:48:46 INFO] [run:369][39m Running experiment: pod exists
[36m[2023-07-19 17:48:46 DEBUG] [__init__:64][39m Initializing controls
[32m[2023-07-19 17:48:46 INFO] [run:396][39m Steady-state strategy: default
[32m[2023-07-19 17:48:46 INFO] [run:400][39m Rollbacks strategy: default
[36m[2023-07-19 17:48:46 DEBUG] [__init__:450][39m No controls to apply on 'experiment'
[36m[2023-07-19 17:48:46 DEBUG] [run:563][39m Running steady-state hypothesis before the method
[32m[2023-07-19 17:48:46 INFO] [hypothesis:186][39m Steady state hypothesis: deployment works
[36m[2023-07-19 17:48:46 DEBUG] [__init__:450][39m No controls to apply on 'hypothesis'
[36m[2023-07-19 17:48:46 DEBUG] [__init__:450][39m No controls to apply on 'activity'
[32m[2023-07-19 17:48:46 INFO] [activity:215][39m Probe: count_pods
[36m[2023-07-19 17:48:46 DEBUG] [python:33][39m Activity 'count_pods' loaded from '/home/ubuntu/.venvs/chaostk/lib/python3.10/site-packages/chaosk8s/pod/probes.py'
[36m[2023-07-19 17:48:46 DEBUG] [probes:252][39m Found 1 pods matching label 'app=sample-app' in ns 'default'
[36m[2023-07-19 17:48:46 DEBUG] [activity:237][39m   => succeeded with '1'
[36m[2023-07-19 17:48:46 DEBUG] [__init__:450][39m No controls to apply on 'activity'
[36m[2023-07-19 17:48:46 DEBUG] [hypothesis:226][39m allowed tolerance is 1
[32m[2023-07-19 17:48:46 INFO] [hypothesis:236][39m Steady state hypothesis is met!
[36m[2023-07-19 17:48:46 DEBUG] [__init__:450][39m No controls to apply on 'hypothesis'
[32m[2023-07-19 17:48:46 INFO] [run:684][39m Playing your experiment's method now...
[36m[2023-07-19 17:48:46 DEBUG] [__init__:450][39m No controls to apply on 'method'
[36m[2023-07-19 17:48:46 DEBUG] [__init__:450][39m No controls to apply on 'activity'
[32m[2023-07-19 17:48:46 INFO] [activity:215][39m Action: terminate_pods
[36m[2023-07-19 17:48:46 DEBUG] [python:33][39m Activity 'terminate_pods' loaded from '/home/ubuntu/.venvs/chaostk/lib/python3.10/site-packages/chaosk8s/pod/actions.py'
[36m[2023-07-19 17:48:46 DEBUG] [actions:232][39m Found 1 pods labelled 'app=sample-app' in ns default
[36m[2023-07-19 17:48:46 DEBUG] [activity:237][39m   => succeeded with '[]'
[36m[2023-07-19 17:48:46 DEBUG] [__init__:450][39m No controls to apply on 'activity'
[36m[2023-07-19 17:48:46 DEBUG] [__init__:450][39m No controls to apply on 'method'
[36m[2023-07-19 17:48:46 DEBUG] [run:603][39m Running steady-state hypothesis after the method
[32m[2023-07-19 17:48:46 INFO] [hypothesis:186][39m Steady state hypothesis: deployment works
[36m[2023-07-19 17:48:46 DEBUG] [__init__:450][39m No controls to apply on 'hypothesis'
[36m[2023-07-19 17:48:46 DEBUG] [__init__:450][39m No controls to apply on 'activity'
[32m[2023-07-19 17:48:46 INFO] [activity:215][39m Probe: count_pods
[36m[2023-07-19 17:48:46 DEBUG] [python:33][39m Activity 'count_pods' loaded from '/home/ubuntu/.venvs/chaostk/lib/python3.10/site-packages/chaosk8s/pod/probes.py'
[36m[2023-07-19 17:48:46 DEBUG] [probes:252][39m Found 1 pods matching label 'app=sample-app' in ns 'default'
[36m[2023-07-19 17:48:46 DEBUG] [activity:237][39m   => succeeded with '1'
[36m[2023-07-19 17:48:46 DEBUG] [__init__:450][39m No controls to apply on 'activity'
[36m[2023-07-19 17:48:46 DEBUG] [hypothesis:226][39m allowed tolerance is 1
[32m[2023-07-19 17:48:46 INFO] [hypothesis:236][39m Steady state hypothesis is met!
[36m[2023-07-19 17:48:46 DEBUG] [__init__:450][39m No controls to apply on 'hypothesis'
[32m[2023-07-19 17:48:46 INFO] [run:964][39m Let's rollback...
[36m[2023-07-19 17:48:46 DEBUG] [__init__:450][39m No controls to apply on 'rollback'
[32m[2023-07-19 17:48:46 INFO] [rollback:31][39m No declared rollbacks, let's move on.
[36m[2023-07-19 17:48:46 DEBUG] [__init__:450][39m No controls to apply on 'rollback'
[32m[2023-07-19 17:48:46 INFO] [run:515][39m Experiment ended with status: completed
[36m[2023-07-19 17:48:46 DEBUG] [__init__:450][39m No controls to apply on 'experiment'
[36m[2023-07-19 17:48:46 DEBUG] [__init__:103][39m Cleaning up controls
[36m[2023-07-19 17:48:46 DEBUG] [caching:42][39m Clearing activities cache
[36m[2023-07-19 17:51:44 DEBUG] [cli:114][39m ###############################################################################
[36m[2023-07-19 17:51:44 DEBUG] [cli:115][39m Running command 'run'
[36m[2023-07-19 17:51:44 DEBUG] [cli:119][39m Using settings file '/home/ubuntu/.chaostoolkit/settings.yaml'
[36m[2023-07-19 17:51:45 DEBUG] [settings:30][39m The Chaos Toolkit settings file could not be found at '/home/ubuntu/.chaostoolkit/settings.yaml'.
[36m[2023-07-19 17:51:45 DEBUG] [__init__:450][39m No controls to apply on 'loader'
[36m[2023-07-19 17:51:45 DEBUG] [__init__:450][39m No controls to apply on 'loader'
[36m[2023-07-19 17:52:03 DEBUG] [cli:114][39m ###############################################################################
[36m[2023-07-19 17:52:03 DEBUG] [cli:115][39m Running command 'run'
[36m[2023-07-19 17:52:03 DEBUG] [cli:119][39m Using settings file '/home/ubuntu/.chaostoolkit/settings.yaml'
[36m[2023-07-19 17:52:03 DEBUG] [settings:30][39m The Chaos Toolkit settings file could not be found at '/home/ubuntu/.chaostoolkit/settings.yaml'.
[36m[2023-07-19 17:52:03 DEBUG] [__init__:450][39m No controls to apply on 'loader'
[36m[2023-07-19 17:52:03 DEBUG] [__init__:450][39m No controls to apply on 'loader'
[36m[2023-07-19 17:52:03 DEBUG] [caching:24][39m Building activity cache...
[36m[2023-07-19 17:52:03 DEBUG] [caching:35][39m Cached 2 activities
[32m[2023-07-19 17:52:03 INFO] [experiment:58][39m Validating the experiment's syntax
[36m[2023-07-19 17:52:03 DEBUG] [configuration:63][39m Loading configuration...
[36m[2023-07-19 17:52:03 DEBUG] [secret:78][39m Loading secrets...
[36m[2023-07-19 17:52:03 DEBUG] [secret:103][39m Done loading secrets
[32m[2023-07-19 17:52:04 INFO] [experiment:109][39m Experiment looks valid
[36m[2023-07-19 17:52:04 DEBUG] [caching:42][39m Clearing activities cache
[36m[2023-07-19 17:52:04 DEBUG] [cli:314][39m Runtime strategies: hypothesis - default / rollbacks - default
[36m[2023-07-19 17:52:04 DEBUG] [caching:24][39m Building activity cache...
[36m[2023-07-19 17:52:04 DEBUG] [caching:35][39m Cached 2 activities
[36m[2023-07-19 17:52:04 DEBUG] [configuration:63][39m Loading configuration...
[36m[2023-07-19 17:52:04 DEBUG] [secret:78][39m Loading secrets...
[36m[2023-07-19 17:52:04 DEBUG] [secret:103][39m Done loading secrets
[36m[2023-07-19 17:52:04 DEBUG] [configuration:160][39m Loading dynamic configuration...
[32m[2023-07-19 17:52:04 INFO] [run:369][39m Running experiment: pod exists
[36m[2023-07-19 17:52:04 DEBUG] [__init__:64][39m Initializing controls
[32m[2023-07-19 17:52:04 INFO] [run:396][39m Steady-state strategy: default
[32m[2023-07-19 17:52:04 INFO] [run:400][39m Rollbacks strategy: default
[36m[2023-07-19 17:52:04 DEBUG] [__init__:450][39m No controls to apply on 'experiment'
[36m[2023-07-19 17:52:04 DEBUG] [run:563][39m Running steady-state hypothesis before the method
[32m[2023-07-19 17:52:04 INFO] [hypothesis:186][39m Steady state hypothesis: deployment works
[36m[2023-07-19 17:52:04 DEBUG] [__init__:450][39m No controls to apply on 'hypothesis'
[36m[2023-07-19 17:52:04 DEBUG] [__init__:450][39m No controls to apply on 'activity'
[32m[2023-07-19 17:52:04 INFO] [activity:215][39m Probe: count_pods
[36m[2023-07-19 17:52:04 DEBUG] [python:33][39m Activity 'count_pods' loaded from '/home/ubuntu/.venvs/chaostk/lib/python3.10/site-packages/chaosk8s/pod/probes.py'
[36m[2023-07-19 17:52:04 DEBUG] [probes:252][39m Found 1 pods matching label 'app=sample-app' in ns 'default'
[36m[2023-07-19 17:52:04 DEBUG] [activity:237][39m   => succeeded with '1'
[36m[2023-07-19 17:52:04 DEBUG] [__init__:450][39m No controls to apply on 'activity'
[36m[2023-07-19 17:52:04 DEBUG] [hypothesis:226][39m allowed tolerance is 1
[32m[2023-07-19 17:52:04 INFO] [hypothesis:236][39m Steady state hypothesis is met!
[36m[2023-07-19 17:52:04 DEBUG] [__init__:450][39m No controls to apply on 'hypothesis'
[32m[2023-07-19 17:52:04 INFO] [run:684][39m Playing your experiment's method now...
[36m[2023-07-19 17:52:04 DEBUG] [__init__:450][39m No controls to apply on 'method'
[36m[2023-07-19 17:52:04 DEBUG] [__init__:450][39m No controls to apply on 'activity'
[32m[2023-07-19 17:52:04 INFO] [activity:215][39m Action: terminate_pods
[36m[2023-07-19 17:52:04 DEBUG] [python:33][39m Activity 'terminate_pods' loaded from '/home/ubuntu/.venvs/chaostk/lib/python3.10/site-packages/chaosk8s/pod/actions.py'
[36m[2023-07-19 17:52:04 DEBUG] [actions:232][39m Found 0 pods labelled 'sample-app' in ns default
[36m[2023-07-19 17:52:04 DEBUG] [activity:237][39m   => succeeded with '[]'
[36m[2023-07-19 17:52:04 DEBUG] [__init__:450][39m No controls to apply on 'activity'
[36m[2023-07-19 17:52:04 DEBUG] [__init__:450][39m No controls to apply on 'method'
[36m[2023-07-19 17:52:04 DEBUG] [run:603][39m Running steady-state hypothesis after the method
[32m[2023-07-19 17:52:04 INFO] [hypothesis:186][39m Steady state hypothesis: deployment works
[36m[2023-07-19 17:52:04 DEBUG] [__init__:450][39m No controls to apply on 'hypothesis'
[36m[2023-07-19 17:52:04 DEBUG] [__init__:450][39m No controls to apply on 'activity'
[32m[2023-07-19 17:52:04 INFO] [activity:215][39m Probe: count_pods
[36m[2023-07-19 17:52:04 DEBUG] [python:33][39m Activity 'count_pods' loaded from '/home/ubuntu/.venvs/chaostk/lib/python3.10/site-packages/chaosk8s/pod/probes.py'
[36m[2023-07-19 17:52:04 DEBUG] [probes:252][39m Found 1 pods matching label 'app=sample-app' in ns 'default'
[36m[2023-07-19 17:52:04 DEBUG] [activity:237][39m   => succeeded with '1'
[36m[2023-07-19 17:52:04 DEBUG] [__init__:450][39m No controls to apply on 'activity'
[36m[2023-07-19 17:52:04 DEBUG] [hypothesis:226][39m allowed tolerance is 1
[32m[2023-07-19 17:52:04 INFO] [hypothesis:236][39m Steady state hypothesis is met!
[36m[2023-07-19 17:52:04 DEBUG] [__init__:450][39m No controls to apply on 'hypothesis'
[32m[2023-07-19 17:52:04 INFO] [run:964][39m Let's rollback...
[36m[2023-07-19 17:52:04 DEBUG] [__init__:450][39m No controls to apply on 'rollback'
[32m[2023-07-19 17:52:04 INFO] [rollback:31][39m No declared rollbacks, let's move on.
[36m[2023-07-19 17:52:04 DEBUG] [__init__:450][39m No controls to apply on 'rollback'
[32m[2023-07-19 17:52:04 INFO] [run:515][39m Experiment ended with status: completed
[36m[2023-07-19 17:52:04 DEBUG] [__init__:450][39m No controls to apply on 'experiment'
[36m[2023-07-19 17:52:04 DEBUG] [__init__:103][39m Cleaning up controls
[36m[2023-07-19 17:52:04 DEBUG] [caching:42][39m Clearing activities cache
[36m[2023-07-19 17:53:10 DEBUG] [cli:114][39m ###############################################################################
[36m[2023-07-19 17:53:10 DEBUG] [cli:115][39m Running command 'run'
[36m[2023-07-19 17:53:10 DEBUG] [cli:119][39m Using settings file '/home/ubuntu/.chaostoolkit/settings.yaml'
[36m[2023-07-19 17:53:11 DEBUG] [settings:30][39m The Chaos Toolkit settings file could not be found at '/home/ubuntu/.chaostoolkit/settings.yaml'.
[36m[2023-07-19 17:53:11 DEBUG] [__init__:450][39m No controls to apply on 'loader'
[36m[2023-07-19 17:53:11 DEBUG] [__init__:450][39m No controls to apply on 'loader'
[36m[2023-07-19 17:53:11 DEBUG] [caching:24][39m Building activity cache...
[36m[2023-07-19 17:53:11 DEBUG] [caching:35][39m Cached 2 activities
[32m[2023-07-19 17:53:11 INFO] [experiment:58][39m Validating the experiment's syntax
[36m[2023-07-19 17:53:11 DEBUG] [configuration:63][39m Loading configuration...
[36m[2023-07-19 17:53:11 DEBUG] [secret:78][39m Loading secrets...
[36m[2023-07-19 17:53:11 DEBUG] [secret:103][39m Done loading secrets
[32m[2023-07-19 17:53:12 INFO] [experiment:109][39m Experiment looks valid
[36m[2023-07-19 17:53:12 DEBUG] [caching:42][39m Clearing activities cache
[36m[2023-07-19 17:53:12 DEBUG] [cli:314][39m Runtime strategies: hypothesis - default / rollbacks - default
[36m[2023-07-19 17:53:12 DEBUG] [caching:24][39m Building activity cache...
[36m[2023-07-19 17:53:12 DEBUG] [caching:35][39m Cached 2 activities
[36m[2023-07-19 17:53:12 DEBUG] [configuration:63][39m Loading configuration...
[36m[2023-07-19 17:53:12 DEBUG] [secret:78][39m Loading secrets...
[36m[2023-07-19 17:53:12 DEBUG] [secret:103][39m Done loading secrets
[36m[2023-07-19 17:53:12 DEBUG] [configuration:160][39m Loading dynamic configuration...
[32m[2023-07-19 17:53:12 INFO] [run:369][39m Running experiment: pod exists
[36m[2023-07-19 17:53:12 DEBUG] [__init__:64][39m Initializing controls
[32m[2023-07-19 17:53:12 INFO] [run:396][39m Steady-state strategy: default
[32m[2023-07-19 17:53:12 INFO] [run:400][39m Rollbacks strategy: default
[36m[2023-07-19 17:53:12 DEBUG] [__init__:450][39m No controls to apply on 'experiment'
[36m[2023-07-19 17:53:12 DEBUG] [run:563][39m Running steady-state hypothesis before the method
[32m[2023-07-19 17:53:12 INFO] [hypothesis:186][39m Steady state hypothesis: deployment works
[36m[2023-07-19 17:53:12 DEBUG] [__init__:450][39m No controls to apply on 'hypothesis'
[36m[2023-07-19 17:53:12 DEBUG] [__init__:450][39m No controls to apply on 'activity'
[32m[2023-07-19 17:53:12 INFO] [activity:215][39m Probe: count_pods
[36m[2023-07-19 17:53:12 DEBUG] [python:33][39m Activity 'count_pods' loaded from '/home/ubuntu/.venvs/chaostk/lib/python3.10/site-packages/chaosk8s/pod/probes.py'
[36m[2023-07-19 17:53:12 DEBUG] [probes:252][39m Found 1 pods matching label 'app=sample-app' in ns 'default'
[36m[2023-07-19 17:53:12 DEBUG] [activity:237][39m   => succeeded with '1'
[36m[2023-07-19 17:53:12 DEBUG] [__init__:450][39m No controls to apply on 'activity'
[36m[2023-07-19 17:53:12 DEBUG] [hypothesis:226][39m allowed tolerance is 1
[32m[2023-07-19 17:53:12 INFO] [hypothesis:236][39m Steady state hypothesis is met!
[36m[2023-07-19 17:53:12 DEBUG] [__init__:450][39m No controls to apply on 'hypothesis'
[32m[2023-07-19 17:53:12 INFO] [run:684][39m Playing your experiment's method now...
[36m[2023-07-19 17:53:12 DEBUG] [__init__:450][39m No controls to apply on 'method'
[36m[2023-07-19 17:53:12 DEBUG] [__init__:450][39m No controls to apply on 'activity'
[32m[2023-07-19 17:53:12 INFO] [activity:215][39m Action: terminate_pods
[36m[2023-07-19 17:53:12 DEBUG] [python:33][39m Activity 'terminate_pods' loaded from '/home/ubuntu/.venvs/chaostk/lib/python3.10/site-packages/chaosk8s/pod/actions.py'
[36m[2023-07-19 17:53:12 DEBUG] [actions:232][39m Found 1 pods labelled 'app=sample-app' in ns default
[36m[2023-07-19 17:53:12 DEBUG] [activity:237][39m   => succeeded with '[]'
[36m[2023-07-19 17:53:12 DEBUG] [__init__:450][39m No controls to apply on 'activity'
[36m[2023-07-19 17:53:12 DEBUG] [__init__:450][39m No controls to apply on 'method'
[36m[2023-07-19 17:53:12 DEBUG] [run:603][39m Running steady-state hypothesis after the method
[32m[2023-07-19 17:53:12 INFO] [hypothesis:186][39m Steady state hypothesis: deployment works
[36m[2023-07-19 17:53:12 DEBUG] [__init__:450][39m No controls to apply on 'hypothesis'
[36m[2023-07-19 17:53:12 DEBUG] [__init__:450][39m No controls to apply on 'activity'
[32m[2023-07-19 17:53:12 INFO] [activity:215][39m Probe: count_pods
[36m[2023-07-19 17:53:12 DEBUG] [python:33][39m Activity 'count_pods' loaded from '/home/ubuntu/.venvs/chaostk/lib/python3.10/site-packages/chaosk8s/pod/probes.py'
[36m[2023-07-19 17:53:12 DEBUG] [probes:252][39m Found 1 pods matching label 'app=sample-app' in ns 'default'
[36m[2023-07-19 17:53:12 DEBUG] [activity:237][39m   => succeeded with '1'
[36m[2023-07-19 17:53:12 DEBUG] [__init__:450][39m No controls to apply on 'activity'
[36m[2023-07-19 17:53:12 DEBUG] [hypothesis:226][39m allowed tolerance is 1
[32m[2023-07-19 17:53:12 INFO] [hypothesis:236][39m Steady state hypothesis is met!
[36m[2023-07-19 17:53:12 DEBUG] [__init__:450][39m No controls to apply on 'hypothesis'
[32m[2023-07-19 17:53:12 INFO] [run:964][39m Let's rollback...
[36m[2023-07-19 17:53:12 DEBUG] [__init__:450][39m No controls to apply on 'rollback'
[32m[2023-07-19 17:53:12 INFO] [rollback:31][39m No declared rollbacks, let's move on.
[36m[2023-07-19 17:53:12 DEBUG] [__init__:450][39m No controls to apply on 'rollback'
[32m[2023-07-19 17:53:12 INFO] [run:515][39m Experiment ended with status: completed
[36m[2023-07-19 17:53:12 DEBUG] [__init__:450][39m No controls to apply on 'experiment'
[36m[2023-07-19 17:53:12 DEBUG] [__init__:103][39m Cleaning up controls
[36m[2023-07-19 17:53:12 DEBUG] [caching:42][39m Clearing activities cache
[36m[2023-07-19 17:54:46 DEBUG] [cli:114][39m ###############################################################################
[36m[2023-07-19 17:54:46 DEBUG] [cli:115][39m Running command 'run'
[36m[2023-07-19 17:54:46 DEBUG] [cli:119][39m Using settings file '/home/ubuntu/.chaostoolkit/settings.yaml'
[36m[2023-07-19 17:54:47 DEBUG] [settings:30][39m The Chaos Toolkit settings file could not be found at '/home/ubuntu/.chaostoolkit/settings.yaml'.
[36m[2023-07-19 17:54:47 DEBUG] [__init__:450][39m No controls to apply on 'loader'
[36m[2023-07-19 17:54:47 DEBUG] [__init__:450][39m No controls to apply on 'loader'
[36m[2023-07-19 17:54:47 DEBUG] [caching:24][39m Building activity cache...
[36m[2023-07-19 17:54:47 DEBUG] [caching:35][39m Cached 2 activities
[32m[2023-07-19 17:54:47 INFO] [experiment:58][39m Validating the experiment's syntax
[36m[2023-07-19 17:54:47 DEBUG] [configuration:63][39m Loading configuration...
[36m[2023-07-19 17:54:47 DEBUG] [secret:78][39m Loading secrets...
[36m[2023-07-19 17:54:47 DEBUG] [secret:103][39m Done loading secrets
[32m[2023-07-19 17:54:47 INFO] [experiment:109][39m Experiment looks valid
[36m[2023-07-19 17:54:47 DEBUG] [caching:42][39m Clearing activities cache
[36m[2023-07-19 17:54:47 DEBUG] [cli:314][39m Runtime strategies: hypothesis - default / rollbacks - default
[36m[2023-07-19 17:54:47 DEBUG] [caching:24][39m Building activity cache...
[36m[2023-07-19 17:54:47 DEBUG] [caching:35][39m Cached 2 activities
[36m[2023-07-19 17:54:47 DEBUG] [configuration:63][39m Loading configuration...
[36m[2023-07-19 17:54:47 DEBUG] [secret:78][39m Loading secrets...
[36m[2023-07-19 17:54:47 DEBUG] [secret:103][39m Done loading secrets
[36m[2023-07-19 17:54:47 DEBUG] [configuration:160][39m Loading dynamic configuration...
[32m[2023-07-19 17:54:47 INFO] [run:369][39m Running experiment: pod exists
[36m[2023-07-19 17:54:47 DEBUG] [__init__:64][39m Initializing controls
[32m[2023-07-19 17:54:47 INFO] [run:396][39m Steady-state strategy: default
[32m[2023-07-19 17:54:47 INFO] [run:400][39m Rollbacks strategy: default
[36m[2023-07-19 17:54:47 DEBUG] [__init__:450][39m No controls to apply on 'experiment'
[36m[2023-07-19 17:54:47 DEBUG] [run:563][39m Running steady-state hypothesis before the method
[32m[2023-07-19 17:54:47 INFO] [hypothesis:186][39m Steady state hypothesis: deployment works
[36m[2023-07-19 17:54:47 DEBUG] [__init__:450][39m No controls to apply on 'hypothesis'
[36m[2023-07-19 17:54:47 DEBUG] [__init__:450][39m No controls to apply on 'activity'
[32m[2023-07-19 17:54:47 INFO] [activity:215][39m Probe: count_pods
[36m[2023-07-19 17:54:47 DEBUG] [python:33][39m Activity 'count_pods' loaded from '/home/ubuntu/.venvs/chaostk/lib/python3.10/site-packages/chaosk8s/pod/probes.py'
[36m[2023-07-19 17:54:47 DEBUG] [probes:252][39m Found 1 pods matching label 'app=sample-app' in ns 'default'
[36m[2023-07-19 17:54:47 DEBUG] [activity:237][39m   => succeeded with '1'
[36m[2023-07-19 17:54:47 DEBUG] [__init__:450][39m No controls to apply on 'activity'
[36m[2023-07-19 17:54:47 DEBUG] [hypothesis:226][39m allowed tolerance is 1
[36m[2023-07-19 17:54:47 DEBUG] [__init__:450][39m No controls to apply on 'hypothesis'
[31m[2023-07-19 17:54:47 CRITICAL] [run:583][39m Steady state probe 'count_pods' is not in the given tolerance so failing this experiment
[32m[2023-07-19 17:54:47 INFO] [run:964][39m Let's rollback...
[36m[2023-07-19 17:54:47 DEBUG] [__init__:450][39m No controls to apply on 'rollback'
[32m[2023-07-19 17:54:47 INFO] [rollback:31][39m No declared rollbacks, let's move on.
[36m[2023-07-19 17:54:47 DEBUG] [__init__:450][39m No controls to apply on 'rollback'
[32m[2023-07-19 17:54:47 INFO] [run:515][39m Experiment ended with status: completed
[36m[2023-07-19 17:54:47 DEBUG] [__init__:450][39m No controls to apply on 'experiment'
[36m[2023-07-19 17:54:47 DEBUG] [__init__:103][39m Cleaning up controls
[36m[2023-07-19 17:54:47 DEBUG] [caching:42][39m Clearing activities cache
[36m[2023-07-19 17:55:04 DEBUG] [cli:114][39m ###############################################################################
[36m[2023-07-19 17:55:04 DEBUG] [cli:115][39m Running command 'run'
[36m[2023-07-19 17:55:04 DEBUG] [cli:119][39m Using settings file '/home/ubuntu/.chaostoolkit/settings.yaml'
[36m[2023-07-19 17:55:04 DEBUG] [settings:30][39m The Chaos Toolkit settings file could not be found at '/home/ubuntu/.chaostoolkit/settings.yaml'.
[36m[2023-07-19 17:55:04 DEBUG] [__init__:450][39m No controls to apply on 'loader'
[36m[2023-07-19 17:55:04 DEBUG] [__init__:450][39m No controls to apply on 'loader'
[36m[2023-07-19 17:55:04 DEBUG] [caching:24][39m Building activity cache...
[36m[2023-07-19 17:55:04 DEBUG] [caching:35][39m Cached 2 activities
[32m[2023-07-19 17:55:04 INFO] [experiment:58][39m Validating the experiment's syntax
[36m[2023-07-19 17:55:04 DEBUG] [configuration:63][39m Loading configuration...
[36m[2023-07-19 17:55:04 DEBUG] [secret:78][39m Loading secrets...
[36m[2023-07-19 17:55:04 DEBUG] [secret:103][39m Done loading secrets
[32m[2023-07-19 17:55:05 INFO] [experiment:109][39m Experiment looks valid
[36m[2023-07-19 17:55:05 DEBUG] [caching:42][39m Clearing activities cache
[36m[2023-07-19 17:55:05 DEBUG] [cli:314][39m Runtime strategies: hypothesis - default / rollbacks - default
[36m[2023-07-19 17:55:05 DEBUG] [caching:24][39m Building activity cache...
[36m[2023-07-19 17:55:05 DEBUG] [caching:35][39m Cached 2 activities
[36m[2023-07-19 17:55:05 DEBUG] [configuration:63][39m Loading configuration...
[36m[2023-07-19 17:55:05 DEBUG] [secret:78][39m Loading secrets...
[36m[2023-07-19 17:55:05 DEBUG] [secret:103][39m Done loading secrets
[36m[2023-07-19 17:55:05 DEBUG] [configuration:160][39m Loading dynamic configuration...
[32m[2023-07-19 17:55:05 INFO] [run:369][39m Running experiment: pod exists
[36m[2023-07-19 17:55:05 DEBUG] [__init__:64][39m Initializing controls
[32m[2023-07-19 17:55:05 INFO] [run:396][39m Steady-state strategy: default
[32m[2023-07-19 17:55:05 INFO] [run:400][39m Rollbacks strategy: default
[36m[2023-07-19 17:55:05 DEBUG] [__init__:450][39m No controls to apply on 'experiment'
[36m[2023-07-19 17:55:05 DEBUG] [run:563][39m Running steady-state hypothesis before the method
[32m[2023-07-19 17:55:05 INFO] [hypothesis:186][39m Steady state hypothesis: deployment works
[36m[2023-07-19 17:55:05 DEBUG] [__init__:450][39m No controls to apply on 'hypothesis'
[36m[2023-07-19 17:55:05 DEBUG] [__init__:450][39m No controls to apply on 'activity'
[32m[2023-07-19 17:55:05 INFO] [activity:215][39m Probe: count_pods
[36m[2023-07-19 17:55:05 DEBUG] [python:33][39m Activity 'count_pods' loaded from '/home/ubuntu/.venvs/chaostk/lib/python3.10/site-packages/chaosk8s/pod/probes.py'
[36m[2023-07-19 17:55:05 DEBUG] [probes:252][39m Found 1 pods matching label 'app=sample-app' in ns 'default'
[36m[2023-07-19 17:55:05 DEBUG] [activity:237][39m   => succeeded with '1'
[36m[2023-07-19 17:55:05 DEBUG] [__init__:450][39m No controls to apply on 'activity'
[36m[2023-07-19 17:55:05 DEBUG] [hypothesis:226][39m allowed tolerance is 1
[32m[2023-07-19 17:55:05 INFO] [hypothesis:236][39m Steady state hypothesis is met!
[36m[2023-07-19 17:55:05 DEBUG] [__init__:450][39m No controls to apply on 'hypothesis'
[32m[2023-07-19 17:55:05 INFO] [run:684][39m Playing your experiment's method now...
[36m[2023-07-19 17:55:05 DEBUG] [__init__:450][39m No controls to apply on 'method'
[36m[2023-07-19 17:55:05 DEBUG] [__init__:450][39m No controls to apply on 'activity'
[32m[2023-07-19 17:55:05 INFO] [activity:215][39m Action: terminate_pods
[36m[2023-07-19 17:55:05 DEBUG] [python:33][39m Activity 'terminate_pods' loaded from '/home/ubuntu/.venvs/chaostk/lib/python3.10/site-packages/chaosk8s/pod/actions.py'
[36m[2023-07-19 17:55:05 DEBUG] [actions:232][39m Found 1 pods labelled 'app=sample-app' in ns default
[36m[2023-07-19 17:55:05 DEBUG] [activity:237][39m   => succeeded with '[]'
[36m[2023-07-19 17:55:05 DEBUG] [__init__:450][39m No controls to apply on 'activity'
[36m[2023-07-19 17:55:05 DEBUG] [__init__:450][39m No controls to apply on 'method'
[36m[2023-07-19 17:55:05 DEBUG] [run:603][39m Running steady-state hypothesis after the method
[32m[2023-07-19 17:55:05 INFO] [hypothesis:186][39m Steady state hypothesis: deployment works
[36m[2023-07-19 17:55:05 DEBUG] [__init__:450][39m No controls to apply on 'hypothesis'
[36m[2023-07-19 17:55:05 DEBUG] [__init__:450][39m No controls to apply on 'activity'
[32m[2023-07-19 17:55:05 INFO] [activity:215][39m Probe: count_pods
[36m[2023-07-19 17:55:05 DEBUG] [python:33][39m Activity 'count_pods' loaded from '/home/ubuntu/.venvs/chaostk/lib/python3.10/site-packages/chaosk8s/pod/probes.py'
[36m[2023-07-19 17:55:05 DEBUG] [probes:252][39m Found 1 pods matching label 'app=sample-app' in ns 'default'
[36m[2023-07-19 17:55:05 DEBUG] [activity:237][39m   => succeeded with '1'
[36m[2023-07-19 17:55:05 DEBUG] [__init__:450][39m No controls to apply on 'activity'
[36m[2023-07-19 17:55:05 DEBUG] [hypothesis:226][39m allowed tolerance is 1
[32m[2023-07-19 17:55:05 INFO] [hypothesis:236][39m Steady state hypothesis is met!
[36m[2023-07-19 17:55:05 DEBUG] [__init__:450][39m No controls to apply on 'hypothesis'
[32m[2023-07-19 17:55:05 INFO] [run:964][39m Let's rollback...
[36m[2023-07-19 17:55:05 DEBUG] [__init__:450][39m No controls to apply on 'rollback'
[32m[2023-07-19 17:55:05 INFO] [rollback:31][39m No declared rollbacks, let's move on.
[36m[2023-07-19 17:55:05 DEBUG] [__init__:450][39m No controls to apply on 'rollback'
[32m[2023-07-19 17:55:05 INFO] [run:515][39m Experiment ended with status: completed
[36m[2023-07-19 17:55:05 DEBUG] [__init__:450][39m No controls to apply on 'experiment'
[36m[2023-07-19 17:55:05 DEBUG] [__init__:103][39m Cleaning up controls
[36m[2023-07-19 17:55:05 DEBUG] [caching:42][39m Clearing activities cache
[36m[2023-07-19 17:58:51 DEBUG] [cli:114][39m ###############################################################################
[36m[2023-07-19 17:58:51 DEBUG] [cli:115][39m Running command 'run'
[36m[2023-07-19 17:58:51 DEBUG] [cli:119][39m Using settings file '/home/ubuntu/.chaostoolkit/settings.yaml'
[36m[2023-07-19 17:58:52 DEBUG] [settings:30][39m The Chaos Toolkit settings file could not be found at '/home/ubuntu/.chaostoolkit/settings.yaml'.
[36m[2023-07-19 17:58:52 DEBUG] [__init__:450][39m No controls to apply on 'loader'
[36m[2023-07-19 17:58:52 DEBUG] [__init__:450][39m No controls to apply on 'loader'
[36m[2023-07-19 17:58:52 DEBUG] [caching:24][39m Building activity cache...
[36m[2023-07-19 17:58:52 DEBUG] [caching:35][39m Cached 2 activities
[32m[2023-07-19 17:58:52 INFO] [experiment:58][39m Validating the experiment's syntax
[36m[2023-07-19 17:58:52 DEBUG] [configuration:63][39m Loading configuration...
[36m[2023-07-19 17:58:52 DEBUG] [secret:78][39m Loading secrets...
[36m[2023-07-19 17:58:52 DEBUG] [secret:103][39m Done loading secrets
[32m[2023-07-19 17:58:52 INFO] [experiment:109][39m Experiment looks valid
[36m[2023-07-19 17:58:52 DEBUG] [caching:42][39m Clearing activities cache
[36m[2023-07-19 17:58:52 DEBUG] [cli:314][39m Runtime strategies: hypothesis - default / rollbacks - default
[36m[2023-07-19 17:58:52 DEBUG] [caching:24][39m Building activity cache...
[36m[2023-07-19 17:58:52 DEBUG] [caching:35][39m Cached 2 activities
[36m[2023-07-19 17:58:52 DEBUG] [configuration:63][39m Loading configuration...
[36m[2023-07-19 17:58:52 DEBUG] [secret:78][39m Loading secrets...
[36m[2023-07-19 17:58:52 DEBUG] [secret:103][39m Done loading secrets
[36m[2023-07-19 17:58:52 DEBUG] [configuration:160][39m Loading dynamic configuration...
[32m[2023-07-19 17:58:52 INFO] [run:369][39m Running experiment: pod exists
[36m[2023-07-19 17:58:52 DEBUG] [__init__:64][39m Initializing controls
[32m[2023-07-19 17:58:52 INFO] [run:396][39m Steady-state strategy: default
[32m[2023-07-19 17:58:52 INFO] [run:400][39m Rollbacks strategy: default
[36m[2023-07-19 17:58:52 DEBUG] [__init__:450][39m No controls to apply on 'experiment'
[36m[2023-07-19 17:58:52 DEBUG] [run:563][39m Running steady-state hypothesis before the method
[32m[2023-07-19 17:58:52 INFO] [hypothesis:186][39m Steady state hypothesis: deployment works
[36m[2023-07-19 17:58:52 DEBUG] [__init__:450][39m No controls to apply on 'hypothesis'
[36m[2023-07-19 17:58:52 DEBUG] [__init__:450][39m No controls to apply on 'activity'
[32m[2023-07-19 17:58:52 INFO] [activity:215][39m Probe: count_pods
[36m[2023-07-19 17:58:52 DEBUG] [python:33][39m Activity 'count_pods' loaded from '/home/ubuntu/.venvs/chaostk/lib/python3.10/site-packages/chaosk8s/pod/probes.py'
[36m[2023-07-19 17:58:52 DEBUG] [probes:252][39m Found 1 pods matching label 'app=sample-app' in ns 'default'
[36m[2023-07-19 17:58:52 DEBUG] [activity:237][39m   => succeeded with '1'
[36m[2023-07-19 17:58:52 DEBUG] [__init__:450][39m No controls to apply on 'activity'
[36m[2023-07-19 17:58:52 DEBUG] [hypothesis:226][39m allowed tolerance is 1
[32m[2023-07-19 17:58:52 INFO] [hypothesis:236][39m Steady state hypothesis is met!
[36m[2023-07-19 17:58:52 DEBUG] [__init__:450][39m No controls to apply on 'hypothesis'
[32m[2023-07-19 17:58:52 INFO] [run:684][39m Playing your experiment's method now...
[36m[2023-07-19 17:58:52 DEBUG] [__init__:450][39m No controls to apply on 'method'
[36m[2023-07-19 17:58:52 DEBUG] [__init__:450][39m No controls to apply on 'activity'
[32m[2023-07-19 17:58:52 INFO] [activity:215][39m Action: terminate_pods
[36m[2023-07-19 17:58:52 DEBUG] [python:33][39m Activity 'terminate_pods' loaded from '/home/ubuntu/.venvs/chaostk/lib/python3.10/site-packages/chaosk8s/pod/actions.py'
[36m[2023-07-19 17:58:52 DEBUG] [actions:232][39m Found 1 pods labelled 'app=sample-app' in ns default
[36m[2023-07-19 17:58:52 DEBUG] [activity:237][39m   => succeeded with '[]'
[36m[2023-07-19 17:58:52 DEBUG] [__init__:450][39m No controls to apply on 'activity'
[36m[2023-07-19 17:58:52 DEBUG] [__init__:450][39m No controls to apply on 'method'
[36m[2023-07-19 17:58:52 DEBUG] [run:603][39m Running steady-state hypothesis after the method
[32m[2023-07-19 17:58:52 INFO] [hypothesis:186][39m Steady state hypothesis: deployment works
[36m[2023-07-19 17:58:52 DEBUG] [__init__:450][39m No controls to apply on 'hypothesis'
[36m[2023-07-19 17:58:52 DEBUG] [__init__:450][39m No controls to apply on 'activity'
[32m[2023-07-19 17:58:52 INFO] [activity:215][39m Probe: count_pods
[36m[2023-07-19 17:58:52 DEBUG] [python:33][39m Activity 'count_pods' loaded from '/home/ubuntu/.venvs/chaostk/lib/python3.10/site-packages/chaosk8s/pod/probes.py'
[36m[2023-07-19 17:58:52 DEBUG] [probes:252][39m Found 1 pods matching label 'app=sample-app' in ns 'default'
[36m[2023-07-19 17:58:52 DEBUG] [activity:237][39m   => succeeded with '1'
[36m[2023-07-19 17:58:52 DEBUG] [__init__:450][39m No controls to apply on 'activity'
[36m[2023-07-19 17:58:52 DEBUG] [hypothesis:226][39m allowed tolerance is 1
[32m[2023-07-19 17:58:52 INFO] [hypothesis:236][39m Steady state hypothesis is met!
[36m[2023-07-19 17:58:52 DEBUG] [__init__:450][39m No controls to apply on 'hypothesis'
[32m[2023-07-19 17:58:52 INFO] [run:964][39m Let's rollback...
[36m[2023-07-19 17:58:52 DEBUG] [__init__:450][39m No controls to apply on 'rollback'
[32m[2023-07-19 17:58:52 INFO] [rollback:31][39m No declared rollbacks, let's move on.
[36m[2023-07-19 17:58:52 DEBUG] [__init__:450][39m No controls to apply on 'rollback'
[32m[2023-07-19 17:58:52 INFO] [run:515][39m Experiment ended with status: completed
[36m[2023-07-19 17:58:52 DEBUG] [__init__:450][39m No controls to apply on 'experiment'
[36m[2023-07-19 17:58:52 DEBUG] [__init__:103][39m Cleaning up controls
[36m[2023-07-19 17:58:52 DEBUG] [caching:42][39m Clearing activities cache
[36m[2023-07-19 18:02:00 DEBUG] [cli:114][39m ###############################################################################
[36m[2023-07-19 18:02:00 DEBUG] [cli:115][39m Running command 'run'
[36m[2023-07-19 18:02:00 DEBUG] [cli:119][39m Using settings file '/home/ubuntu/.chaostoolkit/settings.yaml'
[36m[2023-07-19 18:02:00 DEBUG] [settings:30][39m The Chaos Toolkit settings file could not be found at '/home/ubuntu/.chaostoolkit/settings.yaml'.
[36m[2023-07-19 18:02:00 DEBUG] [__init__:450][39m No controls to apply on 'loader'
[36m[2023-07-19 18:02:00 DEBUG] [__init__:450][39m No controls to apply on 'loader'
[36m[2023-07-19 18:02:00 DEBUG] [caching:24][39m Building activity cache...
[36m[2023-07-19 18:02:00 DEBUG] [caching:35][39m Cached 1 activities
[32m[2023-07-19 18:02:00 INFO] [experiment:58][39m Validating the experiment's syntax
[36m[2023-07-19 18:02:00 DEBUG] [configuration:63][39m Loading configuration...
[36m[2023-07-19 18:02:00 DEBUG] [secret:78][39m Loading secrets...
[36m[2023-07-19 18:02:00 DEBUG] [secret:103][39m Done loading secrets
[32m[2023-07-19 18:02:00 INFO] [experiment:109][39m Experiment looks valid
[36m[2023-07-19 18:02:00 DEBUG] [caching:42][39m Clearing activities cache
[36m[2023-07-19 18:02:00 DEBUG] [cli:314][39m Runtime strategies: hypothesis - default / rollbacks - default
[36m[2023-07-19 18:02:00 DEBUG] [caching:24][39m Building activity cache...
[36m[2023-07-19 18:02:00 DEBUG] [caching:35][39m Cached 1 activities
[36m[2023-07-19 18:02:00 DEBUG] [configuration:63][39m Loading configuration...
[36m[2023-07-19 18:02:00 DEBUG] [secret:78][39m Loading secrets...
[36m[2023-07-19 18:02:00 DEBUG] [secret:103][39m Done loading secrets
[36m[2023-07-19 18:02:00 DEBUG] [configuration:160][39m Loading dynamic configuration...
[32m[2023-07-19 18:02:00 INFO] [run:369][39m Running experiment: What happens if we terminate a Pod?
[36m[2023-07-19 18:02:00 DEBUG] [__init__:64][39m Initializing controls
[32m[2023-07-19 18:02:00 INFO] [run:396][39m Steady-state strategy: default
[32m[2023-07-19 18:02:00 INFO] [run:400][39m Rollbacks strategy: default
[32m[2023-07-19 18:02:00 INFO] [run:408][39m No steady state hypothesis defined. That's ok, just exploring.
[36m[2023-07-19 18:02:00 DEBUG] [__init__:450][39m No controls to apply on 'experiment'
[32m[2023-07-19 18:02:00 INFO] [run:684][39m Playing your experiment's method now...
[36m[2023-07-19 18:02:00 DEBUG] [__init__:450][39m No controls to apply on 'method'
[36m[2023-07-19 18:02:00 DEBUG] [__init__:450][39m No controls to apply on 'activity'
[32m[2023-07-19 18:02:00 INFO] [activity:215][39m Action: terminate-pod
[36m[2023-07-19 18:02:00 DEBUG] [python:33][39m Activity 'terminate-pod' loaded from '/home/ubuntu/.venvs/chaostk/lib/python3.10/site-packages/chaosk8s/pod/actions.py'
[36m[2023-07-19 18:02:00 DEBUG] [actions:232][39m Found 1 pods labelled 'app=sample-app' in ns default
[36m[2023-07-19 18:02:00 DEBUG] [activity:237][39m   => succeeded with '['sample-app-6b978b7ff4-kpwh9']'
[36m[2023-07-19 18:02:00 DEBUG] [__init__:450][39m No controls to apply on 'activity'
[36m[2023-07-19 18:02:00 DEBUG] [__init__:450][39m No controls to apply on 'method'
[32m[2023-07-19 18:02:00 INFO] [run:964][39m Let's rollback...
[36m[2023-07-19 18:02:00 DEBUG] [__init__:450][39m No controls to apply on 'rollback'
[32m[2023-07-19 18:02:00 INFO] [rollback:31][39m No declared rollbacks, let's move on.
[36m[2023-07-19 18:02:00 DEBUG] [__init__:450][39m No controls to apply on 'rollback'
[32m[2023-07-19 18:02:00 INFO] [run:515][39m Experiment ended with status: completed
[36m[2023-07-19 18:02:00 DEBUG] [__init__:450][39m No controls to apply on 'experiment'
[36m[2023-07-19 18:02:00 DEBUG] [__init__:103][39m Cleaning up controls
[36m[2023-07-19 18:02:00 DEBUG] [caching:42][39m Clearing activities cache
[36m[2023-07-19 18:05:00 DEBUG] [cli:114][39m ###############################################################################
[36m[2023-07-19 18:05:00 DEBUG] [cli:115][39m Running command 'run'
[36m[2023-07-19 18:05:00 DEBUG] [cli:119][39m Using settings file '/home/ubuntu/.chaostoolkit/settings.yaml'
[36m[2023-07-19 18:05:00 DEBUG] [settings:30][39m The Chaos Toolkit settings file could not be found at '/home/ubuntu/.chaostoolkit/settings.yaml'.
[36m[2023-07-19 18:05:00 DEBUG] [__init__:450][39m No controls to apply on 'loader'
[36m[2023-07-19 18:05:00 DEBUG] [__init__:450][39m No controls to apply on 'loader'
[36m[2023-07-19 18:05:00 DEBUG] [caching:24][39m Building activity cache...
[36m[2023-07-19 18:05:00 DEBUG] [caching:35][39m Cached 2 activities
[32m[2023-07-19 18:05:00 INFO] [experiment:58][39m Validating the experiment's syntax
[36m[2023-07-19 18:05:00 DEBUG] [configuration:63][39m Loading configuration...
[36m[2023-07-19 18:05:00 DEBUG] [secret:78][39m Loading secrets...
[36m[2023-07-19 18:05:00 DEBUG] [secret:103][39m Done loading secrets
[32m[2023-07-19 18:05:01 INFO] [experiment:109][39m Experiment looks valid
[36m[2023-07-19 18:05:01 DEBUG] [caching:42][39m Clearing activities cache
[36m[2023-07-19 18:05:01 DEBUG] [cli:314][39m Runtime strategies: hypothesis - default / rollbacks - default
[36m[2023-07-19 18:05:01 DEBUG] [caching:24][39m Building activity cache...
[36m[2023-07-19 18:05:01 DEBUG] [caching:35][39m Cached 2 activities
[36m[2023-07-19 18:05:01 DEBUG] [configuration:63][39m Loading configuration...
[36m[2023-07-19 18:05:01 DEBUG] [secret:78][39m Loading secrets...
[36m[2023-07-19 18:05:01 DEBUG] [secret:103][39m Done loading secrets
[36m[2023-07-19 18:05:01 DEBUG] [configuration:160][39m Loading dynamic configuration...
[32m[2023-07-19 18:05:01 INFO] [run:369][39m Running experiment: pod exists
[36m[2023-07-19 18:05:01 DEBUG] [__init__:64][39m Initializing controls
[32m[2023-07-19 18:05:01 INFO] [run:396][39m Steady-state strategy: default
[32m[2023-07-19 18:05:01 INFO] [run:400][39m Rollbacks strategy: default
[36m[2023-07-19 18:05:01 DEBUG] [__init__:450][39m No controls to apply on 'experiment'
[36m[2023-07-19 18:05:01 DEBUG] [run:563][39m Running steady-state hypothesis before the method
[32m[2023-07-19 18:05:01 INFO] [hypothesis:186][39m Steady state hypothesis: deployment works
[36m[2023-07-19 18:05:01 DEBUG] [__init__:450][39m No controls to apply on 'hypothesis'
[36m[2023-07-19 18:05:01 DEBUG] [__init__:450][39m No controls to apply on 'activity'
[32m[2023-07-19 18:05:01 INFO] [activity:215][39m Probe: count_pods
[36m[2023-07-19 18:05:01 DEBUG] [python:33][39m Activity 'count_pods' loaded from '/home/ubuntu/.venvs/chaostk/lib/python3.10/site-packages/chaosk8s/pod/probes.py'
[36m[2023-07-19 18:05:01 DEBUG] [probes:252][39m Found 1 pods matching label 'app=sample-app' in ns 'default'
[36m[2023-07-19 18:05:01 DEBUG] [activity:237][39m   => succeeded with '1'
[36m[2023-07-19 18:05:01 DEBUG] [__init__:450][39m No controls to apply on 'activity'
[36m[2023-07-19 18:05:01 DEBUG] [hypothesis:226][39m allowed tolerance is 1
[32m[2023-07-19 18:05:01 INFO] [hypothesis:236][39m Steady state hypothesis is met!
[36m[2023-07-19 18:05:01 DEBUG] [__init__:450][39m No controls to apply on 'hypothesis'
[32m[2023-07-19 18:05:01 INFO] [run:684][39m Playing your experiment's method now...
[36m[2023-07-19 18:05:01 DEBUG] [__init__:450][39m No controls to apply on 'method'
[36m[2023-07-19 18:05:01 DEBUG] [__init__:450][39m No controls to apply on 'activity'
[32m[2023-07-19 18:05:01 INFO] [activity:215][39m Action: terminate_pods
[36m[2023-07-19 18:05:01 DEBUG] [python:33][39m Activity 'terminate_pods' loaded from '/home/ubuntu/.venvs/chaostk/lib/python3.10/site-packages/chaosk8s/pod/actions.py'
[36m[2023-07-19 18:05:01 DEBUG] [actions:232][39m Found 1 pods labelled 'app=sample-app' in ns default
[36m[2023-07-19 18:05:01 DEBUG] [activity:237][39m   => succeeded with '[]'
[36m[2023-07-19 18:05:01 DEBUG] [__init__:450][39m No controls to apply on 'activity'
[36m[2023-07-19 18:05:01 DEBUG] [__init__:450][39m No controls to apply on 'method'
[36m[2023-07-19 18:05:01 DEBUG] [run:603][39m Running steady-state hypothesis after the method
[32m[2023-07-19 18:05:01 INFO] [hypothesis:186][39m Steady state hypothesis: deployment works
[36m[2023-07-19 18:05:01 DEBUG] [__init__:450][39m No controls to apply on 'hypothesis'
[36m[2023-07-19 18:05:01 DEBUG] [__init__:450][39m No controls to apply on 'activity'
[32m[2023-07-19 18:05:01 INFO] [activity:215][39m Probe: count_pods
[36m[2023-07-19 18:05:01 DEBUG] [python:33][39m Activity 'count_pods' loaded from '/home/ubuntu/.venvs/chaostk/lib/python3.10/site-packages/chaosk8s/pod/probes.py'
[36m[2023-07-19 18:05:01 DEBUG] [probes:252][39m Found 1 pods matching label 'app=sample-app' in ns 'default'
[36m[2023-07-19 18:05:01 DEBUG] [activity:237][39m   => succeeded with '1'
[36m[2023-07-19 18:05:01 DEBUG] [__init__:450][39m No controls to apply on 'activity'
[36m[2023-07-19 18:05:01 DEBUG] [hypothesis:226][39m allowed tolerance is 1
[32m[2023-07-19 18:05:01 INFO] [hypothesis:236][39m Steady state hypothesis is met!
[36m[2023-07-19 18:05:01 DEBUG] [__init__:450][39m No controls to apply on 'hypothesis'
[32m[2023-07-19 18:05:01 INFO] [run:964][39m Let's rollback...
[36m[2023-07-19 18:05:01 DEBUG] [__init__:450][39m No controls to apply on 'rollback'
[32m[2023-07-19 18:05:01 INFO] [rollback:31][39m No declared rollbacks, let's move on.
[36m[2023-07-19 18:05:01 DEBUG] [__init__:450][39m No controls to apply on 'rollback'
[32m[2023-07-19 18:05:01 INFO] [run:515][39m Experiment ended with status: completed
[36m[2023-07-19 18:05:01 DEBUG] [__init__:450][39m No controls to apply on 'experiment'
[36m[2023-07-19 18:05:01 DEBUG] [__init__:103][39m Cleaning up controls
[36m[2023-07-19 18:05:01 DEBUG] [caching:42][39m Clearing activities cache
[36m[2023-07-19 18:05:33 DEBUG] [cli:114][39m ###############################################################################
[36m[2023-07-19 18:05:33 DEBUG] [cli:115][39m Running command 'run'
[36m[2023-07-19 18:05:33 DEBUG] [cli:119][39m Using settings file '/home/ubuntu/.chaostoolkit/settings.yaml'
[36m[2023-07-19 18:05:34 DEBUG] [settings:30][39m The Chaos Toolkit settings file could not be found at '/home/ubuntu/.chaostoolkit/settings.yaml'.
[36m[2023-07-19 18:05:34 DEBUG] [__init__:450][39m No controls to apply on 'loader'
[36m[2023-07-19 18:05:34 DEBUG] [__init__:450][39m No controls to apply on 'loader'
[36m[2023-07-19 18:06:02 DEBUG] [cli:114][39m ###############################################################################
[36m[2023-07-19 18:06:02 DEBUG] [cli:115][39m Running command 'run'
[36m[2023-07-19 18:06:02 DEBUG] [cli:119][39m Using settings file '/home/ubuntu/.chaostoolkit/settings.yaml'
[36m[2023-07-19 18:06:03 DEBUG] [settings:30][39m The Chaos Toolkit settings file could not be found at '/home/ubuntu/.chaostoolkit/settings.yaml'.
[36m[2023-07-19 18:06:03 DEBUG] [__init__:450][39m No controls to apply on 'loader'
[36m[2023-07-19 18:06:03 DEBUG] [__init__:450][39m No controls to apply on 'loader'
[36m[2023-07-19 18:06:03 DEBUG] [caching:24][39m Building activity cache...
[36m[2023-07-19 18:06:03 DEBUG] [caching:35][39m Cached 2 activities
[32m[2023-07-19 18:06:03 INFO] [experiment:58][39m Validating the experiment's syntax
[36m[2023-07-19 18:06:03 DEBUG] [configuration:63][39m Loading configuration...
[36m[2023-07-19 18:06:03 DEBUG] [secret:78][39m Loading secrets...
[36m[2023-07-19 18:06:03 DEBUG] [secret:103][39m Done loading secrets
[32m[2023-07-19 18:06:03 INFO] [experiment:109][39m Experiment looks valid
[36m[2023-07-19 18:06:03 DEBUG] [caching:42][39m Clearing activities cache
[36m[2023-07-19 18:06:03 DEBUG] [cli:314][39m Runtime strategies: hypothesis - default / rollbacks - default
[36m[2023-07-19 18:06:03 DEBUG] [caching:24][39m Building activity cache...
[36m[2023-07-19 18:06:03 DEBUG] [caching:35][39m Cached 2 activities
[36m[2023-07-19 18:06:03 DEBUG] [configuration:63][39m Loading configuration...
[36m[2023-07-19 18:06:03 DEBUG] [secret:78][39m Loading secrets...
[36m[2023-07-19 18:06:03 DEBUG] [secret:103][39m Done loading secrets
[36m[2023-07-19 18:06:03 DEBUG] [configuration:160][39m Loading dynamic configuration...
[32m[2023-07-19 18:06:03 INFO] [run:369][39m Running experiment: pod exists
[36m[2023-07-19 18:06:03 DEBUG] [__init__:64][39m Initializing controls
[32m[2023-07-19 18:06:03 INFO] [run:396][39m Steady-state strategy: default
[32m[2023-07-19 18:06:03 INFO] [run:400][39m Rollbacks strategy: default
[36m[2023-07-19 18:06:03 DEBUG] [__init__:450][39m No controls to apply on 'experiment'
[36m[2023-07-19 18:06:03 DEBUG] [run:563][39m Running steady-state hypothesis before the method
[32m[2023-07-19 18:06:03 INFO] [hypothesis:186][39m Steady state hypothesis: deployment works
[36m[2023-07-19 18:06:03 DEBUG] [__init__:450][39m No controls to apply on 'hypothesis'
[36m[2023-07-19 18:06:03 DEBUG] [__init__:450][39m No controls to apply on 'activity'
[32m[2023-07-19 18:06:03 INFO] [activity:215][39m Probe: count_pods
[36m[2023-07-19 18:06:03 DEBUG] [python:33][39m Activity 'count_pods' loaded from '/home/ubuntu/.venvs/chaostk/lib/python3.10/site-packages/chaosk8s/pod/probes.py'
[36m[2023-07-19 18:06:03 DEBUG] [probes:252][39m Found 1 pods matching label 'app=sample-app' in ns 'default'
[36m[2023-07-19 18:06:03 DEBUG] [activity:237][39m   => succeeded with '1'
[36m[2023-07-19 18:06:03 DEBUG] [__init__:450][39m No controls to apply on 'activity'
[36m[2023-07-19 18:06:03 DEBUG] [hypothesis:226][39m allowed tolerance is 1
[32m[2023-07-19 18:06:03 INFO] [hypothesis:236][39m Steady state hypothesis is met!
[36m[2023-07-19 18:06:03 DEBUG] [__init__:450][39m No controls to apply on 'hypothesis'
[32m[2023-07-19 18:06:03 INFO] [run:684][39m Playing your experiment's method now...
[36m[2023-07-19 18:06:03 DEBUG] [__init__:450][39m No controls to apply on 'method'
[36m[2023-07-19 18:06:03 DEBUG] [__init__:450][39m No controls to apply on 'activity'
[32m[2023-07-19 18:06:03 INFO] [activity:215][39m Action: terminate_pods
[36m[2023-07-19 18:06:03 DEBUG] [python:33][39m Activity 'terminate_pods' loaded from '/home/ubuntu/.venvs/chaostk/lib/python3.10/site-packages/chaosk8s/pod/actions.py'
[36m[2023-07-19 18:06:03 DEBUG] [actions:232][39m Found 1 pods labelled 'app=sample-app' in ns default
[36m[2023-07-19 18:06:03 DEBUG] [activity:237][39m   => succeeded with '['sample-app-6b978b7ff4-zsvnq']'
[36m[2023-07-19 18:06:03 DEBUG] [__init__:450][39m No controls to apply on 'activity'
[36m[2023-07-19 18:06:03 DEBUG] [__init__:450][39m No controls to apply on 'method'
[36m[2023-07-19 18:06:03 DEBUG] [run:603][39m Running steady-state hypothesis after the method
[32m[2023-07-19 18:06:03 INFO] [hypothesis:186][39m Steady state hypothesis: deployment works
[36m[2023-07-19 18:06:03 DEBUG] [__init__:450][39m No controls to apply on 'hypothesis'
[36m[2023-07-19 18:06:03 DEBUG] [__init__:450][39m No controls to apply on 'activity'
[32m[2023-07-19 18:06:03 INFO] [activity:215][39m Probe: count_pods
[36m[2023-07-19 18:06:03 DEBUG] [python:33][39m Activity 'count_pods' loaded from '/home/ubuntu/.venvs/chaostk/lib/python3.10/site-packages/chaosk8s/pod/probes.py'
[36m[2023-07-19 18:06:03 DEBUG] [probes:252][39m Found 1 pods matching label 'app=sample-app' in ns 'default'
[36m[2023-07-19 18:06:03 DEBUG] [activity:237][39m   => succeeded with '1'
[36m[2023-07-19 18:06:03 DEBUG] [__init__:450][39m No controls to apply on 'activity'
[36m[2023-07-19 18:06:03 DEBUG] [hypothesis:226][39m allowed tolerance is 1
[32m[2023-07-19 18:06:03 INFO] [hypothesis:236][39m Steady state hypothesis is met!
[36m[2023-07-19 18:06:03 DEBUG] [__init__:450][39m No controls to apply on 'hypothesis'
[32m[2023-07-19 18:06:03 INFO] [run:964][39m Let's rollback...
[36m[2023-07-19 18:06:03 DEBUG] [__init__:450][39m No controls to apply on 'rollback'
[32m[2023-07-19 18:06:03 INFO] [rollback:31][39m No declared rollbacks, let's move on.
[36m[2023-07-19 18:06:03 DEBUG] [__init__:450][39m No controls to apply on 'rollback'
[32m[2023-07-19 18:06:03 INFO] [run:515][39m Experiment ended with status: completed
[36m[2023-07-19 18:06:03 DEBUG] [__init__:450][39m No controls to apply on 'experiment'
[36m[2023-07-19 18:06:03 DEBUG] [__init__:103][39m Cleaning up controls
[36m[2023-07-19 18:06:03 DEBUG] [caching:42][39m Clearing activities cache
[36m[2023-07-19 18:06:41 DEBUG] [cli:114][39m ###############################################################################
[36m[2023-07-19 18:06:41 DEBUG] [cli:115][39m Running command 'run'
[36m[2023-07-19 18:06:41 DEBUG] [cli:119][39m Using settings file '/home/ubuntu/.chaostoolkit/settings.yaml'
[36m[2023-07-19 18:06:41 DEBUG] [settings:30][39m The Chaos Toolkit settings file could not be found at '/home/ubuntu/.chaostoolkit/settings.yaml'.
[36m[2023-07-19 18:06:41 DEBUG] [__init__:450][39m No controls to apply on 'loader'
[36m[2023-07-19 18:06:41 DEBUG] [__init__:450][39m No controls to apply on 'loader'
[36m[2023-07-19 18:06:41 DEBUG] [caching:24][39m Building activity cache...
[36m[2023-07-19 18:06:41 DEBUG] [caching:35][39m Cached 2 activities
[32m[2023-07-19 18:06:41 INFO] [experiment:58][39m Validating the experiment's syntax
[36m[2023-07-19 18:06:41 DEBUG] [configuration:63][39m Loading configuration...
[36m[2023-07-19 18:06:41 DEBUG] [secret:78][39m Loading secrets...
[36m[2023-07-19 18:06:41 DEBUG] [secret:103][39m Done loading secrets
[32m[2023-07-19 18:06:42 INFO] [experiment:109][39m Experiment looks valid
[36m[2023-07-19 18:06:42 DEBUG] [caching:42][39m Clearing activities cache
[36m[2023-07-19 18:06:42 DEBUG] [cli:314][39m Runtime strategies: hypothesis - default / rollbacks - default
[36m[2023-07-19 18:06:42 DEBUG] [caching:24][39m Building activity cache...
[36m[2023-07-19 18:06:42 DEBUG] [caching:35][39m Cached 2 activities
[36m[2023-07-19 18:06:42 DEBUG] [configuration:63][39m Loading configuration...
[36m[2023-07-19 18:06:42 DEBUG] [secret:78][39m Loading secrets...
[36m[2023-07-19 18:06:42 DEBUG] [secret:103][39m Done loading secrets
[36m[2023-07-19 18:06:42 DEBUG] [configuration:160][39m Loading dynamic configuration...
[32m[2023-07-19 18:06:42 INFO] [run:369][39m Running experiment: pod exists
[36m[2023-07-19 18:06:42 DEBUG] [__init__:64][39m Initializing controls
[32m[2023-07-19 18:06:42 INFO] [run:396][39m Steady-state strategy: default
[32m[2023-07-19 18:06:42 INFO] [run:400][39m Rollbacks strategy: default
[36m[2023-07-19 18:06:42 DEBUG] [__init__:450][39m No controls to apply on 'experiment'
[36m[2023-07-19 18:06:42 DEBUG] [run:563][39m Running steady-state hypothesis before the method
[32m[2023-07-19 18:06:42 INFO] [hypothesis:186][39m Steady state hypothesis: deployment works
[36m[2023-07-19 18:06:42 DEBUG] [__init__:450][39m No controls to apply on 'hypothesis'
[36m[2023-07-19 18:06:42 DEBUG] [__init__:450][39m No controls to apply on 'activity'
[32m[2023-07-19 18:06:42 INFO] [activity:215][39m Probe: count_pods
[36m[2023-07-19 18:06:42 DEBUG] [python:33][39m Activity 'count_pods' loaded from '/home/ubuntu/.venvs/chaostk/lib/python3.10/site-packages/chaosk8s/pod/probes.py'
[36m[2023-07-19 18:06:42 DEBUG] [probes:252][39m Found 1 pods matching label 'app=sample-app' in ns 'default'
[36m[2023-07-19 18:06:42 DEBUG] [activity:237][39m   => succeeded with '1'
[36m[2023-07-19 18:06:42 DEBUG] [__init__:450][39m No controls to apply on 'activity'
[36m[2023-07-19 18:06:42 DEBUG] [hypothesis:226][39m allowed tolerance is 1
[32m[2023-07-19 18:06:42 INFO] [hypothesis:236][39m Steady state hypothesis is met!
[36m[2023-07-19 18:06:42 DEBUG] [__init__:450][39m No controls to apply on 'hypothesis'
[32m[2023-07-19 18:06:42 INFO] [run:684][39m Playing your experiment's method now...
[36m[2023-07-19 18:06:42 DEBUG] [__init__:450][39m No controls to apply on 'method'
[36m[2023-07-19 18:06:42 DEBUG] [__init__:450][39m No controls to apply on 'activity'
[32m[2023-07-19 18:06:42 INFO] [activity:215][39m Action: terminate_pods
[36m[2023-07-19 18:06:42 DEBUG] [python:33][39m Activity 'terminate_pods' loaded from '/home/ubuntu/.venvs/chaostk/lib/python3.10/site-packages/chaosk8s/pod/actions.py'
[36m[2023-07-19 18:06:42 DEBUG] [actions:232][39m Found 1 pods labelled 'app=sample-app' in ns default
[36m[2023-07-19 18:06:42 DEBUG] [activity:237][39m   => succeeded with '[]'
[36m[2023-07-19 18:06:42 DEBUG] [__init__:450][39m No controls to apply on 'activity'
[36m[2023-07-19 18:06:42 DEBUG] [__init__:450][39m No controls to apply on 'method'
[36m[2023-07-19 18:06:42 DEBUG] [run:603][39m Running steady-state hypothesis after the method
[32m[2023-07-19 18:06:42 INFO] [hypothesis:186][39m Steady state hypothesis: deployment works
[36m[2023-07-19 18:06:42 DEBUG] [__init__:450][39m No controls to apply on 'hypothesis'
[36m[2023-07-19 18:06:42 DEBUG] [__init__:450][39m No controls to apply on 'activity'
[32m[2023-07-19 18:06:42 INFO] [activity:215][39m Probe: count_pods
[36m[2023-07-19 18:06:42 DEBUG] [python:33][39m Activity 'count_pods' loaded from '/home/ubuntu/.venvs/chaostk/lib/python3.10/site-packages/chaosk8s/pod/probes.py'
[36m[2023-07-19 18:06:42 DEBUG] [probes:252][39m Found 1 pods matching label 'app=sample-app' in ns 'default'
[36m[2023-07-19 18:06:42 DEBUG] [activity:237][39m   => succeeded with '1'
[36m[2023-07-19 18:06:42 DEBUG] [__init__:450][39m No controls to apply on 'activity'
[36m[2023-07-19 18:06:42 DEBUG] [hypothesis:226][39m allowed tolerance is 1
[32m[2023-07-19 18:06:42 INFO] [hypothesis:236][39m Steady state hypothesis is met!
[36m[2023-07-19 18:06:42 DEBUG] [__init__:450][39m No controls to apply on 'hypothesis'
[32m[2023-07-19 18:06:42 INFO] [run:964][39m Let's rollback...
[36m[2023-07-19 18:06:42 DEBUG] [__init__:450][39m No controls to apply on 'rollback'
[32m[2023-07-19 18:06:42 INFO] [rollback:31][39m No declared rollbacks, let's move on.
[36m[2023-07-19 18:06:42 DEBUG] [__init__:450][39m No controls to apply on 'rollback'
[32m[2023-07-19 18:06:42 INFO] [run:515][39m Experiment ended with status: completed
[36m[2023-07-19 18:06:42 DEBUG] [__init__:450][39m No controls to apply on 'experiment'
[36m[2023-07-19 18:06:42 DEBUG] [__init__:103][39m Cleaning up controls
[36m[2023-07-19 18:06:42 DEBUG] [caching:42][39m Clearing activities cache
[36m[2023-07-19 18:10:19 DEBUG] [cli:114][39m ###############################################################################
[36m[2023-07-19 18:10:19 DEBUG] [cli:115][39m Running command 'run'
[36m[2023-07-19 18:10:19 DEBUG] [cli:119][39m Using settings file '/home/ubuntu/.chaostoolkit/settings.yaml'
[36m[2023-07-19 18:10:19 DEBUG] [settings:30][39m The Chaos Toolkit settings file could not be found at '/home/ubuntu/.chaostoolkit/settings.yaml'.
[36m[2023-07-19 18:10:19 DEBUG] [__init__:450][39m No controls to apply on 'loader'
[36m[2023-07-19 18:10:19 DEBUG] [__init__:450][39m No controls to apply on 'loader'
[36m[2023-07-19 18:10:19 DEBUG] [caching:24][39m Building activity cache...
[36m[2023-07-19 18:10:19 DEBUG] [caching:35][39m Cached 2 activities
[32m[2023-07-19 18:10:19 INFO] [experiment:58][39m Validating the experiment's syntax
[36m[2023-07-19 18:10:19 DEBUG] [configuration:63][39m Loading configuration...
[36m[2023-07-19 18:10:19 DEBUG] [secret:78][39m Loading secrets...
[36m[2023-07-19 18:10:19 DEBUG] [secret:103][39m Done loading secrets
[32m[2023-07-19 18:10:20 INFO] [experiment:109][39m Experiment looks valid
[36m[2023-07-19 18:10:20 DEBUG] [caching:42][39m Clearing activities cache
[36m[2023-07-19 18:10:20 DEBUG] [cli:314][39m Runtime strategies: hypothesis - default / rollbacks - default
[36m[2023-07-19 18:10:20 DEBUG] [caching:24][39m Building activity cache...
[36m[2023-07-19 18:10:20 DEBUG] [caching:35][39m Cached 2 activities
[36m[2023-07-19 18:10:20 DEBUG] [configuration:63][39m Loading configuration...
[36m[2023-07-19 18:10:20 DEBUG] [secret:78][39m Loading secrets...
[36m[2023-07-19 18:10:20 DEBUG] [secret:103][39m Done loading secrets
[36m[2023-07-19 18:10:20 DEBUG] [configuration:160][39m Loading dynamic configuration...
[32m[2023-07-19 18:10:20 INFO] [run:369][39m Running experiment: pod exists
[36m[2023-07-19 18:10:20 DEBUG] [__init__:64][39m Initializing controls
[32m[2023-07-19 18:10:20 INFO] [run:396][39m Steady-state strategy: default
[32m[2023-07-19 18:10:20 INFO] [run:400][39m Rollbacks strategy: default
[36m[2023-07-19 18:10:20 DEBUG] [__init__:450][39m No controls to apply on 'experiment'
[36m[2023-07-19 18:10:20 DEBUG] [run:563][39m Running steady-state hypothesis before the method
[32m[2023-07-19 18:10:20 INFO] [hypothesis:186][39m Steady state hypothesis: deployment works
[36m[2023-07-19 18:10:20 DEBUG] [__init__:450][39m No controls to apply on 'hypothesis'
[36m[2023-07-19 18:10:20 DEBUG] [__init__:450][39m No controls to apply on 'activity'
[32m[2023-07-19 18:10:20 INFO] [activity:215][39m Probe: count_pods
[36m[2023-07-19 18:10:20 DEBUG] [python:33][39m Activity 'count_pods' loaded from '/home/ubuntu/.venvs/chaostk/lib/python3.10/site-packages/chaosk8s/pod/probes.py'
[36m[2023-07-19 18:10:20 DEBUG] [probes:252][39m Found 1 pods matching label 'app=sample-app' in ns 'default'
[36m[2023-07-19 18:10:20 DEBUG] [activity:237][39m   => succeeded with '1'
[36m[2023-07-19 18:10:20 DEBUG] [__init__:450][39m No controls to apply on 'activity'
[36m[2023-07-19 18:10:20 DEBUG] [hypothesis:226][39m allowed tolerance is 1
[32m[2023-07-19 18:10:20 INFO] [hypothesis:236][39m Steady state hypothesis is met!
[36m[2023-07-19 18:10:20 DEBUG] [__init__:450][39m No controls to apply on 'hypothesis'
[32m[2023-07-19 18:10:20 INFO] [run:684][39m Playing your experiment's method now...
[36m[2023-07-19 18:10:20 DEBUG] [__init__:450][39m No controls to apply on 'method'
[36m[2023-07-19 18:10:20 DEBUG] [__init__:450][39m No controls to apply on 'activity'
[32m[2023-07-19 18:10:20 INFO] [activity:215][39m Action: terminate_pods
[36m[2023-07-19 18:10:20 DEBUG] [python:33][39m Activity 'terminate_pods' loaded from '/home/ubuntu/.venvs/chaostk/lib/python3.10/site-packages/chaosk8s/pod/actions.py'
[36m[2023-07-19 18:10:20 DEBUG] [actions:232][39m Found 1 pods labelled 'app=sample-app' in ns default
[36m[2023-07-19 18:10:20 DEBUG] [activity:237][39m   => succeeded with '[]'
[36m[2023-07-19 18:10:20 DEBUG] [__init__:450][39m No controls to apply on 'activity'
[36m[2023-07-19 18:10:20 DEBUG] [__init__:450][39m No controls to apply on 'method'
[36m[2023-07-19 18:10:20 DEBUG] [run:603][39m Running steady-state hypothesis after the method
[32m[2023-07-19 18:10:20 INFO] [hypothesis:186][39m Steady state hypothesis: deployment works
[36m[2023-07-19 18:10:20 DEBUG] [__init__:450][39m No controls to apply on 'hypothesis'
[36m[2023-07-19 18:10:20 DEBUG] [__init__:450][39m No controls to apply on 'activity'
[32m[2023-07-19 18:10:20 INFO] [activity:215][39m Probe: count_pods
[36m[2023-07-19 18:10:20 DEBUG] [python:33][39m Activity 'count_pods' loaded from '/home/ubuntu/.venvs/chaostk/lib/python3.10/site-packages/chaosk8s/pod/probes.py'
[36m[2023-07-19 18:10:20 DEBUG] [probes:252][39m Found 1 pods matching label 'app=sample-app' in ns 'default'
[36m[2023-07-19 18:10:20 DEBUG] [activity:237][39m   => succeeded with '1'
[36m[2023-07-19 18:10:20 DEBUG] [__init__:450][39m No controls to apply on 'activity'
[36m[2023-07-19 18:10:20 DEBUG] [hypothesis:226][39m allowed tolerance is 1
[32m[2023-07-19 18:10:20 INFO] [hypothesis:236][39m Steady state hypothesis is met!
[36m[2023-07-19 18:10:20 DEBUG] [__init__:450][39m No controls to apply on 'hypothesis'
[32m[2023-07-19 18:10:20 INFO] [run:964][39m Let's rollback...
[36m[2023-07-19 18:10:20 DEBUG] [__init__:450][39m No controls to apply on 'rollback'
[32m[2023-07-19 18:10:20 INFO] [rollback:31][39m No declared rollbacks, let's move on.
[36m[2023-07-19 18:10:20 DEBUG] [__init__:450][39m No controls to apply on 'rollback'
[32m[2023-07-19 18:10:20 INFO] [run:515][39m Experiment ended with status: completed
[36m[2023-07-19 18:10:20 DEBUG] [__init__:450][39m No controls to apply on 'experiment'
[36m[2023-07-19 18:10:20 DEBUG] [__init__:103][39m Cleaning up controls
[36m[2023-07-19 18:10:20 DEBUG] [caching:42][39m Clearing activities cache
[36m[2023-07-19 18:11:37 DEBUG] [cli:114][39m ###############################################################################
[36m[2023-07-19 18:11:37 DEBUG] [cli:115][39m Running command 'run'
[36m[2023-07-19 18:11:37 DEBUG] [cli:119][39m Using settings file '/home/ubuntu/.chaostoolkit/settings.yaml'
[36m[2023-07-19 18:11:37 DEBUG] [settings:30][39m The Chaos Toolkit settings file could not be found at '/home/ubuntu/.chaostoolkit/settings.yaml'.
[36m[2023-07-19 18:11:37 DEBUG] [__init__:450][39m No controls to apply on 'loader'
[36m[2023-07-19 18:11:37 DEBUG] [__init__:450][39m No controls to apply on 'loader'
[36m[2023-07-19 18:11:37 DEBUG] [caching:24][39m Building activity cache...
[36m[2023-07-19 18:11:37 DEBUG] [caching:35][39m Cached 2 activities
[32m[2023-07-19 18:11:37 INFO] [experiment:58][39m Validating the experiment's syntax
[36m[2023-07-19 18:11:37 DEBUG] [configuration:63][39m Loading configuration...
[36m[2023-07-19 18:11:37 DEBUG] [secret:78][39m Loading secrets...
[36m[2023-07-19 18:11:37 DEBUG] [secret:103][39m Done loading secrets
[32m[2023-07-19 18:11:38 INFO] [experiment:109][39m Experiment looks valid
[36m[2023-07-19 18:11:38 DEBUG] [caching:42][39m Clearing activities cache
[36m[2023-07-19 18:11:38 DEBUG] [cli:314][39m Runtime strategies: hypothesis - default / rollbacks - default
[36m[2023-07-19 18:11:38 DEBUG] [caching:24][39m Building activity cache...
[36m[2023-07-19 18:11:38 DEBUG] [caching:35][39m Cached 2 activities
[36m[2023-07-19 18:11:38 DEBUG] [configuration:63][39m Loading configuration...
[36m[2023-07-19 18:11:38 DEBUG] [secret:78][39m Loading secrets...
[36m[2023-07-19 18:11:38 DEBUG] [secret:103][39m Done loading secrets
[36m[2023-07-19 18:11:38 DEBUG] [configuration:160][39m Loading dynamic configuration...
[32m[2023-07-19 18:11:38 INFO] [run:369][39m Running experiment: pod exists
[36m[2023-07-19 18:11:38 DEBUG] [__init__:64][39m Initializing controls
[32m[2023-07-19 18:11:38 INFO] [run:396][39m Steady-state strategy: default
[32m[2023-07-19 18:11:38 INFO] [run:400][39m Rollbacks strategy: default
[36m[2023-07-19 18:11:38 DEBUG] [__init__:450][39m No controls to apply on 'experiment'
[36m[2023-07-19 18:11:38 DEBUG] [run:563][39m Running steady-state hypothesis before the method
[32m[2023-07-19 18:11:38 INFO] [hypothesis:186][39m Steady state hypothesis: deployment works
[36m[2023-07-19 18:11:38 DEBUG] [__init__:450][39m No controls to apply on 'hypothesis'
[36m[2023-07-19 18:11:38 DEBUG] [__init__:450][39m No controls to apply on 'activity'
[32m[2023-07-19 18:11:38 INFO] [activity:215][39m Probe: count_pods
[36m[2023-07-19 18:11:38 DEBUG] [python:33][39m Activity 'count_pods' loaded from '/home/ubuntu/.venvs/chaostk/lib/python3.10/site-packages/chaosk8s/pod/probes.py'
[36m[2023-07-19 18:11:38 DEBUG] [probes:252][39m Found 1 pods matching label 'app=sample-app' in ns 'default'
[36m[2023-07-19 18:11:38 DEBUG] [activity:237][39m   => succeeded with '1'
[36m[2023-07-19 18:11:38 DEBUG] [__init__:450][39m No controls to apply on 'activity'
[36m[2023-07-19 18:11:38 DEBUG] [hypothesis:226][39m allowed tolerance is 1
[32m[2023-07-19 18:11:38 INFO] [hypothesis:236][39m Steady state hypothesis is met!
[36m[2023-07-19 18:11:38 DEBUG] [__init__:450][39m No controls to apply on 'hypothesis'
[32m[2023-07-19 18:11:38 INFO] [run:684][39m Playing your experiment's method now...
[36m[2023-07-19 18:11:38 DEBUG] [__init__:450][39m No controls to apply on 'method'
[36m[2023-07-19 18:11:38 DEBUG] [__init__:450][39m No controls to apply on 'activity'
[32m[2023-07-19 18:11:38 INFO] [activity:215][39m Action: terminate_pods
[36m[2023-07-19 18:11:38 DEBUG] [python:33][39m Activity 'terminate_pods' loaded from '/home/ubuntu/.venvs/chaostk/lib/python3.10/site-packages/chaosk8s/pod/actions.py'
[36m[2023-07-19 18:11:38 DEBUG] [actions:232][39m Found 1 pods labelled 'app=sample-app' in ns default
[36m[2023-07-19 18:11:38 DEBUG] [activity:237][39m   => succeeded with '[]'
[36m[2023-07-19 18:11:38 DEBUG] [__init__:450][39m No controls to apply on 'activity'
[36m[2023-07-19 18:11:38 DEBUG] [__init__:450][39m No controls to apply on 'method'
[36m[2023-07-19 18:11:38 DEBUG] [run:603][39m Running steady-state hypothesis after the method
[32m[2023-07-19 18:11:38 INFO] [hypothesis:186][39m Steady state hypothesis: deployment works
[36m[2023-07-19 18:11:38 DEBUG] [__init__:450][39m No controls to apply on 'hypothesis'
[36m[2023-07-19 18:11:38 DEBUG] [__init__:450][39m No controls to apply on 'activity'
[32m[2023-07-19 18:11:38 INFO] [activity:215][39m Probe: count_pods
[36m[2023-07-19 18:11:38 DEBUG] [python:33][39m Activity 'count_pods' loaded from '/home/ubuntu/.venvs/chaostk/lib/python3.10/site-packages/chaosk8s/pod/probes.py'
[36m[2023-07-19 18:11:38 DEBUG] [probes:252][39m Found 1 pods matching label 'app=sample-app' in ns 'default'
[36m[2023-07-19 18:11:38 DEBUG] [activity:237][39m   => succeeded with '1'
[36m[2023-07-19 18:11:38 DEBUG] [__init__:450][39m No controls to apply on 'activity'
[36m[2023-07-19 18:11:38 DEBUG] [hypothesis:226][39m allowed tolerance is 1
[32m[2023-07-19 18:11:38 INFO] [hypothesis:236][39m Steady state hypothesis is met!
[36m[2023-07-19 18:11:38 DEBUG] [__init__:450][39m No controls to apply on 'hypothesis'
[32m[2023-07-19 18:11:38 INFO] [run:964][39m Let's rollback...
[36m[2023-07-19 18:11:38 DEBUG] [__init__:450][39m No controls to apply on 'rollback'
[32m[2023-07-19 18:11:38 INFO] [rollback:31][39m No declared rollbacks, let's move on.
[36m[2023-07-19 18:11:38 DEBUG] [__init__:450][39m No controls to apply on 'rollback'
[32m[2023-07-19 18:11:38 INFO] [run:515][39m Experiment ended with status: completed
[36m[2023-07-19 18:11:38 DEBUG] [__init__:450][39m No controls to apply on 'experiment'
[36m[2023-07-19 18:11:38 DEBUG] [__init__:103][39m Cleaning up controls
[36m[2023-07-19 18:11:38 DEBUG] [caching:42][39m Clearing activities cache
[36m[2023-07-19 18:12:59 DEBUG] [cli:114][39m ###############################################################################
[36m[2023-07-19 18:12:59 DEBUG] [cli:115][39m Running command 'run'
[36m[2023-07-19 18:12:59 DEBUG] [cli:119][39m Using settings file '/home/ubuntu/.chaostoolkit/settings.yaml'
[36m[2023-07-19 18:12:59 DEBUG] [settings:30][39m The Chaos Toolkit settings file could not be found at '/home/ubuntu/.chaostoolkit/settings.yaml'.
[36m[2023-07-19 18:12:59 DEBUG] [__init__:450][39m No controls to apply on 'loader'
[36m[2023-07-19 18:12:59 DEBUG] [__init__:450][39m No controls to apply on 'loader'
[36m[2023-07-19 18:12:59 DEBUG] [caching:24][39m Building activity cache...
[36m[2023-07-19 18:12:59 DEBUG] [caching:35][39m Cached 2 activities
[32m[2023-07-19 18:12:59 INFO] [experiment:58][39m Validating the experiment's syntax
[36m[2023-07-19 18:12:59 DEBUG] [configuration:63][39m Loading configuration...
[36m[2023-07-19 18:12:59 DEBUG] [secret:78][39m Loading secrets...
[36m[2023-07-19 18:12:59 DEBUG] [secret:103][39m Done loading secrets
[32m[2023-07-19 18:13:00 INFO] [experiment:109][39m Experiment looks valid
[36m[2023-07-19 18:13:00 DEBUG] [caching:42][39m Clearing activities cache
[36m[2023-07-19 18:13:00 DEBUG] [cli:314][39m Runtime strategies: hypothesis - default / rollbacks - default
[36m[2023-07-19 18:13:00 DEBUG] [caching:24][39m Building activity cache...
[36m[2023-07-19 18:13:00 DEBUG] [caching:35][39m Cached 2 activities
[36m[2023-07-19 18:13:00 DEBUG] [configuration:63][39m Loading configuration...
[36m[2023-07-19 18:13:00 DEBUG] [secret:78][39m Loading secrets...
[36m[2023-07-19 18:13:00 DEBUG] [secret:103][39m Done loading secrets
[36m[2023-07-19 18:13:00 DEBUG] [configuration:160][39m Loading dynamic configuration...
[32m[2023-07-19 18:13:00 INFO] [run:369][39m Running experiment: pod exists
[36m[2023-07-19 18:13:00 DEBUG] [__init__:64][39m Initializing controls
[32m[2023-07-19 18:13:00 INFO] [run:396][39m Steady-state strategy: default
[32m[2023-07-19 18:13:00 INFO] [run:400][39m Rollbacks strategy: default
[36m[2023-07-19 18:13:00 DEBUG] [__init__:450][39m No controls to apply on 'experiment'
[36m[2023-07-19 18:13:00 DEBUG] [run:563][39m Running steady-state hypothesis before the method
[32m[2023-07-19 18:13:00 INFO] [hypothesis:186][39m Steady state hypothesis: deployment works
[36m[2023-07-19 18:13:00 DEBUG] [__init__:450][39m No controls to apply on 'hypothesis'
[36m[2023-07-19 18:13:00 DEBUG] [__init__:450][39m No controls to apply on 'activity'
[32m[2023-07-19 18:13:00 INFO] [activity:215][39m Probe: count_pods
[36m[2023-07-19 18:13:00 DEBUG] [python:33][39m Activity 'count_pods' loaded from '/home/ubuntu/.venvs/chaostk/lib/python3.10/site-packages/chaosk8s/pod/probes.py'
[36m[2023-07-19 18:13:00 DEBUG] [probes:252][39m Found 1 pods matching label 'app=sample-app' in ns 'default'
[36m[2023-07-19 18:13:00 DEBUG] [activity:237][39m   => succeeded with '1'
[36m[2023-07-19 18:13:00 DEBUG] [__init__:450][39m No controls to apply on 'activity'
[36m[2023-07-19 18:13:00 DEBUG] [hypothesis:226][39m allowed tolerance is 1
[32m[2023-07-19 18:13:00 INFO] [hypothesis:236][39m Steady state hypothesis is met!
[36m[2023-07-19 18:13:00 DEBUG] [__init__:450][39m No controls to apply on 'hypothesis'
[32m[2023-07-19 18:13:00 INFO] [run:684][39m Playing your experiment's method now...
[36m[2023-07-19 18:13:00 DEBUG] [__init__:450][39m No controls to apply on 'method'
[36m[2023-07-19 18:13:00 DEBUG] [__init__:450][39m No controls to apply on 'activity'
[32m[2023-07-19 18:13:00 INFO] [activity:215][39m Action: terminate_pods
[36m[2023-07-19 18:13:00 DEBUG] [python:33][39m Activity 'terminate_pods' loaded from '/home/ubuntu/.venvs/chaostk/lib/python3.10/site-packages/chaosk8s/pod/actions.py'
[36m[2023-07-19 18:13:00 DEBUG] [actions:232][39m Found 1 pods labelled 'app=sample-app' in ns default
[36m[2023-07-19 18:13:00 DEBUG] [activity:237][39m   => succeeded with '['sample-app-6b978b7ff4-kbgn8']'
[36m[2023-07-19 18:13:00 DEBUG] [__init__:450][39m No controls to apply on 'activity'
[36m[2023-07-19 18:13:00 DEBUG] [__init__:450][39m No controls to apply on 'method'
[36m[2023-07-19 18:13:00 DEBUG] [run:603][39m Running steady-state hypothesis after the method
[32m[2023-07-19 18:13:00 INFO] [hypothesis:186][39m Steady state hypothesis: deployment works
[36m[2023-07-19 18:13:00 DEBUG] [__init__:450][39m No controls to apply on 'hypothesis'
[36m[2023-07-19 18:13:00 DEBUG] [__init__:450][39m No controls to apply on 'activity'
[32m[2023-07-19 18:13:00 INFO] [activity:215][39m Probe: count_pods
[36m[2023-07-19 18:13:00 DEBUG] [python:33][39m Activity 'count_pods' loaded from '/home/ubuntu/.venvs/chaostk/lib/python3.10/site-packages/chaosk8s/pod/probes.py'
[36m[2023-07-19 18:13:00 DEBUG] [probes:252][39m Found 1 pods matching label 'app=sample-app' in ns 'default'
[36m[2023-07-19 18:13:00 DEBUG] [activity:237][39m   => succeeded with '1'
[36m[2023-07-19 18:13:00 DEBUG] [__init__:450][39m No controls to apply on 'activity'
[36m[2023-07-19 18:13:00 DEBUG] [hypothesis:226][39m allowed tolerance is 1
[32m[2023-07-19 18:13:00 INFO] [hypothesis:236][39m Steady state hypothesis is met!
[36m[2023-07-19 18:13:00 DEBUG] [__init__:450][39m No controls to apply on 'hypothesis'
[32m[2023-07-19 18:13:00 INFO] [run:964][39m Let's rollback...
[36m[2023-07-19 18:13:00 DEBUG] [__init__:450][39m No controls to apply on 'rollback'
[32m[2023-07-19 18:13:00 INFO] [rollback:31][39m No declared rollbacks, let's move on.
[36m[2023-07-19 18:13:00 DEBUG] [__init__:450][39m No controls to apply on 'rollback'
[32m[2023-07-19 18:13:00 INFO] [run:515][39m Experiment ended with status: completed
[36m[2023-07-19 18:13:00 DEBUG] [__init__:450][39m No controls to apply on 'experiment'
[36m[2023-07-19 18:13:00 DEBUG] [__init__:103][39m Cleaning up controls
[36m[2023-07-19 18:13:00 DEBUG] [caching:42][39m Clearing activities cache
[36m[2023-07-19 18:16:56 DEBUG] [cli:114][39m ###############################################################################
[36m[2023-07-19 18:16:56 DEBUG] [cli:115][39m Running command 'run'
[36m[2023-07-19 18:16:56 DEBUG] [cli:119][39m Using settings file '/home/ubuntu/.chaostoolkit/settings.yaml'
[36m[2023-07-19 18:16:56 DEBUG] [settings:30][39m The Chaos Toolkit settings file could not be found at '/home/ubuntu/.chaostoolkit/settings.yaml'.
[36m[2023-07-19 18:16:56 DEBUG] [__init__:450][39m No controls to apply on 'loader'
[36m[2023-07-19 18:16:56 DEBUG] [__init__:450][39m No controls to apply on 'loader'
[36m[2023-07-19 18:16:56 DEBUG] [caching:24][39m Building activity cache...
[36m[2023-07-19 18:16:56 DEBUG] [caching:35][39m Cached 2 activities
[32m[2023-07-19 18:16:56 INFO] [experiment:58][39m Validating the experiment's syntax
[36m[2023-07-19 18:16:56 DEBUG] [configuration:63][39m Loading configuration...
[36m[2023-07-19 18:16:56 DEBUG] [secret:78][39m Loading secrets...
[36m[2023-07-19 18:16:56 DEBUG] [secret:103][39m Done loading secrets
[32m[2023-07-19 18:16:57 INFO] [experiment:109][39m Experiment looks valid
[36m[2023-07-19 18:16:57 DEBUG] [caching:42][39m Clearing activities cache
[36m[2023-07-19 18:16:57 DEBUG] [cli:314][39m Runtime strategies: hypothesis - default / rollbacks - default
[36m[2023-07-19 18:16:57 DEBUG] [caching:24][39m Building activity cache...
[36m[2023-07-19 18:16:57 DEBUG] [caching:35][39m Cached 2 activities
[36m[2023-07-19 18:16:57 DEBUG] [configuration:63][39m Loading configuration...
[36m[2023-07-19 18:16:57 DEBUG] [secret:78][39m Loading secrets...
[36m[2023-07-19 18:16:57 DEBUG] [secret:103][39m Done loading secrets
[36m[2023-07-19 18:16:57 DEBUG] [configuration:160][39m Loading dynamic configuration...
[32m[2023-07-19 18:16:57 INFO] [run:369][39m Running experiment: pod exists
[36m[2023-07-19 18:16:57 DEBUG] [__init__:64][39m Initializing controls
[32m[2023-07-19 18:16:57 INFO] [run:396][39m Steady-state strategy: default
[32m[2023-07-19 18:16:57 INFO] [run:400][39m Rollbacks strategy: default
[36m[2023-07-19 18:16:57 DEBUG] [__init__:450][39m No controls to apply on 'experiment'
[36m[2023-07-19 18:16:57 DEBUG] [run:563][39m Running steady-state hypothesis before the method
[32m[2023-07-19 18:16:57 INFO] [hypothesis:186][39m Steady state hypothesis: deployment works
[36m[2023-07-19 18:16:57 DEBUG] [__init__:450][39m No controls to apply on 'hypothesis'
[36m[2023-07-19 18:16:57 DEBUG] [__init__:450][39m No controls to apply on 'activity'
[32m[2023-07-19 18:16:57 INFO] [activity:215][39m Probe: count_pods
[36m[2023-07-19 18:16:57 DEBUG] [python:33][39m Activity 'count_pods' loaded from '/home/ubuntu/.venvs/chaostk/lib/python3.10/site-packages/chaosk8s/pod/probes.py'
[36m[2023-07-19 18:16:57 DEBUG] [probes:252][39m Found 1 pods matching label 'app=sample-app' in ns 'default'
[36m[2023-07-19 18:16:57 DEBUG] [activity:237][39m   => succeeded with '1'
[36m[2023-07-19 18:16:57 DEBUG] [__init__:450][39m No controls to apply on 'activity'
[36m[2023-07-19 18:16:57 DEBUG] [hypothesis:226][39m allowed tolerance is 1
[32m[2023-07-19 18:16:57 INFO] [hypothesis:236][39m Steady state hypothesis is met!
[36m[2023-07-19 18:16:57 DEBUG] [__init__:450][39m No controls to apply on 'hypothesis'
[32m[2023-07-19 18:16:57 INFO] [run:684][39m Playing your experiment's method now...
[36m[2023-07-19 18:16:57 DEBUG] [__init__:450][39m No controls to apply on 'method'
[36m[2023-07-19 18:16:57 DEBUG] [__init__:450][39m No controls to apply on 'activity'
[32m[2023-07-19 18:16:57 INFO] [activity:215][39m Action: terminate_pods
[36m[2023-07-19 18:16:57 DEBUG] [python:33][39m Activity 'terminate_pods' loaded from '/home/ubuntu/.venvs/chaostk/lib/python3.10/site-packages/chaosk8s/pod/actions.py'
[36m[2023-07-19 18:16:57 DEBUG] [actions:232][39m Found 1 pods labelled 'app=sample-app' in ns default
[36m[2023-07-19 18:16:57 DEBUG] [activity:237][39m   => succeeded with '['sample-app-6b978b7ff4-mwhb4']'
[36m[2023-07-19 18:16:57 DEBUG] [__init__:450][39m No controls to apply on 'activity'
[36m[2023-07-19 18:16:57 DEBUG] [__init__:450][39m No controls to apply on 'method'
[36m[2023-07-19 18:16:57 DEBUG] [run:603][39m Running steady-state hypothesis after the method
[32m[2023-07-19 18:16:57 INFO] [hypothesis:186][39m Steady state hypothesis: deployment works
[36m[2023-07-19 18:16:57 DEBUG] [__init__:450][39m No controls to apply on 'hypothesis'
[36m[2023-07-19 18:16:57 DEBUG] [__init__:450][39m No controls to apply on 'activity'
[32m[2023-07-19 18:16:57 INFO] [activity:215][39m Probe: count_pods
[36m[2023-07-19 18:16:57 DEBUG] [python:33][39m Activity 'count_pods' loaded from '/home/ubuntu/.venvs/chaostk/lib/python3.10/site-packages/chaosk8s/pod/probes.py'
[36m[2023-07-19 18:16:57 DEBUG] [probes:252][39m Found 1 pods matching label 'app=sample-app' in ns 'default'
[36m[2023-07-19 18:16:57 DEBUG] [activity:237][39m   => succeeded with '1'
[36m[2023-07-19 18:16:57 DEBUG] [__init__:450][39m No controls to apply on 'activity'
[36m[2023-07-19 18:16:57 DEBUG] [hypothesis:226][39m allowed tolerance is 1
[32m[2023-07-19 18:16:57 INFO] [hypothesis:236][39m Steady state hypothesis is met!
[36m[2023-07-19 18:16:57 DEBUG] [__init__:450][39m No controls to apply on 'hypothesis'
[32m[2023-07-19 18:16:57 INFO] [run:964][39m Let's rollback...
[36m[2023-07-19 18:16:57 DEBUG] [__init__:450][39m No controls to apply on 'rollback'
[32m[2023-07-19 18:16:57 INFO] [rollback:31][39m No declared rollbacks, let's move on.
[36m[2023-07-19 18:16:57 DEBUG] [__init__:450][39m No controls to apply on 'rollback'
[32m[2023-07-19 18:16:57 INFO] [run:515][39m Experiment ended with status: completed
[36m[2023-07-19 18:16:57 DEBUG] [__init__:450][39m No controls to apply on 'experiment'
[36m[2023-07-19 18:16:57 DEBUG] [__init__:103][39m Cleaning up controls
[36m[2023-07-19 18:16:57 DEBUG] [caching:42][39m Clearing activities cache
[36m[2023-07-19 18:18:25 DEBUG] [cli:114][39m ###############################################################################
[36m[2023-07-19 18:18:25 DEBUG] [cli:115][39m Running command 'run'
[36m[2023-07-19 18:18:25 DEBUG] [cli:119][39m Using settings file '/home/ubuntu/.chaostoolkit/settings.yaml'
[36m[2023-07-19 18:18:26 DEBUG] [settings:30][39m The Chaos Toolkit settings file could not be found at '/home/ubuntu/.chaostoolkit/settings.yaml'.
[36m[2023-07-19 18:18:26 DEBUG] [__init__:450][39m No controls to apply on 'loader'
[36m[2023-07-19 18:18:26 DEBUG] [__init__:450][39m No controls to apply on 'loader'
[36m[2023-07-19 18:18:26 DEBUG] [caching:24][39m Building activity cache...
[36m[2023-07-19 18:18:26 DEBUG] [caching:35][39m Cached 2 activities
[32m[2023-07-19 18:18:26 INFO] [experiment:58][39m Validating the experiment's syntax
[36m[2023-07-19 18:18:26 DEBUG] [configuration:63][39m Loading configuration...
[36m[2023-07-19 18:18:26 DEBUG] [secret:78][39m Loading secrets...
[36m[2023-07-19 18:18:26 DEBUG] [secret:103][39m Done loading secrets
[32m[2023-07-19 18:18:27 INFO] [experiment:109][39m Experiment looks valid
[36m[2023-07-19 18:18:27 DEBUG] [caching:42][39m Clearing activities cache
[36m[2023-07-19 18:18:27 DEBUG] [cli:314][39m Runtime strategies: hypothesis - default / rollbacks - default
[36m[2023-07-19 18:18:27 DEBUG] [caching:24][39m Building activity cache...
[36m[2023-07-19 18:18:27 DEBUG] [caching:35][39m Cached 2 activities
[36m[2023-07-19 18:18:27 DEBUG] [configuration:63][39m Loading configuration...
[36m[2023-07-19 18:18:27 DEBUG] [secret:78][39m Loading secrets...
[36m[2023-07-19 18:18:27 DEBUG] [secret:103][39m Done loading secrets
[36m[2023-07-19 18:18:27 DEBUG] [configuration:160][39m Loading dynamic configuration...
[32m[2023-07-19 18:18:27 INFO] [run:369][39m Running experiment: pod exists
[36m[2023-07-19 18:18:27 DEBUG] [__init__:64][39m Initializing controls
[32m[2023-07-19 18:18:27 INFO] [run:396][39m Steady-state strategy: default
[32m[2023-07-19 18:18:27 INFO] [run:400][39m Rollbacks strategy: default
[36m[2023-07-19 18:18:27 DEBUG] [__init__:450][39m No controls to apply on 'experiment'
[36m[2023-07-19 18:18:27 DEBUG] [run:563][39m Running steady-state hypothesis before the method
[32m[2023-07-19 18:18:27 INFO] [hypothesis:186][39m Steady state hypothesis: deployment works
[36m[2023-07-19 18:18:27 DEBUG] [__init__:450][39m No controls to apply on 'hypothesis'
[36m[2023-07-19 18:18:27 DEBUG] [__init__:450][39m No controls to apply on 'activity'
[32m[2023-07-19 18:18:27 INFO] [activity:215][39m Probe: count_pods
[36m[2023-07-19 18:18:27 DEBUG] [python:33][39m Activity 'count_pods' loaded from '/home/ubuntu/.venvs/chaostk/lib/python3.10/site-packages/chaosk8s/pod/probes.py'
[36m[2023-07-19 18:18:27 DEBUG] [probes:252][39m Found 1 pods matching label 'app=sample-app' in ns 'default'
[36m[2023-07-19 18:18:27 DEBUG] [activity:237][39m   => succeeded with '1'
[36m[2023-07-19 18:18:27 DEBUG] [__init__:450][39m No controls to apply on 'activity'
[36m[2023-07-19 18:18:27 DEBUG] [hypothesis:226][39m allowed tolerance is 1
[32m[2023-07-19 18:18:27 INFO] [hypothesis:236][39m Steady state hypothesis is met!
[36m[2023-07-19 18:18:27 DEBUG] [__init__:450][39m No controls to apply on 'hypothesis'
[32m[2023-07-19 18:18:27 INFO] [run:684][39m Playing your experiment's method now...
[36m[2023-07-19 18:18:27 DEBUG] [__init__:450][39m No controls to apply on 'method'
[36m[2023-07-19 18:18:27 DEBUG] [__init__:450][39m No controls to apply on 'activity'
[32m[2023-07-19 18:18:27 INFO] [activity:215][39m Action: terminate_pods
[36m[2023-07-19 18:18:27 DEBUG] [python:33][39m Activity 'terminate_pods' loaded from '/home/ubuntu/.venvs/chaostk/lib/python3.10/site-packages/chaosk8s/pod/actions.py'
[36m[2023-07-19 18:18:27 DEBUG] [actions:232][39m Found 1 pods labelled 'app=sample-app' in ns default
[36m[2023-07-19 18:18:27 DEBUG] [activity:237][39m   => succeeded with '[]'
[36m[2023-07-19 18:18:27 DEBUG] [__init__:450][39m No controls to apply on 'activity'
[36m[2023-07-19 18:18:27 DEBUG] [__init__:450][39m No controls to apply on 'method'
[36m[2023-07-19 18:18:27 DEBUG] [run:603][39m Running steady-state hypothesis after the method
[32m[2023-07-19 18:18:27 INFO] [hypothesis:186][39m Steady state hypothesis: deployment works
[36m[2023-07-19 18:18:27 DEBUG] [__init__:450][39m No controls to apply on 'hypothesis'
[36m[2023-07-19 18:18:27 DEBUG] [__init__:450][39m No controls to apply on 'activity'
[32m[2023-07-19 18:18:27 INFO] [activity:215][39m Probe: count_pods
[36m[2023-07-19 18:18:27 DEBUG] [python:33][39m Activity 'count_pods' loaded from '/home/ubuntu/.venvs/chaostk/lib/python3.10/site-packages/chaosk8s/pod/probes.py'
[36m[2023-07-19 18:18:27 DEBUG] [probes:252][39m Found 1 pods matching label 'app=sample-app' in ns 'default'
[36m[2023-07-19 18:18:27 DEBUG] [activity:237][39m   => succeeded with '1'
[36m[2023-07-19 18:18:27 DEBUG] [__init__:450][39m No controls to apply on 'activity'
[36m[2023-07-19 18:18:27 DEBUG] [hypothesis:226][39m allowed tolerance is 1
[32m[2023-07-19 18:18:27 INFO] [hypothesis:236][39m Steady state hypothesis is met!
[36m[2023-07-19 18:18:27 DEBUG] [__init__:450][39m No controls to apply on 'hypothesis'
[32m[2023-07-19 18:18:27 INFO] [run:964][39m Let's rollback...
[36m[2023-07-19 18:18:27 DEBUG] [__init__:450][39m No controls to apply on 'rollback'
[32m[2023-07-19 18:18:27 INFO] [rollback:31][39m No declared rollbacks, let's move on.
[36m[2023-07-19 18:18:27 DEBUG] [__init__:450][39m No controls to apply on 'rollback'
[32m[2023-07-19 18:18:27 INFO] [run:515][39m Experiment ended with status: completed
[36m[2023-07-19 18:18:27 DEBUG] [__init__:450][39m No controls to apply on 'experiment'
[36m[2023-07-19 18:18:27 DEBUG] [__init__:103][39m Cleaning up controls
[36m[2023-07-19 18:18:27 DEBUG] [caching:42][39m Clearing activities cache
[36m[2023-07-19 18:21:27 DEBUG] [cli:114][39m ###############################################################################
[36m[2023-07-19 18:21:27 DEBUG] [cli:115][39m Running command 'run'
[36m[2023-07-19 18:21:27 DEBUG] [cli:119][39m Using settings file '/home/ubuntu/.chaostoolkit/settings.yaml'
[36m[2023-07-19 18:21:27 DEBUG] [settings:30][39m The Chaos Toolkit settings file could not be found at '/home/ubuntu/.chaostoolkit/settings.yaml'.
[36m[2023-07-19 18:21:27 DEBUG] [__init__:450][39m No controls to apply on 'loader'
[36m[2023-07-19 18:21:27 DEBUG] [__init__:450][39m No controls to apply on 'loader'
[36m[2023-07-19 18:21:27 DEBUG] [caching:24][39m Building activity cache...
[36m[2023-07-19 18:21:27 DEBUG] [caching:35][39m Cached 2 activities
[32m[2023-07-19 18:21:27 INFO] [experiment:58][39m Validating the experiment's syntax
[36m[2023-07-19 18:21:27 DEBUG] [configuration:63][39m Loading configuration...
[36m[2023-07-19 18:21:27 DEBUG] [secret:78][39m Loading secrets...
[36m[2023-07-19 18:21:27 DEBUG] [secret:103][39m Done loading secrets
[32m[2023-07-19 18:21:28 INFO] [experiment:109][39m Experiment looks valid
[36m[2023-07-19 18:21:28 DEBUG] [caching:42][39m Clearing activities cache
[36m[2023-07-19 18:21:28 DEBUG] [cli:314][39m Runtime strategies: hypothesis - default / rollbacks - default
[36m[2023-07-19 18:21:28 DEBUG] [caching:24][39m Building activity cache...
[36m[2023-07-19 18:21:28 DEBUG] [caching:35][39m Cached 2 activities
[36m[2023-07-19 18:21:28 DEBUG] [configuration:63][39m Loading configuration...
[36m[2023-07-19 18:21:28 DEBUG] [secret:78][39m Loading secrets...
[36m[2023-07-19 18:21:28 DEBUG] [secret:103][39m Done loading secrets
[36m[2023-07-19 18:21:28 DEBUG] [configuration:160][39m Loading dynamic configuration...
[32m[2023-07-19 18:21:28 INFO] [run:369][39m Running experiment: pod exists
[36m[2023-07-19 18:21:28 DEBUG] [__init__:64][39m Initializing controls
[32m[2023-07-19 18:21:28 INFO] [run:396][39m Steady-state strategy: default
[32m[2023-07-19 18:21:28 INFO] [run:400][39m Rollbacks strategy: default
[36m[2023-07-19 18:21:28 DEBUG] [__init__:450][39m No controls to apply on 'experiment'
[36m[2023-07-19 18:21:28 DEBUG] [run:563][39m Running steady-state hypothesis before the method
[32m[2023-07-19 18:21:28 INFO] [hypothesis:186][39m Steady state hypothesis: deployment works
[36m[2023-07-19 18:21:28 DEBUG] [__init__:450][39m No controls to apply on 'hypothesis'
[36m[2023-07-19 18:21:28 DEBUG] [__init__:450][39m No controls to apply on 'activity'
[32m[2023-07-19 18:21:28 INFO] [activity:215][39m Probe: count_pods
[36m[2023-07-19 18:21:28 DEBUG] [python:33][39m Activity 'count_pods' loaded from '/home/ubuntu/.venvs/chaostk/lib/python3.10/site-packages/chaosk8s/pod/probes.py'
[36m[2023-07-19 18:21:28 DEBUG] [probes:252][39m Found 1 pods matching label 'app=sample-app' in ns 'default'
[36m[2023-07-19 18:21:28 DEBUG] [activity:237][39m   => succeeded with '1'
[36m[2023-07-19 18:21:28 DEBUG] [__init__:450][39m No controls to apply on 'activity'
[36m[2023-07-19 18:21:28 DEBUG] [hypothesis:226][39m allowed tolerance is 1
[32m[2023-07-19 18:21:28 INFO] [hypothesis:236][39m Steady state hypothesis is met!
[36m[2023-07-19 18:21:28 DEBUG] [__init__:450][39m No controls to apply on 'hypothesis'
[32m[2023-07-19 18:21:28 INFO] [run:684][39m Playing your experiment's method now...
[36m[2023-07-19 18:21:28 DEBUG] [__init__:450][39m No controls to apply on 'method'
[36m[2023-07-19 18:21:28 DEBUG] [__init__:450][39m No controls to apply on 'activity'
[32m[2023-07-19 18:21:28 INFO] [activity:215][39m Action: terminate_pods
[36m[2023-07-19 18:21:28 DEBUG] [python:33][39m Activity 'terminate_pods' loaded from '/home/ubuntu/.venvs/chaostk/lib/python3.10/site-packages/chaosk8s/pod/actions.py'
[36m[2023-07-19 18:21:28 DEBUG] [actions:232][39m Found 1 pods labelled 'app=sample-app' in ns default
[36m[2023-07-19 18:21:28 DEBUG] [activity:237][39m   => succeeded with '[]'
[36m[2023-07-19 18:21:28 DEBUG] [__init__:450][39m No controls to apply on 'activity'
[36m[2023-07-19 18:21:28 DEBUG] [__init__:450][39m No controls to apply on 'method'
[36m[2023-07-19 18:21:28 DEBUG] [run:603][39m Running steady-state hypothesis after the method
[32m[2023-07-19 18:21:28 INFO] [hypothesis:186][39m Steady state hypothesis: deployment works
[36m[2023-07-19 18:21:28 DEBUG] [__init__:450][39m No controls to apply on 'hypothesis'
[36m[2023-07-19 18:21:28 DEBUG] [__init__:450][39m No controls to apply on 'activity'
[32m[2023-07-19 18:21:28 INFO] [activity:215][39m Probe: count_pods
[36m[2023-07-19 18:21:28 DEBUG] [python:33][39m Activity 'count_pods' loaded from '/home/ubuntu/.venvs/chaostk/lib/python3.10/site-packages/chaosk8s/pod/probes.py'
[36m[2023-07-19 18:21:28 DEBUG] [probes:252][39m Found 1 pods matching label 'app=sample-app' in ns 'default'
[36m[2023-07-19 18:21:28 DEBUG] [activity:237][39m   => succeeded with '1'
[36m[2023-07-19 18:21:28 DEBUG] [__init__:450][39m No controls to apply on 'activity'
[36m[2023-07-19 18:21:28 DEBUG] [hypothesis:226][39m allowed tolerance is 1
[32m[2023-07-19 18:21:28 INFO] [hypothesis:236][39m Steady state hypothesis is met!
[36m[2023-07-19 18:21:28 DEBUG] [__init__:450][39m No controls to apply on 'hypothesis'
[32m[2023-07-19 18:21:28 INFO] [run:964][39m Let's rollback...
[36m[2023-07-19 18:21:28 DEBUG] [__init__:450][39m No controls to apply on 'rollback'
[32m[2023-07-19 18:21:28 INFO] [rollback:31][39m No declared rollbacks, let's move on.
[36m[2023-07-19 18:21:28 DEBUG] [__init__:450][39m No controls to apply on 'rollback'
[32m[2023-07-19 18:21:28 INFO] [run:515][39m Experiment ended with status: completed
[36m[2023-07-19 18:21:28 DEBUG] [__init__:450][39m No controls to apply on 'experiment'
[36m[2023-07-19 18:21:28 DEBUG] [__init__:103][39m Cleaning up controls
[36m[2023-07-19 18:21:28 DEBUG] [caching:42][39m Clearing activities cache
[36m[2023-07-19 18:22:22 DEBUG] [cli:114][39m ###############################################################################
[36m[2023-07-19 18:22:22 DEBUG] [cli:115][39m Running command 'run'
[36m[2023-07-19 18:22:22 DEBUG] [cli:119][39m Using settings file '/home/ubuntu/.chaostoolkit/settings.yaml'
[36m[2023-07-19 18:22:22 DEBUG] [settings:30][39m The Chaos Toolkit settings file could not be found at '/home/ubuntu/.chaostoolkit/settings.yaml'.
[36m[2023-07-19 18:22:22 DEBUG] [__init__:450][39m No controls to apply on 'loader'
[36m[2023-07-19 18:22:22 DEBUG] [__init__:450][39m No controls to apply on 'loader'
[36m[2023-07-19 18:22:22 DEBUG] [caching:24][39m Building activity cache...
[36m[2023-07-19 18:22:22 DEBUG] [caching:35][39m Cached 2 activities
[32m[2023-07-19 18:22:22 INFO] [experiment:58][39m Validating the experiment's syntax
[36m[2023-07-19 18:22:22 DEBUG] [configuration:63][39m Loading configuration...
[36m[2023-07-19 18:22:22 DEBUG] [secret:78][39m Loading secrets...
[36m[2023-07-19 18:22:22 DEBUG] [secret:103][39m Done loading secrets
[32m[2023-07-19 18:22:23 INFO] [experiment:109][39m Experiment looks valid
[36m[2023-07-19 18:22:23 DEBUG] [caching:42][39m Clearing activities cache
[36m[2023-07-19 18:22:23 DEBUG] [cli:314][39m Runtime strategies: hypothesis - default / rollbacks - default
[36m[2023-07-19 18:22:23 DEBUG] [caching:24][39m Building activity cache...
[36m[2023-07-19 18:22:23 DEBUG] [caching:35][39m Cached 2 activities
[36m[2023-07-19 18:22:23 DEBUG] [configuration:63][39m Loading configuration...
[36m[2023-07-19 18:22:23 DEBUG] [secret:78][39m Loading secrets...
[36m[2023-07-19 18:22:23 DEBUG] [secret:103][39m Done loading secrets
[36m[2023-07-19 18:22:23 DEBUG] [configuration:160][39m Loading dynamic configuration...
[32m[2023-07-19 18:22:23 INFO] [run:369][39m Running experiment: pod exists
[36m[2023-07-19 18:22:23 DEBUG] [__init__:64][39m Initializing controls
[32m[2023-07-19 18:22:23 INFO] [run:396][39m Steady-state strategy: default
[32m[2023-07-19 18:22:23 INFO] [run:400][39m Rollbacks strategy: default
[36m[2023-07-19 18:22:23 DEBUG] [__init__:450][39m No controls to apply on 'experiment'
[36m[2023-07-19 18:22:23 DEBUG] [run:563][39m Running steady-state hypothesis before the method
[32m[2023-07-19 18:22:23 INFO] [hypothesis:186][39m Steady state hypothesis: deployment works
[36m[2023-07-19 18:22:23 DEBUG] [__init__:450][39m No controls to apply on 'hypothesis'
[36m[2023-07-19 18:22:23 DEBUG] [__init__:450][39m No controls to apply on 'activity'
[32m[2023-07-19 18:22:23 INFO] [activity:215][39m Probe: count_pods
[36m[2023-07-19 18:22:23 DEBUG] [python:33][39m Activity 'count_pods' loaded from '/home/ubuntu/.venvs/chaostk/lib/python3.10/site-packages/chaosk8s/pod/probes.py'
[36m[2023-07-19 18:22:23 DEBUG] [probes:252][39m Found 1 pods matching label 'app=sample-app' in ns 'default'
[36m[2023-07-19 18:22:23 DEBUG] [activity:237][39m   => succeeded with '1'
[36m[2023-07-19 18:22:23 DEBUG] [__init__:450][39m No controls to apply on 'activity'
[36m[2023-07-19 18:22:23 DEBUG] [hypothesis:226][39m allowed tolerance is 1
[32m[2023-07-19 18:22:23 INFO] [hypothesis:236][39m Steady state hypothesis is met!
[36m[2023-07-19 18:22:23 DEBUG] [__init__:450][39m No controls to apply on 'hypothesis'
[32m[2023-07-19 18:22:23 INFO] [run:684][39m Playing your experiment's method now...
[36m[2023-07-19 18:22:23 DEBUG] [__init__:450][39m No controls to apply on 'method'
[36m[2023-07-19 18:22:23 DEBUG] [__init__:450][39m No controls to apply on 'activity'
[32m[2023-07-19 18:22:23 INFO] [activity:215][39m Action: terminate_pods
[36m[2023-07-19 18:22:23 DEBUG] [python:33][39m Activity 'terminate_pods' loaded from '/home/ubuntu/.venvs/chaostk/lib/python3.10/site-packages/chaosk8s/pod/actions.py'
[36m[2023-07-19 18:22:23 DEBUG] [actions:232][39m Found 1 pods labelled 'app=sample-app' in ns default
[36m[2023-07-19 18:22:23 DEBUG] [actions:245][39m Pod 'sample-app-6b978b7ff4-md96m' match pattern
[36m[2023-07-19 18:22:23 DEBUG] [activity:237][39m   => succeeded with '['sample-app-6b978b7ff4-md96m']'
[36m[2023-07-19 18:22:23 DEBUG] [__init__:450][39m No controls to apply on 'activity'
[36m[2023-07-19 18:22:23 DEBUG] [__init__:450][39m No controls to apply on 'method'
[36m[2023-07-19 18:22:23 DEBUG] [run:603][39m Running steady-state hypothesis after the method
[32m[2023-07-19 18:22:23 INFO] [hypothesis:186][39m Steady state hypothesis: deployment works
[36m[2023-07-19 18:22:23 DEBUG] [__init__:450][39m No controls to apply on 'hypothesis'
[36m[2023-07-19 18:22:23 DEBUG] [__init__:450][39m No controls to apply on 'activity'
[32m[2023-07-19 18:22:23 INFO] [activity:215][39m Probe: count_pods
[36m[2023-07-19 18:22:23 DEBUG] [python:33][39m Activity 'count_pods' loaded from '/home/ubuntu/.venvs/chaostk/lib/python3.10/site-packages/chaosk8s/pod/probes.py'
[36m[2023-07-19 18:22:23 DEBUG] [probes:252][39m Found 1 pods matching label 'app=sample-app' in ns 'default'
[36m[2023-07-19 18:22:23 DEBUG] [activity:237][39m   => succeeded with '1'
[36m[2023-07-19 18:22:23 DEBUG] [__init__:450][39m No controls to apply on 'activity'
[36m[2023-07-19 18:22:23 DEBUG] [hypothesis:226][39m allowed tolerance is 1
[32m[2023-07-19 18:22:23 INFO] [hypothesis:236][39m Steady state hypothesis is met!
[36m[2023-07-19 18:22:23 DEBUG] [__init__:450][39m No controls to apply on 'hypothesis'
[32m[2023-07-19 18:22:23 INFO] [run:964][39m Let's rollback...
[36m[2023-07-19 18:22:23 DEBUG] [__init__:450][39m No controls to apply on 'rollback'
[32m[2023-07-19 18:22:23 INFO] [rollback:31][39m No declared rollbacks, let's move on.
[36m[2023-07-19 18:22:23 DEBUG] [__init__:450][39m No controls to apply on 'rollback'
[32m[2023-07-19 18:22:23 INFO] [run:515][39m Experiment ended with status: completed
[36m[2023-07-19 18:22:23 DEBUG] [__init__:450][39m No controls to apply on 'experiment'
[36m[2023-07-19 18:22:23 DEBUG] [__init__:103][39m Cleaning up controls
[36m[2023-07-19 18:22:23 DEBUG] [caching:42][39m Clearing activities cache
[36m[2023-07-19 18:23:00 DEBUG] [cli:114][39m ###############################################################################
[36m[2023-07-19 18:23:00 DEBUG] [cli:115][39m Running command 'run'
[36m[2023-07-19 18:23:00 DEBUG] [cli:119][39m Using settings file '/home/ubuntu/.chaostoolkit/settings.yaml'
[36m[2023-07-19 18:23:00 DEBUG] [settings:30][39m The Chaos Toolkit settings file could not be found at '/home/ubuntu/.chaostoolkit/settings.yaml'.
[36m[2023-07-19 18:23:00 DEBUG] [__init__:450][39m No controls to apply on 'loader'
[36m[2023-07-19 18:23:00 DEBUG] [__init__:450][39m No controls to apply on 'loader'
[36m[2023-07-19 18:23:00 DEBUG] [caching:24][39m Building activity cache...
[36m[2023-07-19 18:23:00 DEBUG] [caching:35][39m Cached 2 activities
[32m[2023-07-19 18:23:00 INFO] [experiment:58][39m Validating the experiment's syntax
[36m[2023-07-19 18:23:00 DEBUG] [configuration:63][39m Loading configuration...
[36m[2023-07-19 18:23:00 DEBUG] [secret:78][39m Loading secrets...
[36m[2023-07-19 18:23:00 DEBUG] [secret:103][39m Done loading secrets
[32m[2023-07-19 18:23:01 INFO] [experiment:109][39m Experiment looks valid
[36m[2023-07-19 18:23:01 DEBUG] [caching:42][39m Clearing activities cache
[36m[2023-07-19 18:23:01 DEBUG] [cli:314][39m Runtime strategies: hypothesis - default / rollbacks - default
[36m[2023-07-19 18:23:01 DEBUG] [caching:24][39m Building activity cache...
[36m[2023-07-19 18:23:01 DEBUG] [caching:35][39m Cached 2 activities
[36m[2023-07-19 18:23:01 DEBUG] [configuration:63][39m Loading configuration...
[36m[2023-07-19 18:23:01 DEBUG] [secret:78][39m Loading secrets...
[36m[2023-07-19 18:23:01 DEBUG] [secret:103][39m Done loading secrets
[36m[2023-07-19 18:23:01 DEBUG] [configuration:160][39m Loading dynamic configuration...
[32m[2023-07-19 18:23:01 INFO] [run:369][39m Running experiment: pod exists
[36m[2023-07-19 18:23:01 DEBUG] [__init__:64][39m Initializing controls
[32m[2023-07-19 18:23:01 INFO] [run:396][39m Steady-state strategy: default
[32m[2023-07-19 18:23:01 INFO] [run:400][39m Rollbacks strategy: default
[36m[2023-07-19 18:23:01 DEBUG] [__init__:450][39m No controls to apply on 'experiment'
[36m[2023-07-19 18:23:01 DEBUG] [run:563][39m Running steady-state hypothesis before the method
[32m[2023-07-19 18:23:01 INFO] [hypothesis:186][39m Steady state hypothesis: deployment works
[36m[2023-07-19 18:23:01 DEBUG] [__init__:450][39m No controls to apply on 'hypothesis'
[36m[2023-07-19 18:23:01 DEBUG] [__init__:450][39m No controls to apply on 'activity'
[32m[2023-07-19 18:23:01 INFO] [activity:215][39m Probe: count_pods
[36m[2023-07-19 18:23:01 DEBUG] [python:33][39m Activity 'count_pods' loaded from '/home/ubuntu/.venvs/chaostk/lib/python3.10/site-packages/chaosk8s/pod/probes.py'
[36m[2023-07-19 18:23:01 DEBUG] [probes:252][39m Found 1 pods matching label 'app=sample-app' in ns 'default'
[36m[2023-07-19 18:23:01 DEBUG] [activity:237][39m   => succeeded with '1'
[36m[2023-07-19 18:23:01 DEBUG] [__init__:450][39m No controls to apply on 'activity'
[36m[2023-07-19 18:23:01 DEBUG] [hypothesis:226][39m allowed tolerance is 1
[32m[2023-07-19 18:23:01 INFO] [hypothesis:236][39m Steady state hypothesis is met!
[36m[2023-07-19 18:23:01 DEBUG] [__init__:450][39m No controls to apply on 'hypothesis'
[32m[2023-07-19 18:23:01 INFO] [run:684][39m Playing your experiment's method now...
[36m[2023-07-19 18:23:01 DEBUG] [__init__:450][39m No controls to apply on 'method'
[36m[2023-07-19 18:23:01 DEBUG] [__init__:450][39m No controls to apply on 'activity'
[32m[2023-07-19 18:23:01 INFO] [activity:215][39m Action: terminate_pods
[36m[2023-07-19 18:23:01 DEBUG] [python:33][39m Activity 'terminate_pods' loaded from '/home/ubuntu/.venvs/chaostk/lib/python3.10/site-packages/chaosk8s/pod/actions.py'
[36m[2023-07-19 18:23:01 DEBUG] [actions:232][39m Found 1 pods labelled 'app=sample-app' in ns default
[36m[2023-07-19 18:23:01 DEBUG] [actions:245][39m Pod 'sample-app-6b978b7ff4-4zfk7' match pattern
[36m[2023-07-19 18:23:01 DEBUG] [activity:237][39m   => succeeded with '['sample-app-6b978b7ff4-4zfk7']'
[36m[2023-07-19 18:23:01 DEBUG] [__init__:450][39m No controls to apply on 'activity'
[36m[2023-07-19 18:23:01 DEBUG] [__init__:450][39m No controls to apply on 'method'
[36m[2023-07-19 18:23:01 DEBUG] [run:603][39m Running steady-state hypothesis after the method
[32m[2023-07-19 18:23:01 INFO] [hypothesis:186][39m Steady state hypothesis: deployment works
[36m[2023-07-19 18:23:01 DEBUG] [__init__:450][39m No controls to apply on 'hypothesis'
[36m[2023-07-19 18:23:01 DEBUG] [__init__:450][39m No controls to apply on 'activity'
[32m[2023-07-19 18:23:01 INFO] [activity:215][39m Probe: count_pods
[36m[2023-07-19 18:23:01 DEBUG] [python:33][39m Activity 'count_pods' loaded from '/home/ubuntu/.venvs/chaostk/lib/python3.10/site-packages/chaosk8s/pod/probes.py'
[36m[2023-07-19 18:23:01 DEBUG] [probes:252][39m Found 1 pods matching label 'app=sample-app' in ns 'default'
[36m[2023-07-19 18:23:01 DEBUG] [activity:237][39m   => succeeded with '1'
[36m[2023-07-19 18:23:01 DEBUG] [__init__:450][39m No controls to apply on 'activity'
[36m[2023-07-19 18:23:01 DEBUG] [hypothesis:226][39m allowed tolerance is 1
[32m[2023-07-19 18:23:01 INFO] [hypothesis:236][39m Steady state hypothesis is met!
[36m[2023-07-19 18:23:01 DEBUG] [__init__:450][39m No controls to apply on 'hypothesis'
[32m[2023-07-19 18:23:01 INFO] [run:964][39m Let's rollback...
[36m[2023-07-19 18:23:01 DEBUG] [__init__:450][39m No controls to apply on 'rollback'
[32m[2023-07-19 18:23:01 INFO] [rollback:31][39m No declared rollbacks, let's move on.
[36m[2023-07-19 18:23:01 DEBUG] [__init__:450][39m No controls to apply on 'rollback'
[32m[2023-07-19 18:23:01 INFO] [run:515][39m Experiment ended with status: completed
[36m[2023-07-19 18:23:01 DEBUG] [__init__:450][39m No controls to apply on 'experiment'
[36m[2023-07-19 18:23:01 DEBUG] [__init__:103][39m Cleaning up controls
[36m[2023-07-19 18:23:01 DEBUG] [caching:42][39m Clearing activities cache
[36m[2023-07-19 18:23:18 DEBUG] [cli:114][39m ###############################################################################
[36m[2023-07-19 18:23:18 DEBUG] [cli:115][39m Running command 'run'
[36m[2023-07-19 18:23:18 DEBUG] [cli:119][39m Using settings file '/home/ubuntu/.chaostoolkit/settings.yaml'
[36m[2023-07-19 18:23:18 DEBUG] [settings:30][39m The Chaos Toolkit settings file could not be found at '/home/ubuntu/.chaostoolkit/settings.yaml'.
[36m[2023-07-19 18:23:18 DEBUG] [__init__:450][39m No controls to apply on 'loader'
[36m[2023-07-19 18:23:18 DEBUG] [__init__:450][39m No controls to apply on 'loader'
[36m[2023-07-19 18:23:18 DEBUG] [caching:24][39m Building activity cache...
[36m[2023-07-19 18:23:18 DEBUG] [caching:35][39m Cached 2 activities
[32m[2023-07-19 18:23:18 INFO] [experiment:58][39m Validating the experiment's syntax
[36m[2023-07-19 18:23:18 DEBUG] [configuration:63][39m Loading configuration...
[36m[2023-07-19 18:23:18 DEBUG] [secret:78][39m Loading secrets...
[36m[2023-07-19 18:23:18 DEBUG] [secret:103][39m Done loading secrets
[32m[2023-07-19 18:23:19 INFO] [experiment:109][39m Experiment looks valid
[36m[2023-07-19 18:23:19 DEBUG] [caching:42][39m Clearing activities cache
[36m[2023-07-19 18:23:19 DEBUG] [cli:314][39m Runtime strategies: hypothesis - default / rollbacks - default
[36m[2023-07-19 18:23:19 DEBUG] [caching:24][39m Building activity cache...
[36m[2023-07-19 18:23:19 DEBUG] [caching:35][39m Cached 2 activities
[36m[2023-07-19 18:23:19 DEBUG] [configuration:63][39m Loading configuration...
[36m[2023-07-19 18:23:19 DEBUG] [secret:78][39m Loading secrets...
[36m[2023-07-19 18:23:19 DEBUG] [secret:103][39m Done loading secrets
[36m[2023-07-19 18:23:19 DEBUG] [configuration:160][39m Loading dynamic configuration...
[32m[2023-07-19 18:23:19 INFO] [run:369][39m Running experiment: pod exists
[36m[2023-07-19 18:23:19 DEBUG] [__init__:64][39m Initializing controls
[32m[2023-07-19 18:23:19 INFO] [run:396][39m Steady-state strategy: default
[32m[2023-07-19 18:23:19 INFO] [run:400][39m Rollbacks strategy: default
[36m[2023-07-19 18:23:19 DEBUG] [__init__:450][39m No controls to apply on 'experiment'
[36m[2023-07-19 18:23:19 DEBUG] [run:563][39m Running steady-state hypothesis before the method
[32m[2023-07-19 18:23:19 INFO] [hypothesis:186][39m Steady state hypothesis: deployment works
[36m[2023-07-19 18:23:19 DEBUG] [__init__:450][39m No controls to apply on 'hypothesis'
[36m[2023-07-19 18:23:19 DEBUG] [__init__:450][39m No controls to apply on 'activity'
[32m[2023-07-19 18:23:19 INFO] [activity:215][39m Probe: count_pods
[36m[2023-07-19 18:23:19 DEBUG] [python:33][39m Activity 'count_pods' loaded from '/home/ubuntu/.venvs/chaostk/lib/python3.10/site-packages/chaosk8s/pod/probes.py'
[36m[2023-07-19 18:23:19 DEBUG] [probes:252][39m Found 1 pods matching label 'app=sample-app' in ns 'default'
[36m[2023-07-19 18:23:19 DEBUG] [activity:237][39m   => succeeded with '1'
[36m[2023-07-19 18:23:19 DEBUG] [__init__:450][39m No controls to apply on 'activity'
[36m[2023-07-19 18:23:19 DEBUG] [hypothesis:226][39m allowed tolerance is 1
[32m[2023-07-19 18:23:19 INFO] [hypothesis:236][39m Steady state hypothesis is met!
[36m[2023-07-19 18:23:19 DEBUG] [__init__:450][39m No controls to apply on 'hypothesis'
[32m[2023-07-19 18:23:19 INFO] [run:684][39m Playing your experiment's method now...
[36m[2023-07-19 18:23:19 DEBUG] [__init__:450][39m No controls to apply on 'method'
[36m[2023-07-19 18:23:19 DEBUG] [__init__:450][39m No controls to apply on 'activity'
[32m[2023-07-19 18:23:19 INFO] [activity:215][39m Action: terminate_pods
[36m[2023-07-19 18:23:19 DEBUG] [python:33][39m Activity 'terminate_pods' loaded from '/home/ubuntu/.venvs/chaostk/lib/python3.10/site-packages/chaosk8s/pod/actions.py'
[36m[2023-07-19 18:23:19 DEBUG] [actions:232][39m Found 1 pods labelled 'app=sample-app' in ns default
[36m[2023-07-19 18:23:19 DEBUG] [actions:245][39m Pod 'sample-app-6b978b7ff4-b6jx8' match pattern
[36m[2023-07-19 18:23:19 DEBUG] [activity:237][39m   => succeeded with '['sample-app-6b978b7ff4-b6jx8']'
[36m[2023-07-19 18:23:19 DEBUG] [__init__:450][39m No controls to apply on 'activity'
[36m[2023-07-19 18:23:19 DEBUG] [__init__:450][39m No controls to apply on 'method'
[36m[2023-07-19 18:23:19 DEBUG] [run:603][39m Running steady-state hypothesis after the method
[32m[2023-07-19 18:23:19 INFO] [hypothesis:186][39m Steady state hypothesis: deployment works
[36m[2023-07-19 18:23:19 DEBUG] [__init__:450][39m No controls to apply on 'hypothesis'
[36m[2023-07-19 18:23:19 DEBUG] [__init__:450][39m No controls to apply on 'activity'
[32m[2023-07-19 18:23:19 INFO] [activity:215][39m Probe: count_pods
[36m[2023-07-19 18:23:19 DEBUG] [python:33][39m Activity 'count_pods' loaded from '/home/ubuntu/.venvs/chaostk/lib/python3.10/site-packages/chaosk8s/pod/probes.py'
[36m[2023-07-19 18:23:19 DEBUG] [probes:252][39m Found 1 pods matching label 'app=sample-app' in ns 'default'
[36m[2023-07-19 18:23:19 DEBUG] [activity:237][39m   => succeeded with '1'
[36m[2023-07-19 18:23:19 DEBUG] [__init__:450][39m No controls to apply on 'activity'
[36m[2023-07-19 18:23:19 DEBUG] [hypothesis:226][39m allowed tolerance is 1
[32m[2023-07-19 18:23:19 INFO] [hypothesis:236][39m Steady state hypothesis is met!
[36m[2023-07-19 18:23:19 DEBUG] [__init__:450][39m No controls to apply on 'hypothesis'
[32m[2023-07-19 18:23:19 INFO] [run:964][39m Let's rollback...
[36m[2023-07-19 18:23:19 DEBUG] [__init__:450][39m No controls to apply on 'rollback'
[32m[2023-07-19 18:23:19 INFO] [rollback:31][39m No declared rollbacks, let's move on.
[36m[2023-07-19 18:23:19 DEBUG] [__init__:450][39m No controls to apply on 'rollback'
[32m[2023-07-19 18:23:19 INFO] [run:515][39m Experiment ended with status: completed
[36m[2023-07-19 18:23:19 DEBUG] [__init__:450][39m No controls to apply on 'experiment'
[36m[2023-07-19 18:23:19 DEBUG] [__init__:103][39m Cleaning up controls
[36m[2023-07-19 18:23:19 DEBUG] [caching:42][39m Clearing activities cache
